<?xml version="1.0" encoding="UTF-8"?>
<testsuites name="Inspect_Regression_Suite" time="2081.066" tests="68" failures="6" skips="0" errors="0">
   <testsuite name="RegisterUser_Regression" tests="30" failures="3" errors="0" time="1211.753" skips="0" timestamp="2021-02-18 19:09:20" hostname="ashok - OMTPGCN1132568L" id="Test Suites/Regression_Suite/RegisterUser_Suite/RegisterUser_Regression">
      <properties>
         <property name="deviceName" value=""/>
         <property name="devicePlatform" value=""/>
         <property name="logFolder" value="E:\\Inspect\\15022021\\SiteInspectAutomation\\Reports\\20210218_190906\\Regression_Suite\\RegisterUser_Suite\\RegisterUser_Regression\\20210218_190907"/>
         <property name="logFiles" value="E:\\Inspect\\15022021\\SiteInspectAutomation\\Reports\\20210218_190906\\Regression_Suite\\RegisterUser_Suite\\RegisterUser_Regression\\20210218_190907\\execution0.log"/>
         <property name="attachments" value="E:\\Inspect\\15022021\\SiteInspectAutomation\\Reports\\20210218_190906\\Regression_Suite\\RegisterUser_Suite\\RegisterUser_Regression\\20210218_190907\\1613656110771.png, E:\\Inspect\\15022021\\SiteInspectAutomation\\Reports\\20210218_190906\\Regression_Suite\\RegisterUser_Suite\\RegisterUser_Regression\\20210218_190907\\1613656180332.png, E:\\Inspect\\15022021\\SiteInspectAutomation\\Reports\\20210218_190906\\Regression_Suite\\RegisterUser_Suite\\RegisterUser_Regression\\20210218_190907\\1613656771048.png"/>
         <property name="hostName" value="ashok - OMTPGCN1132568L"/>
         <property name="os" value="Windows 10 64bit"/>
         <property name="katalonVersion" value="7.8.2.208"/>
         <property name="browser" value="Chrome 86.0.4240.75"/>
         <property name="hostAddress" value="192.168.1.11"/>
         <property name="sessionId" value="4335973661edd804ccdeb664b3a7f3c0"/>
         <property name="seleniumVersion" value="3.141.59"/>
         <property name="proxyInformation" value="ProxyInformation { proxyOption=NO_PROXY, proxyServerType=HTTP, username=, password=********, proxyServerAddress=, proxyServerPort=0, executionList=&quot;&quot;, isApplyToDesiredCapabilities=true }"/>
         <property name="platform" value="Windows 10"/>
      </properties>
      <testcase name="Test Cases/UploadDiffFiles_RegisterUser/TC_As a register user, Upload Adobe PhotoShop File and verify Uploded file in Submission Page" time="43.073" classname="Test Cases/UploadDiffFiles_RegisterUser/TC_As a register user, Upload Adobe PhotoShop File and verify Uploded file in Submission Page" status="PASSED">
         <system-out><![CDATA[2021-02-18 19:09:22 - [TEST_CASE][PASSED] - Test Cases/UploadDiffFiles_RegisterUser/TC_As a register user, Upload Adobe PhotoShop File and verify Uploded file in Submission Page: Test Cases/UploadDiffFiles_RegisterUser/TC_As a register user, Upload Adobe PhotoShop File and verify Uploded file in Submission Page

2021-02-18 19:09:22 - [TEST_STEP][PASSED] - excelTestData = findTestData("Data Files/TestData/InspectTestData"): null

2021-02-18 19:09:22 - [TEST_STEP][PASSED] - rigisterUN = excelTestData.getValue(6, 23): null

2021-02-18 19:09:22 - [TEST_STEP][PASSED] - rigisterPW = excelTestData.getValue(3, 23): null

2021-02-18 19:09:22 - [TEST_STEP][PASSED] - customKeywords.commanFunctions.uploadFileOfRegisterUser(309, rigisterUN, rigisterPW): customKeywords.commanFunctions.uploadFileOfRegisterUser is PASSED

2021-02-18 19:09:23 - [MESSAGE][INFO] - Starting 'Chrome' driver

2021-02-18 19:09:23 - [MESSAGE][INFO] - Action delay is set to 0 milliseconds

2021-02-18 19:09:34 - [MESSAGE][PASSED] - Browser is opened with url: 'https://Inspect.Stage.site.sa'

2021-02-18 19:09:36 - [MESSAGE][PASSED] - Current window maximized

2021-02-18 19:09:36 - [MESSAGE][PASSED] - Wait for page load successfully

2021-02-18 19:09:36 - [MESSAGE][PASSED] - Object 'Object Repository/LoginAndRigisterUser/LoginLink' is clickable

2021-02-18 19:09:37 - [MESSAGE][INFO] - Clicked on element with JS

2021-02-18 19:09:37 - [MESSAGE][PASSED] - Keys 'Os-anelapatla@projects.site.sa' sent to object: 'Object Repository/LoginAndRigisterUser/UserName_Email_Input'

2021-02-18 19:09:38 - [MESSAGE][PASSED] - Keys 'Test@12345' sent to object: 'Object Repository/LoginAndRigisterUser/Password_Input'

2021-02-18 19:09:39 - [MESSAGE][PASSED] - Delayed 1 second(s)

2021-02-18 19:09:39 - [MESSAGE][PASSED] - Object 'Object Repository/LoginAndRigisterUser/LoginBtn' is clickable

2021-02-18 19:09:39 - [MESSAGE][INFO] - Clicked on element with JS

2021-02-18 19:09:42 - [MESSAGE][PASSED] - Keys '0' sent to object: 'Object Repository/LoginAndRigisterUser/otpOne'

2021-02-18 19:09:42 - [MESSAGE][PASSED] - Keys '0' sent to object: 'Object Repository/LoginAndRigisterUser/otpTwo'

2021-02-18 19:09:43 - [MESSAGE][PASSED] - Keys '0' sent to object: 'Object Repository/LoginAndRigisterUser/otpThree'

2021-02-18 19:09:44 - [MESSAGE][PASSED] - Keys '0' sent to object: 'Object Repository/LoginAndRigisterUser/otpFour'

2021-02-18 19:09:45 - [MESSAGE][PASSED] - Keys '0' sent to object: 'Object Repository/LoginAndRigisterUser/otpFive'

2021-02-18 19:09:46 - [MESSAGE][INFO] - Clicked on element with JS

2021-02-18 19:09:48 - [MESSAGE][PASSED] - Object: 'Object Repository/HomePage/ChooseAFile' is clicked on

2021-02-18 19:09:50 - [MESSAGE][PASSED] - Delayed 2 second(s)

2021-02-18 19:09:52 - [MESSAGE][INFO] - Image Uploaded Sucsessfully

2021-02-18 19:09:54 - [MESSAGE][PASSED] - Delayed 2 second(s)

2021-02-18 19:09:55 - [MESSAGE][PASSED] - Text 'Adobe PhotoShop' is present on page 

2021-02-18 19:09:56 - [MESSAGE][PASSED] - Object: 'Object Repository/HomePage/Window7RadioBtn' is clicked on

2021-02-18 19:09:58 - [MESSAGE][PASSED] - Scroll to object 'Object Repository/HomePage/startAnalysis_EnableBtn' successfully

2021-02-18 19:09:58 - [MESSAGE][PASSED] - Object: 'Object Repository/HomePage/startAnalysis_EnableBtn' is clicked on

2021-02-18 19:10:01 - [MESSAGE][PASSED] - Object 'Object Repository/SubmissionPage/Submission_SearchIcon' is visible

2021-02-18 19:10:01 - [MESSAGE][PASSED] - Object 'Object Repository/SubmissionPage/Submission_SearchIcon' is visible

2021-02-18 19:10:02 - [MESSAGE][PASSED] - Actual object 'Adobe PhotoShop.psd' and expected object 'Adobe PhotoShop.psd' are equal

2021-02-18 19:10:02 - [MESSAGE][PASSED] - customKeywords.commanFunctions.uploadFileOfRegisterUser is PASSED

2021-02-18 19:10:02 - [TEST_STEP][PASSED] - customKeywords.commanFunctions.logOutAndcloseBrowser(): customKeywords.commanFunctions.logOutAndcloseBrowser is PASSED

2021-02-18 19:10:02 - [MESSAGE][PASSED] - Object 'Object Repository/LoginAndRigisterUser/AdminDD' is clickable

2021-02-18 19:10:02 - [MESSAGE][INFO] - Clicked on element with JS

2021-02-18 19:10:03 - [MESSAGE][INFO] - Clicked on element with JS

2021-02-18 19:10:04 - [MESSAGE][PASSED] - Delayed 1 second(s)

2021-02-18 19:10:05 - [MESSAGE][PASSED] - Browser is closed

2021-02-18 19:10:05 - [MESSAGE][PASSED] - customKeywords.commanFunctions.logOutAndcloseBrowser is PASSED]]></system-out>
         <system-err><![CDATA[]]></system-err>
      </testcase>
      <testcase name="Test Cases/UploadDiffFiles_RegisterUser/TC_As a register user, Upload Basic Audio File and verify Uploded file in Submission Page" time="39.028" classname="Test Cases/UploadDiffFiles_RegisterUser/TC_As a register user, Upload Basic Audio File and verify Uploded file in Submission Page" status="PASSED">
         <system-out><![CDATA[2021-02-18 19:10:05 - [TEST_CASE][PASSED] - Test Cases/UploadDiffFiles_RegisterUser/TC_As a register user, Upload Basic Audio File and verify Uploded file in Submission Page: Test Cases/UploadDiffFiles_RegisterUser/TC_As a register user, Upload Basic Audio File and verify Uploded file in Submission Page

2021-02-18 19:10:05 - [TEST_STEP][PASSED] - excelTestData = findTestData("Data Files/TestData/InspectTestData"): null

2021-02-18 19:10:05 - [TEST_STEP][PASSED] - rigisterUN = excelTestData.getValue(2, 23): null

2021-02-18 19:10:05 - [TEST_STEP][PASSED] - rigisterPW = excelTestData.getValue(3, 23): null

2021-02-18 19:10:05 - [TEST_STEP][PASSED] - customKeywords.commanFunctions.uploadFileOfRegisterUser(264, rigisterUN, rigisterPW): customKeywords.commanFunctions.uploadFileOfRegisterUser is PASSED

2021-02-18 19:10:05 - [MESSAGE][INFO] - Starting 'Chrome' driver

2021-02-18 19:10:05 - [MESSAGE][INFO] - Action delay is set to 0 milliseconds

2021-02-18 19:10:15 - [MESSAGE][PASSED] - Browser is opened with url: 'https://Inspect.Stage.site.sa'

2021-02-18 19:10:17 - [MESSAGE][PASSED] - Current window maximized

2021-02-18 19:10:17 - [MESSAGE][PASSED] - Wait for page load successfully

2021-02-18 19:10:17 - [MESSAGE][PASSED] - Object 'Object Repository/LoginAndRigisterUser/LoginLink' is clickable

2021-02-18 19:10:18 - [MESSAGE][INFO] - Clicked on element with JS

2021-02-18 19:10:18 - [MESSAGE][PASSED] - Keys 'Os-ARahman@projects.site.sa' sent to object: 'Object Repository/LoginAndRigisterUser/UserName_Email_Input'

2021-02-18 19:10:19 - [MESSAGE][PASSED] - Keys 'Test@12345' sent to object: 'Object Repository/LoginAndRigisterUser/Password_Input'

2021-02-18 19:10:20 - [MESSAGE][PASSED] - Delayed 1 second(s)

2021-02-18 19:10:20 - [MESSAGE][PASSED] - Object 'Object Repository/LoginAndRigisterUser/LoginBtn' is clickable

2021-02-18 19:10:20 - [MESSAGE][INFO] - Clicked on element with JS

2021-02-18 19:10:23 - [MESSAGE][PASSED] - Keys '0' sent to object: 'Object Repository/LoginAndRigisterUser/otpOne'

2021-02-18 19:10:24 - [MESSAGE][PASSED] - Keys '0' sent to object: 'Object Repository/LoginAndRigisterUser/otpTwo'

2021-02-18 19:10:25 - [MESSAGE][PASSED] - Keys '0' sent to object: 'Object Repository/LoginAndRigisterUser/otpThree'

2021-02-18 19:10:25 - [MESSAGE][PASSED] - Keys '0' sent to object: 'Object Repository/LoginAndRigisterUser/otpFour'

2021-02-18 19:10:26 - [MESSAGE][PASSED] - Keys '0' sent to object: 'Object Repository/LoginAndRigisterUser/otpFive'

2021-02-18 19:10:27 - [MESSAGE][INFO] - Clicked on element with JS

2021-02-18 19:10:29 - [MESSAGE][PASSED] - Object: 'Object Repository/HomePage/ChooseAFile' is clicked on

2021-02-18 19:10:31 - [MESSAGE][PASSED] - Delayed 2 second(s)

2021-02-18 19:10:33 - [MESSAGE][INFO] - Image Uploaded Sucsessfully

2021-02-18 19:10:35 - [MESSAGE][PASSED] - Delayed 2 second(s)

2021-02-18 19:10:36 - [MESSAGE][PASSED] - Text 'BasicAudio' is present on page 

2021-02-18 19:10:36 - [MESSAGE][PASSED] - Object: 'Object Repository/HomePage/Window7RadioBtn' is clicked on

2021-02-18 19:10:37 - [MESSAGE][PASSED] - Scroll to object 'Object Repository/HomePage/startAnalysis_EnableBtn' successfully

2021-02-18 19:10:38 - [MESSAGE][PASSED] - Object: 'Object Repository/HomePage/startAnalysis_EnableBtn' is clicked on

2021-02-18 19:10:40 - [MESSAGE][PASSED] - Object 'Object Repository/SubmissionPage/Submission_SearchIcon' is visible

2021-02-18 19:10:40 - [MESSAGE][PASSED] - Object 'Object Repository/SubmissionPage/Submission_SearchIcon' is visible

2021-02-18 19:10:41 - [MESSAGE][PASSED] - Actual object 'BasicAudio.au' and expected object 'BasicAudio.au' are equal

2021-02-18 19:10:41 - [MESSAGE][PASSED] - customKeywords.commanFunctions.uploadFileOfRegisterUser is PASSED

2021-02-18 19:10:41 - [TEST_STEP][PASSED] - customKeywords.commanFunctions.logOutAndcloseBrowser(): customKeywords.commanFunctions.logOutAndcloseBrowser is PASSED

2021-02-18 19:10:41 - [MESSAGE][PASSED] - Object 'Object Repository/LoginAndRigisterUser/AdminDD' is clickable

2021-02-18 19:10:42 - [MESSAGE][INFO] - Clicked on element with JS

2021-02-18 19:10:42 - [MESSAGE][INFO] - Clicked on element with JS

2021-02-18 19:10:43 - [MESSAGE][PASSED] - Delayed 1 second(s)

2021-02-18 19:10:44 - [MESSAGE][PASSED] - Browser is closed

2021-02-18 19:10:44 - [MESSAGE][PASSED] - customKeywords.commanFunctions.logOutAndcloseBrowser is PASSED]]></system-out>
         <system-err><![CDATA[]]></system-err>
      </testcase>
      <testcase name="Test Cases/UploadDiffFiles_RegisterUser/TC_As a register user, Upload CSV File and verify Uploded file in Submission Page" time="38.756" classname="Test Cases/UploadDiffFiles_RegisterUser/TC_As a register user, Upload CSV File and verify Uploded file in Submission Page" status="PASSED">
         <system-out><![CDATA[2021-02-18 19:10:44 - [TEST_CASE][PASSED] - Test Cases/UploadDiffFiles_RegisterUser/TC_As a register user, Upload CSV File and verify Uploded file in Submission Page: Test Cases/UploadDiffFiles_RegisterUser/TC_As a register user, Upload CSV File and verify Uploded file in Submission Page

2021-02-18 19:10:44 - [TEST_STEP][PASSED] - excelTestData = findTestData("Data Files/TestData/InspectTestData"): null

2021-02-18 19:10:44 - [TEST_STEP][PASSED] - rigisterUN = excelTestData.getValue(2, 23): null

2021-02-18 19:10:44 - [TEST_STEP][PASSED] - rigisterPW = excelTestData.getValue(3, 23): null

2021-02-18 19:10:44 - [TEST_STEP][PASSED] - customKeywords.commanFunctions.uploadFileOfRegisterUser(208, rigisterUN, rigisterPW): customKeywords.commanFunctions.uploadFileOfRegisterUser is PASSED

2021-02-18 19:10:44 - [MESSAGE][INFO] - Starting 'Chrome' driver

2021-02-18 19:10:44 - [MESSAGE][INFO] - Action delay is set to 0 milliseconds

2021-02-18 19:10:53 - [MESSAGE][PASSED] - Browser is opened with url: 'https://Inspect.Stage.site.sa'

2021-02-18 19:10:55 - [MESSAGE][PASSED] - Current window maximized

2021-02-18 19:10:55 - [MESSAGE][PASSED] - Wait for page load successfully

2021-02-18 19:10:56 - [MESSAGE][PASSED] - Object 'Object Repository/LoginAndRigisterUser/LoginLink' is clickable

2021-02-18 19:10:56 - [MESSAGE][INFO] - Clicked on element with JS

2021-02-18 19:10:57 - [MESSAGE][PASSED] - Keys 'Os-ARahman@projects.site.sa' sent to object: 'Object Repository/LoginAndRigisterUser/UserName_Email_Input'

2021-02-18 19:10:57 - [MESSAGE][PASSED] - Keys 'Test@12345' sent to object: 'Object Repository/LoginAndRigisterUser/Password_Input'

2021-02-18 19:10:58 - [MESSAGE][PASSED] - Delayed 1 second(s)

2021-02-18 19:10:59 - [MESSAGE][PASSED] - Object 'Object Repository/LoginAndRigisterUser/LoginBtn' is clickable

2021-02-18 19:10:59 - [MESSAGE][INFO] - Clicked on element with JS

2021-02-18 19:11:01 - [MESSAGE][PASSED] - Keys '0' sent to object: 'Object Repository/LoginAndRigisterUser/otpOne'

2021-02-18 19:11:02 - [MESSAGE][PASSED] - Keys '0' sent to object: 'Object Repository/LoginAndRigisterUser/otpTwo'

2021-02-18 19:11:03 - [MESSAGE][PASSED] - Keys '0' sent to object: 'Object Repository/LoginAndRigisterUser/otpThree'

2021-02-18 19:11:03 - [MESSAGE][PASSED] - Keys '0' sent to object: 'Object Repository/LoginAndRigisterUser/otpFour'

2021-02-18 19:11:05 - [MESSAGE][PASSED] - Keys '0' sent to object: 'Object Repository/LoginAndRigisterUser/otpFive'

2021-02-18 19:11:05 - [MESSAGE][INFO] - Clicked on element with JS

2021-02-18 19:11:07 - [MESSAGE][PASSED] - Object: 'Object Repository/HomePage/ChooseAFile' is clicked on

2021-02-18 19:11:09 - [MESSAGE][PASSED] - Delayed 2 second(s)

2021-02-18 19:11:11 - [MESSAGE][INFO] - Image Uploaded Sucsessfully

2021-02-18 19:11:13 - [MESSAGE][PASSED] - Delayed 2 second(s)

2021-02-18 19:11:14 - [MESSAGE][PASSED] - Text 'SampleCSVFile' is present on page 

2021-02-18 19:11:15 - [MESSAGE][PASSED] - Object: 'Object Repository/HomePage/Window7RadioBtn' is clicked on

2021-02-18 19:11:16 - [MESSAGE][PASSED] - Scroll to object 'Object Repository/HomePage/startAnalysis_EnableBtn' successfully

2021-02-18 19:11:17 - [MESSAGE][PASSED] - Object: 'Object Repository/HomePage/startAnalysis_EnableBtn' is clicked on

2021-02-18 19:11:19 - [MESSAGE][PASSED] - Object 'Object Repository/SubmissionPage/Submission_SearchIcon' is visible

2021-02-18 19:11:19 - [MESSAGE][PASSED] - Object 'Object Repository/SubmissionPage/Submission_SearchIcon' is visible

2021-02-18 19:11:20 - [MESSAGE][PASSED] - Actual object 'SampleCSVFile.csv' and expected object 'SampleCSVFile.csv' are equal

2021-02-18 19:11:20 - [MESSAGE][PASSED] - customKeywords.commanFunctions.uploadFileOfRegisterUser is PASSED

2021-02-18 19:11:20 - [TEST_STEP][PASSED] - customKeywords.commanFunctions.logOutAndcloseBrowser(): customKeywords.commanFunctions.logOutAndcloseBrowser is PASSED

2021-02-18 19:11:20 - [MESSAGE][PASSED] - Object 'Object Repository/LoginAndRigisterUser/AdminDD' is clickable

2021-02-18 19:11:20 - [MESSAGE][INFO] - Clicked on element with JS

2021-02-18 19:11:21 - [MESSAGE][INFO] - Clicked on element with JS

2021-02-18 19:11:22 - [MESSAGE][PASSED] - Delayed 1 second(s)

2021-02-18 19:11:23 - [MESSAGE][PASSED] - Browser is closed

2021-02-18 19:11:23 - [MESSAGE][PASSED] - customKeywords.commanFunctions.logOutAndcloseBrowser is PASSED]]></system-out>
         <system-err><![CDATA[]]></system-err>
      </testcase>
      <testcase name="Test Cases/UploadDiffFiles_RegisterUser/TC_As a register user, Upload Exe File and verify Uploded file in Submission Page" time="47.297" classname="Test Cases/UploadDiffFiles_RegisterUser/TC_As a register user, Upload Exe File and verify Uploded file in Submission Page" status="PASSED">
         <system-out><![CDATA[2021-02-18 19:11:23 - [TEST_CASE][PASSED] - Test Cases/UploadDiffFiles_RegisterUser/TC_As a register user, Upload Exe File and verify Uploded file in Submission Page: Test Cases/UploadDiffFiles_RegisterUser/TC_As a register user, Upload Exe File and verify Uploded file in Submission Page

2021-02-18 19:11:23 - [TEST_STEP][PASSED] - excelTestData = findTestData("Data Files/TestData/InspectTestData"): null

2021-02-18 19:11:23 - [TEST_STEP][PASSED] - rigisterUN = excelTestData.getValue(6, 23): null

2021-02-18 19:11:23 - [TEST_STEP][PASSED] - rigisterPW = excelTestData.getValue(3, 23): null

2021-02-18 19:11:23 - [TEST_STEP][PASSED] - customKeywords.commanFunctions.uploadFileOfRegisterUser(204, rigisterUN, rigisterPW): customKeywords.commanFunctions.uploadFileOfRegisterUser is PASSED

2021-02-18 19:11:23 - [MESSAGE][INFO] - Starting 'Chrome' driver

2021-02-18 19:11:23 - [MESSAGE][INFO] - Action delay is set to 0 milliseconds

2021-02-18 19:11:32 - [MESSAGE][PASSED] - Browser is opened with url: 'https://Inspect.Stage.site.sa'

2021-02-18 19:11:34 - [MESSAGE][PASSED] - Current window maximized

2021-02-18 19:11:34 - [MESSAGE][PASSED] - Wait for page load successfully

2021-02-18 19:11:35 - [MESSAGE][PASSED] - Object 'Object Repository/LoginAndRigisterUser/LoginLink' is clickable

2021-02-18 19:11:35 - [MESSAGE][INFO] - Clicked on element with JS

2021-02-18 19:11:36 - [MESSAGE][PASSED] - Keys 'Os-anelapatla@projects.site.sa' sent to object: 'Object Repository/LoginAndRigisterUser/UserName_Email_Input'

2021-02-18 19:11:36 - [MESSAGE][PASSED] - Keys 'Test@12345' sent to object: 'Object Repository/LoginAndRigisterUser/Password_Input'

2021-02-18 19:11:37 - [MESSAGE][PASSED] - Delayed 1 second(s)

2021-02-18 19:11:37 - [MESSAGE][PASSED] - Object 'Object Repository/LoginAndRigisterUser/LoginBtn' is clickable

2021-02-18 19:11:38 - [MESSAGE][INFO] - Clicked on element with JS

2021-02-18 19:11:46 - [MESSAGE][PASSED] - Keys '0' sent to object: 'Object Repository/LoginAndRigisterUser/otpOne'

2021-02-18 19:11:47 - [MESSAGE][PASSED] - Keys '0' sent to object: 'Object Repository/LoginAndRigisterUser/otpTwo'

2021-02-18 19:11:48 - [MESSAGE][PASSED] - Keys '0' sent to object: 'Object Repository/LoginAndRigisterUser/otpThree'

2021-02-18 19:11:49 - [MESSAGE][PASSED] - Keys '0' sent to object: 'Object Repository/LoginAndRigisterUser/otpFour'

2021-02-18 19:11:49 - [MESSAGE][PASSED] - Keys '0' sent to object: 'Object Repository/LoginAndRigisterUser/otpFive'

2021-02-18 19:11:50 - [MESSAGE][INFO] - Clicked on element with JS

2021-02-18 19:11:53 - [MESSAGE][PASSED] - Object: 'Object Repository/HomePage/ChooseAFile' is clicked on

2021-02-18 19:11:55 - [MESSAGE][PASSED] - Delayed 2 second(s)

2021-02-18 19:11:57 - [MESSAGE][INFO] - Image Uploaded Sucsessfully

2021-02-18 19:11:59 - [MESSAGE][PASSED] - Delayed 2 second(s)

2021-02-18 19:12:00 - [MESSAGE][PASSED] - Text 'readerdc_en_ka_cra_install' is present on page 

2021-02-18 19:12:00 - [MESSAGE][PASSED] - Object: 'Object Repository/HomePage/Window7RadioBtn' is clicked on

2021-02-18 19:12:01 - [MESSAGE][PASSED] - Scroll to object 'Object Repository/HomePage/startAnalysis_EnableBtn' successfully

2021-02-18 19:12:01 - [MESSAGE][PASSED] - Object: 'Object Repository/HomePage/startAnalysis_EnableBtn' is clicked on

2021-02-18 19:12:06 - [MESSAGE][PASSED] - Object 'Object Repository/SubmissionPage/Submission_SearchIcon' is visible

2021-02-18 19:12:06 - [MESSAGE][PASSED] - Object 'Object Repository/SubmissionPage/Submission_SearchIcon' is visible

2021-02-18 19:12:07 - [MESSAGE][PASSED] - Actual object 'readerdc_en_ka_cra_install.exe' and expected object 'readerdc_en_ka_cra_install.exe' are equal

2021-02-18 19:12:07 - [MESSAGE][PASSED] - customKeywords.commanFunctions.uploadFileOfRegisterUser is PASSED

2021-02-18 19:12:07 - [TEST_STEP][PASSED] - customKeywords.commanFunctions.logOutAndcloseBrowser(): customKeywords.commanFunctions.logOutAndcloseBrowser is PASSED

2021-02-18 19:12:07 - [MESSAGE][PASSED] - Object 'Object Repository/LoginAndRigisterUser/AdminDD' is clickable

2021-02-18 19:12:07 - [MESSAGE][INFO] - Clicked on element with JS

2021-02-18 19:12:08 - [MESSAGE][INFO] - Clicked on element with JS

2021-02-18 19:12:09 - [MESSAGE][PASSED] - Delayed 1 second(s)

2021-02-18 19:12:10 - [MESSAGE][PASSED] - Browser is closed

2021-02-18 19:12:10 - [MESSAGE][PASSED] - customKeywords.commanFunctions.logOutAndcloseBrowser is PASSED]]></system-out>
         <system-err><![CDATA[]]></system-err>
      </testcase>
      <testcase name="Test Cases/UploadDiffFiles_RegisterUser/TC_As a register user, Upload Graphics Interchange Format File and verify Uploded file in Submission Page" time="38.759" classname="Test Cases/UploadDiffFiles_RegisterUser/TC_As a register user, Upload Graphics Interchange Format File and verify Uploded file in Submission Page" status="PASSED">
         <system-out><![CDATA[2021-02-18 19:12:10 - [TEST_CASE][PASSED] - Test Cases/UploadDiffFiles_RegisterUser/TC_As a register user, Upload Graphics Interchange Format File and verify Uploded file in Submission Page: Test Cases/UploadDiffFiles_RegisterUser/TC_As a register user, Upload Graphics Interchange Format File and verify Uploded file in Submission Page

2021-02-18 19:12:10 - [TEST_STEP][PASSED] - excelTestData = findTestData("Data Files/TestData/InspectTestData"): null

2021-02-18 19:12:10 - [TEST_STEP][PASSED] - rigisterUN = excelTestData.getValue(2, 23): null

2021-02-18 19:12:10 - [TEST_STEP][PASSED] - rigisterPW = excelTestData.getValue(3, 23): null

2021-02-18 19:12:10 - [TEST_STEP][PASSED] - customKeywords.commanFunctions.uploadFileOfRegisterUser(288, rigisterUN, rigisterPW): customKeywords.commanFunctions.uploadFileOfRegisterUser is PASSED

2021-02-18 19:12:10 - [MESSAGE][INFO] - Starting 'Chrome' driver

2021-02-18 19:12:10 - [MESSAGE][INFO] - Action delay is set to 0 milliseconds

2021-02-18 19:12:19 - [MESSAGE][PASSED] - Browser is opened with url: 'https://Inspect.Stage.site.sa'

2021-02-18 19:12:21 - [MESSAGE][PASSED] - Current window maximized

2021-02-18 19:12:21 - [MESSAGE][PASSED] - Wait for page load successfully

2021-02-18 19:12:22 - [MESSAGE][PASSED] - Object 'Object Repository/LoginAndRigisterUser/LoginLink' is clickable

2021-02-18 19:12:22 - [MESSAGE][INFO] - Clicked on element with JS

2021-02-18 19:12:23 - [MESSAGE][PASSED] - Keys 'Os-ARahman@projects.site.sa' sent to object: 'Object Repository/LoginAndRigisterUser/UserName_Email_Input'

2021-02-18 19:12:23 - [MESSAGE][PASSED] - Keys 'Test@12345' sent to object: 'Object Repository/LoginAndRigisterUser/Password_Input'

2021-02-18 19:12:24 - [MESSAGE][PASSED] - Delayed 1 second(s)

2021-02-18 19:12:25 - [MESSAGE][PASSED] - Object 'Object Repository/LoginAndRigisterUser/LoginBtn' is clickable

2021-02-18 19:12:25 - [MESSAGE][INFO] - Clicked on element with JS

2021-02-18 19:12:27 - [MESSAGE][PASSED] - Keys '0' sent to object: 'Object Repository/LoginAndRigisterUser/otpOne'

2021-02-18 19:12:27 - [MESSAGE][PASSED] - Keys '0' sent to object: 'Object Repository/LoginAndRigisterUser/otpTwo'

2021-02-18 19:12:28 - [MESSAGE][PASSED] - Keys '0' sent to object: 'Object Repository/LoginAndRigisterUser/otpThree'

2021-02-18 19:12:29 - [MESSAGE][PASSED] - Keys '0' sent to object: 'Object Repository/LoginAndRigisterUser/otpFour'

2021-02-18 19:12:29 - [MESSAGE][PASSED] - Keys '0' sent to object: 'Object Repository/LoginAndRigisterUser/otpFive'

2021-02-18 19:12:30 - [MESSAGE][INFO] - Clicked on element with JS

2021-02-18 19:12:32 - [MESSAGE][PASSED] - Object: 'Object Repository/HomePage/ChooseAFile' is clicked on

2021-02-18 19:12:34 - [MESSAGE][PASSED] - Delayed 2 second(s)

2021-02-18 19:12:36 - [MESSAGE][INFO] - Image Uploaded Sucsessfully

2021-02-18 19:12:38 - [MESSAGE][PASSED] - Delayed 2 second(s)

2021-02-18 19:12:39 - [MESSAGE][PASSED] - Text 'Graphics Interchange Format.gif' is present on page 

2021-02-18 19:12:40 - [MESSAGE][PASSED] - Object: 'Object Repository/HomePage/Window7RadioBtn' is clicked on

2021-02-18 19:12:41 - [MESSAGE][PASSED] - Scroll to object 'Object Repository/HomePage/startAnalysis_EnableBtn' successfully

2021-02-18 19:12:43 - [MESSAGE][PASSED] - Object: 'Object Repository/HomePage/startAnalysis_EnableBtn' is clicked on

2021-02-18 19:12:45 - [MESSAGE][PASSED] - Object 'Object Repository/SubmissionPage/Submission_SearchIcon' is visible

2021-02-18 19:12:45 - [MESSAGE][PASSED] - Object 'Object Repository/SubmissionPage/Submission_SearchIcon' is visible

2021-02-18 19:12:46 - [MESSAGE][PASSED] - Actual object 'Graphics Interchange Format.gif' and expected object 'Graphics Interchange Format.gif' are equal

2021-02-18 19:12:46 - [MESSAGE][PASSED] - customKeywords.commanFunctions.uploadFileOfRegisterUser is PASSED

2021-02-18 19:12:46 - [TEST_STEP][PASSED] - customKeywords.commanFunctions.logOutAndcloseBrowser(): customKeywords.commanFunctions.logOutAndcloseBrowser is PASSED

2021-02-18 19:12:46 - [MESSAGE][PASSED] - Object 'Object Repository/LoginAndRigisterUser/AdminDD' is clickable

2021-02-18 19:12:46 - [MESSAGE][INFO] - Clicked on element with JS

2021-02-18 19:12:47 - [MESSAGE][INFO] - Clicked on element with JS

2021-02-18 19:12:48 - [MESSAGE][PASSED] - Delayed 1 second(s)

2021-02-18 19:12:49 - [MESSAGE][PASSED] - Browser is closed

2021-02-18 19:12:49 - [MESSAGE][PASSED] - customKeywords.commanFunctions.logOutAndcloseBrowser is PASSED]]></system-out>
         <system-err><![CDATA[]]></system-err>
      </testcase>
      <testcase name="Test Cases/UploadDiffFiles_RegisterUser/TC_As a register user, Upload Jar File and verify Uploded file in Submission Page" time="39.102" classname="Test Cases/UploadDiffFiles_RegisterUser/TC_As a register user, Upload Jar File and verify Uploded file in Submission Page" status="PASSED">
         <system-out><![CDATA[2021-02-18 19:12:49 - [TEST_CASE][PASSED] - Test Cases/UploadDiffFiles_RegisterUser/TC_As a register user, Upload Jar File and verify Uploded file in Submission Page: Test Cases/UploadDiffFiles_RegisterUser/TC_As a register user, Upload Jar File and verify Uploded file in Submission Page

2021-02-18 19:12:49 - [TEST_STEP][PASSED] - excelTestData = findTestData("Data Files/TestData/InspectTestData"): null

2021-02-18 19:12:49 - [TEST_STEP][PASSED] - rigisterUN = excelTestData.getValue(6, 23): null

2021-02-18 19:12:49 - [TEST_STEP][PASSED] - rigisterPW = excelTestData.getValue(3, 23): null

2021-02-18 19:12:49 - [TEST_STEP][PASSED] - customKeywords.commanFunctions.uploadFileOfRegisterUser(192, rigisterUN, rigisterPW): customKeywords.commanFunctions.uploadFileOfRegisterUser is PASSED

2021-02-18 19:12:49 - [MESSAGE][INFO] - Starting 'Chrome' driver

2021-02-18 19:12:49 - [MESSAGE][INFO] - Action delay is set to 0 milliseconds

2021-02-18 19:12:58 - [MESSAGE][PASSED] - Browser is opened with url: 'https://Inspect.Stage.site.sa'

2021-02-18 19:13:00 - [MESSAGE][PASSED] - Current window maximized

2021-02-18 19:13:00 - [MESSAGE][PASSED] - Wait for page load successfully

2021-02-18 19:13:01 - [MESSAGE][PASSED] - Object 'Object Repository/LoginAndRigisterUser/LoginLink' is clickable

2021-02-18 19:13:01 - [MESSAGE][INFO] - Clicked on element with JS

2021-02-18 19:13:02 - [MESSAGE][PASSED] - Keys 'Os-anelapatla@projects.site.sa' sent to object: 'Object Repository/LoginAndRigisterUser/UserName_Email_Input'

2021-02-18 19:13:02 - [MESSAGE][PASSED] - Keys 'Test@12345' sent to object: 'Object Repository/LoginAndRigisterUser/Password_Input'

2021-02-18 19:13:03 - [MESSAGE][PASSED] - Delayed 1 second(s)

2021-02-18 19:13:04 - [MESSAGE][PASSED] - Object 'Object Repository/LoginAndRigisterUser/LoginBtn' is clickable

2021-02-18 19:13:04 - [MESSAGE][INFO] - Clicked on element with JS

2021-02-18 19:13:06 - [MESSAGE][PASSED] - Keys '0' sent to object: 'Object Repository/LoginAndRigisterUser/otpOne'

2021-02-18 19:13:07 - [MESSAGE][PASSED] - Keys '0' sent to object: 'Object Repository/LoginAndRigisterUser/otpTwo'

2021-02-18 19:13:08 - [MESSAGE][PASSED] - Keys '0' sent to object: 'Object Repository/LoginAndRigisterUser/otpThree'

2021-02-18 19:13:09 - [MESSAGE][PASSED] - Keys '0' sent to object: 'Object Repository/LoginAndRigisterUser/otpFour'

2021-02-18 19:13:10 - [MESSAGE][PASSED] - Keys '0' sent to object: 'Object Repository/LoginAndRigisterUser/otpFive'

2021-02-18 19:13:10 - [MESSAGE][INFO] - Clicked on element with JS

2021-02-18 19:13:13 - [MESSAGE][PASSED] - Object: 'Object Repository/HomePage/ChooseAFile' is clicked on

2021-02-18 19:13:15 - [MESSAGE][PASSED] - Delayed 2 second(s)

2021-02-18 19:13:17 - [MESSAGE][INFO] - Image Uploaded Sucsessfully

2021-02-18 19:13:19 - [MESSAGE][PASSED] - Delayed 2 second(s)

2021-02-18 19:13:20 - [MESSAGE][PASSED] - Text 'commonsCode' is present on page 

2021-02-18 19:13:21 - [MESSAGE][PASSED] - Object: 'Object Repository/HomePage/Window7RadioBtn' is clicked on

2021-02-18 19:13:22 - [MESSAGE][PASSED] - Scroll to object 'Object Repository/HomePage/startAnalysis_EnableBtn' successfully

2021-02-18 19:13:22 - [MESSAGE][PASSED] - Object: 'Object Repository/HomePage/startAnalysis_EnableBtn' is clicked on

2021-02-18 19:13:24 - [MESSAGE][PASSED] - Object 'Object Repository/SubmissionPage/Submission_SearchIcon' is visible

2021-02-18 19:13:24 - [MESSAGE][PASSED] - Object 'Object Repository/SubmissionPage/Submission_SearchIcon' is visible

2021-02-18 19:13:25 - [MESSAGE][PASSED] - Actual object 'commonsCode.jar' and expected object 'commonsCode.jar' are equal

2021-02-18 19:13:25 - [MESSAGE][PASSED] - customKeywords.commanFunctions.uploadFileOfRegisterUser is PASSED

2021-02-18 19:13:25 - [TEST_STEP][PASSED] - customKeywords.commanFunctions.logOutAndcloseBrowser(): customKeywords.commanFunctions.logOutAndcloseBrowser is PASSED

2021-02-18 19:13:25 - [MESSAGE][PASSED] - Object 'Object Repository/LoginAndRigisterUser/AdminDD' is clickable

2021-02-18 19:13:25 - [MESSAGE][INFO] - Clicked on element with JS

2021-02-18 19:13:26 - [MESSAGE][INFO] - Clicked on element with JS

2021-02-18 19:13:27 - [MESSAGE][PASSED] - Delayed 1 second(s)

2021-02-18 19:13:28 - [MESSAGE][PASSED] - Browser is closed

2021-02-18 19:13:28 - [MESSAGE][PASSED] - customKeywords.commanFunctions.logOutAndcloseBrowser is PASSED]]></system-out>
         <system-err><![CDATA[]]></system-err>
      </testcase>
      <testcase name="Test Cases/UploadDiffFiles_RegisterUser/TC_As a register user, Upload Java File and verify Uploded file in Submission Page" time="42.747" classname="Test Cases/UploadDiffFiles_RegisterUser/TC_As a register user, Upload Java File and verify Uploded file in Submission Page" status="PASSED">
         <system-out><![CDATA[2021-02-18 19:13:28 - [TEST_CASE][PASSED] - Test Cases/UploadDiffFiles_RegisterUser/TC_As a register user, Upload Java File and verify Uploded file in Submission Page: Test Cases/UploadDiffFiles_RegisterUser/TC_As a register user, Upload Java File and verify Uploded file in Submission Page

2021-02-18 19:13:28 - [TEST_STEP][PASSED] - excelTestData = findTestData("Data Files/TestData/InspectTestData"): null

2021-02-18 19:13:28 - [TEST_STEP][PASSED] - rigisterUN = excelTestData.getValue(2, 23): null

2021-02-18 19:13:28 - [TEST_STEP][PASSED] - rigisterPW = excelTestData.getValue(3, 23): null

2021-02-18 19:13:28 - [TEST_STEP][PASSED] - customKeywords.commanFunctions.uploadFileOfRegisterUser(276, rigisterUN, rigisterPW): customKeywords.commanFunctions.uploadFileOfRegisterUser is PASSED

2021-02-18 19:13:28 - [MESSAGE][INFO] - Starting 'Chrome' driver

2021-02-18 19:13:28 - [MESSAGE][INFO] - Action delay is set to 0 milliseconds

2021-02-18 19:13:38 - [MESSAGE][PASSED] - Browser is opened with url: 'https://Inspect.Stage.site.sa'

2021-02-18 19:13:40 - [MESSAGE][PASSED] - Current window maximized

2021-02-18 19:13:40 - [MESSAGE][PASSED] - Wait for page load successfully

2021-02-18 19:13:40 - [MESSAGE][PASSED] - Object 'Object Repository/LoginAndRigisterUser/LoginLink' is clickable

2021-02-18 19:13:40 - [MESSAGE][INFO] - Clicked on element with JS

2021-02-18 19:13:41 - [MESSAGE][PASSED] - Keys 'Os-ARahman@projects.site.sa' sent to object: 'Object Repository/LoginAndRigisterUser/UserName_Email_Input'

2021-02-18 19:13:42 - [MESSAGE][PASSED] - Keys 'Test@12345' sent to object: 'Object Repository/LoginAndRigisterUser/Password_Input'

2021-02-18 19:13:43 - [MESSAGE][PASSED] - Delayed 1 second(s)

2021-02-18 19:13:43 - [MESSAGE][PASSED] - Object 'Object Repository/LoginAndRigisterUser/LoginBtn' is clickable

2021-02-18 19:13:43 - [MESSAGE][INFO] - Clicked on element with JS

2021-02-18 19:13:45 - [MESSAGE][PASSED] - Keys '0' sent to object: 'Object Repository/LoginAndRigisterUser/otpOne'

2021-02-18 19:13:46 - [MESSAGE][PASSED] - Keys '0' sent to object: 'Object Repository/LoginAndRigisterUser/otpTwo'

2021-02-18 19:13:48 - [MESSAGE][PASSED] - Keys '0' sent to object: 'Object Repository/LoginAndRigisterUser/otpThree'

2021-02-18 19:13:48 - [MESSAGE][PASSED] - Keys '0' sent to object: 'Object Repository/LoginAndRigisterUser/otpFour'

2021-02-18 19:13:49 - [MESSAGE][PASSED] - Keys '0' sent to object: 'Object Repository/LoginAndRigisterUser/otpFive'

2021-02-18 19:13:50 - [MESSAGE][INFO] - Clicked on element with JS

2021-02-18 19:13:53 - [MESSAGE][PASSED] - Object: 'Object Repository/HomePage/ChooseAFile' is clicked on

2021-02-18 19:13:55 - [MESSAGE][PASSED] - Delayed 2 second(s)

2021-02-18 19:13:57 - [MESSAGE][INFO] - Image Uploaded Sucsessfully

2021-02-18 19:13:59 - [MESSAGE][PASSED] - Delayed 2 second(s)

2021-02-18 19:14:00 - [MESSAGE][PASSED] - Text 'Java files' is present on page 

2021-02-18 19:14:01 - [MESSAGE][PASSED] - Object: 'Object Repository/HomePage/Window7RadioBtn' is clicked on

2021-02-18 19:14:03 - [MESSAGE][PASSED] - Scroll to object 'Object Repository/HomePage/startAnalysis_EnableBtn' successfully

2021-02-18 19:14:04 - [MESSAGE][PASSED] - Object: 'Object Repository/HomePage/startAnalysis_EnableBtn' is clicked on

2021-02-18 19:14:07 - [MESSAGE][PASSED] - Object 'Object Repository/SubmissionPage/Submission_SearchIcon' is visible

2021-02-18 19:14:07 - [MESSAGE][PASSED] - Object 'Object Repository/SubmissionPage/Submission_SearchIcon' is visible

2021-02-18 19:14:07 - [MESSAGE][PASSED] - Actual object 'Java files.java' and expected object 'Java files.java' are equal

2021-02-18 19:14:07 - [MESSAGE][PASSED] - customKeywords.commanFunctions.uploadFileOfRegisterUser is PASSED

2021-02-18 19:14:07 - [TEST_STEP][PASSED] - customKeywords.commanFunctions.logOutAndcloseBrowser(): customKeywords.commanFunctions.logOutAndcloseBrowser is PASSED

2021-02-18 19:14:08 - [MESSAGE][PASSED] - Object 'Object Repository/LoginAndRigisterUser/AdminDD' is clickable

2021-02-18 19:14:08 - [MESSAGE][INFO] - Clicked on element with JS

2021-02-18 19:14:09 - [MESSAGE][INFO] - Clicked on element with JS

2021-02-18 19:14:10 - [MESSAGE][PASSED] - Delayed 1 second(s)

2021-02-18 19:14:10 - [MESSAGE][PASSED] - Browser is closed

2021-02-18 19:14:10 - [MESSAGE][PASSED] - customKeywords.commanFunctions.logOutAndcloseBrowser is PASSED]]></system-out>
         <system-err><![CDATA[]]></system-err>
      </testcase>
      <testcase name="Test Cases/UploadDiffFiles_RegisterUser/TC_As a register user, Upload JPEG graphic File and verify Uploded file in Submission Page" time="39.675" classname="Test Cases/UploadDiffFiles_RegisterUser/TC_As a register user, Upload JPEG graphic File and verify Uploded file in Submission Page" status="PASSED">
         <system-out><![CDATA[2021-02-18 19:14:10 - [TEST_CASE][PASSED] - Test Cases/UploadDiffFiles_RegisterUser/TC_As a register user, Upload JPEG graphic File and verify Uploded file in Submission Page: Test Cases/UploadDiffFiles_RegisterUser/TC_As a register user, Upload JPEG graphic File and verify Uploded file in Submission Page

2021-02-18 19:14:11 - [TEST_STEP][PASSED] - excelTestData = findTestData("Data Files/TestData/InspectTestData"): null

2021-02-18 19:14:11 - [TEST_STEP][PASSED] - rigisterUN = excelTestData.getValue(2, 23): null

2021-02-18 19:14:11 - [TEST_STEP][PASSED] - rigisterPW = excelTestData.getValue(3, 23): null

2021-02-18 19:14:11 - [TEST_STEP][PASSED] - customKeywords.commanFunctions.uploadFileOfRegisterUser(292, rigisterUN, rigisterPW): customKeywords.commanFunctions.uploadFileOfRegisterUser is PASSED

2021-02-18 19:14:11 - [MESSAGE][INFO] - Starting 'Chrome' driver

2021-02-18 19:14:11 - [MESSAGE][INFO] - Action delay is set to 0 milliseconds

2021-02-18 19:14:20 - [MESSAGE][PASSED] - Browser is opened with url: 'https://Inspect.Stage.site.sa'

2021-02-18 19:14:22 - [MESSAGE][PASSED] - Current window maximized

2021-02-18 19:14:22 - [MESSAGE][PASSED] - Wait for page load successfully

2021-02-18 19:14:22 - [MESSAGE][PASSED] - Object 'Object Repository/LoginAndRigisterUser/LoginLink' is clickable

2021-02-18 19:14:23 - [MESSAGE][INFO] - Clicked on element with JS

2021-02-18 19:14:23 - [MESSAGE][PASSED] - Keys 'Os-ARahman@projects.site.sa' sent to object: 'Object Repository/LoginAndRigisterUser/UserName_Email_Input'

2021-02-18 19:14:24 - [MESSAGE][PASSED] - Keys 'Test@12345' sent to object: 'Object Repository/LoginAndRigisterUser/Password_Input'

2021-02-18 19:14:25 - [MESSAGE][PASSED] - Delayed 1 second(s)

2021-02-18 19:14:25 - [MESSAGE][PASSED] - Object 'Object Repository/LoginAndRigisterUser/LoginBtn' is clickable

2021-02-18 19:14:25 - [MESSAGE][INFO] - Clicked on element with JS

2021-02-18 19:14:27 - [MESSAGE][PASSED] - Keys '0' sent to object: 'Object Repository/LoginAndRigisterUser/otpOne'

2021-02-18 19:14:28 - [MESSAGE][PASSED] - Keys '0' sent to object: 'Object Repository/LoginAndRigisterUser/otpTwo'

2021-02-18 19:14:28 - [MESSAGE][PASSED] - Keys '0' sent to object: 'Object Repository/LoginAndRigisterUser/otpThree'

2021-02-18 19:14:30 - [MESSAGE][PASSED] - Keys '0' sent to object: 'Object Repository/LoginAndRigisterUser/otpFour'

2021-02-18 19:14:30 - [MESSAGE][PASSED] - Keys '0' sent to object: 'Object Repository/LoginAndRigisterUser/otpFive'

2021-02-18 19:14:31 - [MESSAGE][INFO] - Clicked on element with JS

2021-02-18 19:14:34 - [MESSAGE][PASSED] - Object: 'Object Repository/HomePage/ChooseAFile' is clicked on

2021-02-18 19:14:36 - [MESSAGE][PASSED] - Delayed 2 second(s)

2021-02-18 19:14:38 - [MESSAGE][INFO] - Image Uploaded Sucsessfully

2021-02-18 19:14:40 - [MESSAGE][PASSED] - Delayed 2 second(s)

2021-02-18 19:14:41 - [MESSAGE][PASSED] - Text 'JPEG graphic' is present on page 

2021-02-18 19:14:42 - [MESSAGE][PASSED] - Object: 'Object Repository/HomePage/Window7RadioBtn' is clicked on

2021-02-18 19:14:44 - [MESSAGE][PASSED] - Scroll to object 'Object Repository/HomePage/startAnalysis_EnableBtn' successfully

2021-02-18 19:14:45 - [MESSAGE][PASSED] - Object: 'Object Repository/HomePage/startAnalysis_EnableBtn' is clicked on

2021-02-18 19:14:46 - [MESSAGE][PASSED] - Object 'Object Repository/SubmissionPage/Submission_SearchIcon' is visible

2021-02-18 19:14:47 - [MESSAGE][PASSED] - Object 'Object Repository/SubmissionPage/Submission_SearchIcon' is visible

2021-02-18 19:14:47 - [MESSAGE][PASSED] - Actual object 'JPEG graphic.jpg' and expected object 'JPEG graphic.jpg' are equal

2021-02-18 19:14:47 - [MESSAGE][PASSED] - customKeywords.commanFunctions.uploadFileOfRegisterUser is PASSED

2021-02-18 19:14:47 - [TEST_STEP][PASSED] - customKeywords.commanFunctions.logOutAndcloseBrowser(): customKeywords.commanFunctions.logOutAndcloseBrowser is PASSED

2021-02-18 19:14:48 - [MESSAGE][PASSED] - Object 'Object Repository/LoginAndRigisterUser/AdminDD' is clickable

2021-02-18 19:14:48 - [MESSAGE][INFO] - Clicked on element with JS

2021-02-18 19:14:48 - [MESSAGE][INFO] - Clicked on element with JS

2021-02-18 19:14:49 - [MESSAGE][PASSED] - Delayed 1 second(s)

2021-02-18 19:14:50 - [MESSAGE][PASSED] - Browser is closed

2021-02-18 19:14:50 - [MESSAGE][PASSED] - customKeywords.commanFunctions.logOutAndcloseBrowser is PASSED]]></system-out>
         <system-err><![CDATA[]]></system-err>
      </testcase>
      <testcase name="Test Cases/UploadDiffFiles_RegisterUser/TC_As a register user, Upload MacPaint File and verify Uploded file in Submission Page" time="36.641" classname="Test Cases/UploadDiffFiles_RegisterUser/TC_As a register user, Upload MacPaint File and verify Uploded file in Submission Page" status="PASSED">
         <system-out><![CDATA[2021-02-18 19:14:50 - [TEST_CASE][PASSED] - Test Cases/UploadDiffFiles_RegisterUser/TC_As a register user, Upload MacPaint File and verify Uploded file in Submission Page: Test Cases/UploadDiffFiles_RegisterUser/TC_As a register user, Upload MacPaint File and verify Uploded file in Submission Page

2021-02-18 19:14:50 - [TEST_STEP][PASSED] - excelTestData = findTestData("Data Files/TestData/InspectTestData"): null

2021-02-18 19:14:50 - [TEST_STEP][PASSED] - rigisterUN = excelTestData.getValue(6, 23): null

2021-02-18 19:14:50 - [TEST_STEP][PASSED] - rigisterPW = excelTestData.getValue(3, 23): null

2021-02-18 19:14:50 - [TEST_STEP][PASSED] - customKeywords.commanFunctions.uploadFileOfRegisterUser(296, rigisterUN, rigisterPW): customKeywords.commanFunctions.uploadFileOfRegisterUser is PASSED

2021-02-18 19:14:50 - [MESSAGE][INFO] - Starting 'Chrome' driver

2021-02-18 19:14:50 - [MESSAGE][INFO] - Action delay is set to 0 milliseconds

2021-02-18 19:14:59 - [MESSAGE][PASSED] - Browser is opened with url: 'https://Inspect.Stage.site.sa'

2021-02-18 19:15:02 - [MESSAGE][PASSED] - Current window maximized

2021-02-18 19:15:02 - [MESSAGE][PASSED] - Wait for page load successfully

2021-02-18 19:15:02 - [MESSAGE][PASSED] - Object 'Object Repository/LoginAndRigisterUser/LoginLink' is clickable

2021-02-18 19:15:02 - [MESSAGE][INFO] - Clicked on element with JS

2021-02-18 19:15:03 - [MESSAGE][PASSED] - Keys 'Os-anelapatla@projects.site.sa' sent to object: 'Object Repository/LoginAndRigisterUser/UserName_Email_Input'

2021-02-18 19:15:03 - [MESSAGE][PASSED] - Keys 'Test@12345' sent to object: 'Object Repository/LoginAndRigisterUser/Password_Input'

2021-02-18 19:15:04 - [MESSAGE][PASSED] - Delayed 1 second(s)

2021-02-18 19:15:05 - [MESSAGE][PASSED] - Object 'Object Repository/LoginAndRigisterUser/LoginBtn' is clickable

2021-02-18 19:15:05 - [MESSAGE][INFO] - Clicked on element with JS

2021-02-18 19:15:07 - [MESSAGE][PASSED] - Keys '0' sent to object: 'Object Repository/LoginAndRigisterUser/otpOne'

2021-02-18 19:15:08 - [MESSAGE][PASSED] - Keys '0' sent to object: 'Object Repository/LoginAndRigisterUser/otpTwo'

2021-02-18 19:15:08 - [MESSAGE][PASSED] - Keys '0' sent to object: 'Object Repository/LoginAndRigisterUser/otpThree'

2021-02-18 19:15:09 - [MESSAGE][PASSED] - Keys '0' sent to object: 'Object Repository/LoginAndRigisterUser/otpFour'

2021-02-18 19:15:10 - [MESSAGE][PASSED] - Keys '0' sent to object: 'Object Repository/LoginAndRigisterUser/otpFive'

2021-02-18 19:15:10 - [MESSAGE][INFO] - Clicked on element with JS

2021-02-18 19:15:13 - [MESSAGE][PASSED] - Object: 'Object Repository/HomePage/ChooseAFile' is clicked on

2021-02-18 19:15:15 - [MESSAGE][PASSED] - Delayed 2 second(s)

2021-02-18 19:15:17 - [MESSAGE][INFO] - Image Uploaded Sucsessfully

2021-02-18 19:15:19 - [MESSAGE][PASSED] - Delayed 2 second(s)

2021-02-18 19:15:19 - [MESSAGE][PASSED] - Text 'MacPaint' is present on page 

2021-02-18 19:15:20 - [MESSAGE][PASSED] - Object: 'Object Repository/HomePage/Window7RadioBtn' is clicked on

2021-02-18 19:15:21 - [MESSAGE][PASSED] - Scroll to object 'Object Repository/HomePage/startAnalysis_EnableBtn' successfully

2021-02-18 19:15:21 - [MESSAGE][PASSED] - Object: 'Object Repository/HomePage/startAnalysis_EnableBtn' is clicked on

2021-02-18 19:15:23 - [MESSAGE][PASSED] - Object 'Object Repository/SubmissionPage/Submission_SearchIcon' is visible

2021-02-18 19:15:23 - [MESSAGE][PASSED] - Object 'Object Repository/SubmissionPage/Submission_SearchIcon' is visible

2021-02-18 19:15:24 - [MESSAGE][PASSED] - Actual object 'MacPaint.mac' and expected object 'MacPaint.mac' are equal

2021-02-18 19:15:24 - [MESSAGE][PASSED] - customKeywords.commanFunctions.uploadFileOfRegisterUser is PASSED

2021-02-18 19:15:24 - [TEST_STEP][PASSED] - customKeywords.commanFunctions.logOutAndcloseBrowser(): customKeywords.commanFunctions.logOutAndcloseBrowser is PASSED

2021-02-18 19:15:24 - [MESSAGE][PASSED] - Object 'Object Repository/LoginAndRigisterUser/AdminDD' is clickable

2021-02-18 19:15:25 - [MESSAGE][INFO] - Clicked on element with JS

2021-02-18 19:15:25 - [MESSAGE][INFO] - Clicked on element with JS

2021-02-18 19:15:26 - [MESSAGE][PASSED] - Delayed 1 second(s)

2021-02-18 19:15:27 - [MESSAGE][PASSED] - Browser is closed

2021-02-18 19:15:27 - [MESSAGE][PASSED] - customKeywords.commanFunctions.logOutAndcloseBrowser is PASSED]]></system-out>
         <system-err><![CDATA[]]></system-err>
      </testcase>
      <testcase name="Test Cases/UploadDiffFiles_RegisterUser/TC_As a register user, Upload Microsoft Word File and verify Uploded file in Submission Page" time="37.711" classname="Test Cases/UploadDiffFiles_RegisterUser/TC_As a register user, Upload Microsoft Word File and verify Uploded file in Submission Page" status="PASSED">
         <system-out><![CDATA[2021-02-18 19:15:27 - [TEST_CASE][PASSED] - Test Cases/UploadDiffFiles_RegisterUser/TC_As a register user, Upload Microsoft Word File and verify Uploded file in Submission Page: Test Cases/UploadDiffFiles_RegisterUser/TC_As a register user, Upload Microsoft Word File and verify Uploded file in Submission Page

2021-02-18 19:15:27 - [TEST_STEP][PASSED] - excelTestData = findTestData("Data Files/TestData/InspectTestData"): null

2021-02-18 19:15:27 - [TEST_STEP][PASSED] - rigisterUN = excelTestData.getValue(2, 23): null

2021-02-18 19:15:27 - [TEST_STEP][PASSED] - rigisterPW = excelTestData.getValue(3, 23): null

2021-02-18 19:15:27 - [TEST_STEP][PASSED] - customKeywords.commanFunctions.uploadFileOfRegisterUser(284, rigisterUN, rigisterPW): customKeywords.commanFunctions.uploadFileOfRegisterUser is PASSED

2021-02-18 19:15:27 - [MESSAGE][INFO] - Starting 'Chrome' driver

2021-02-18 19:15:27 - [MESSAGE][INFO] - Action delay is set to 0 milliseconds

2021-02-18 19:15:36 - [MESSAGE][PASSED] - Browser is opened with url: 'https://Inspect.Stage.site.sa'

2021-02-18 19:15:39 - [MESSAGE][PASSED] - Current window maximized

2021-02-18 19:15:39 - [MESSAGE][PASSED] - Wait for page load successfully

2021-02-18 19:15:39 - [MESSAGE][PASSED] - Object 'Object Repository/LoginAndRigisterUser/LoginLink' is clickable

2021-02-18 19:15:39 - [MESSAGE][INFO] - Clicked on element with JS

2021-02-18 19:15:40 - [MESSAGE][PASSED] - Keys 'Os-ARahman@projects.site.sa' sent to object: 'Object Repository/LoginAndRigisterUser/UserName_Email_Input'

2021-02-18 19:15:41 - [MESSAGE][PASSED] - Keys 'Test@12345' sent to object: 'Object Repository/LoginAndRigisterUser/Password_Input'

2021-02-18 19:15:42 - [MESSAGE][PASSED] - Delayed 1 second(s)

2021-02-18 19:15:42 - [MESSAGE][PASSED] - Object 'Object Repository/LoginAndRigisterUser/LoginBtn' is clickable

2021-02-18 19:15:42 - [MESSAGE][INFO] - Clicked on element with JS

2021-02-18 19:15:44 - [MESSAGE][PASSED] - Keys '0' sent to object: 'Object Repository/LoginAndRigisterUser/otpOne'

2021-02-18 19:15:45 - [MESSAGE][PASSED] - Keys '0' sent to object: 'Object Repository/LoginAndRigisterUser/otpTwo'

2021-02-18 19:15:47 - [MESSAGE][PASSED] - Keys '0' sent to object: 'Object Repository/LoginAndRigisterUser/otpThree'

2021-02-18 19:15:47 - [MESSAGE][PASSED] - Keys '0' sent to object: 'Object Repository/LoginAndRigisterUser/otpFour'

2021-02-18 19:15:48 - [MESSAGE][PASSED] - Keys '0' sent to object: 'Object Repository/LoginAndRigisterUser/otpFive'

2021-02-18 19:15:49 - [MESSAGE][INFO] - Clicked on element with JS

2021-02-18 19:15:51 - [MESSAGE][PASSED] - Object: 'Object Repository/HomePage/ChooseAFile' is clicked on

2021-02-18 19:15:53 - [MESSAGE][PASSED] - Delayed 2 second(s)

2021-02-18 19:15:55 - [MESSAGE][INFO] - Image Uploaded Sucsessfully

2021-02-18 19:15:57 - [MESSAGE][PASSED] - Delayed 2 second(s)

2021-02-18 19:15:57 - [MESSAGE][PASSED] - Text 'Microsoft Word' is present on page 

2021-02-18 19:15:58 - [MESSAGE][PASSED] - Object: 'Object Repository/HomePage/Window7RadioBtn' is clicked on

2021-02-18 19:15:59 - [MESSAGE][PASSED] - Scroll to object 'Object Repository/HomePage/startAnalysis_EnableBtn' successfully

2021-02-18 19:15:59 - [MESSAGE][PASSED] - Object: 'Object Repository/HomePage/startAnalysis_EnableBtn' is clicked on

2021-02-18 19:16:01 - [MESSAGE][PASSED] - Object 'Object Repository/SubmissionPage/Submission_SearchIcon' is visible

2021-02-18 19:16:01 - [MESSAGE][PASSED] - Object 'Object Repository/SubmissionPage/Submission_SearchIcon' is visible

2021-02-18 19:16:02 - [MESSAGE][PASSED] - Actual object 'Microsoft Word.doc' and expected object 'Microsoft Word.doc' are equal

2021-02-18 19:16:02 - [MESSAGE][PASSED] - customKeywords.commanFunctions.uploadFileOfRegisterUser is PASSED

2021-02-18 19:16:02 - [TEST_STEP][PASSED] - customKeywords.commanFunctions.logOutAndcloseBrowser(): customKeywords.commanFunctions.logOutAndcloseBrowser is PASSED

2021-02-18 19:16:02 - [MESSAGE][PASSED] - Object 'Object Repository/LoginAndRigisterUser/AdminDD' is clickable

2021-02-18 19:16:02 - [MESSAGE][INFO] - Clicked on element with JS

2021-02-18 19:16:03 - [MESSAGE][INFO] - Clicked on element with JS

2021-02-18 19:16:04 - [MESSAGE][PASSED] - Delayed 1 second(s)

2021-02-18 19:16:04 - [MESSAGE][PASSED] - Browser is closed

2021-02-18 19:16:04 - [MESSAGE][PASSED] - customKeywords.commanFunctions.logOutAndcloseBrowser is PASSED]]></system-out>
         <system-err><![CDATA[]]></system-err>
      </testcase>
      <testcase name="Test Cases/UploadDiffFiles_RegisterUser/TC_As a register user, Upload MS Access database File and verify Uploded file in Submission Page" time="38.88" classname="Test Cases/UploadDiffFiles_RegisterUser/TC_As a register user, Upload MS Access database File and verify Uploded file in Submission Page" status="PASSED">
         <system-out><![CDATA[2021-02-18 19:16:04 - [TEST_CASE][PASSED] - Test Cases/UploadDiffFiles_RegisterUser/TC_As a register user, Upload MS Access database File and verify Uploded file in Submission Page: Test Cases/UploadDiffFiles_RegisterUser/TC_As a register user, Upload MS Access database File and verify Uploded file in Submission Page

2021-02-18 19:16:05 - [TEST_STEP][PASSED] - excelTestData = findTestData("Data Files/TestData/InspectTestData"): null

2021-02-18 19:16:05 - [TEST_STEP][PASSED] - rigisterUN = excelTestData.getValue(6, 23): null

2021-02-18 19:16:05 - [TEST_STEP][PASSED] - rigisterPW = excelTestData.getValue(3, 23): null

2021-02-18 19:16:05 - [TEST_STEP][PASSED] - customKeywords.commanFunctions.uploadFileOfRegisterUser(305, rigisterUN, rigisterPW): customKeywords.commanFunctions.uploadFileOfRegisterUser is PASSED

2021-02-18 19:16:05 - [MESSAGE][INFO] - Starting 'Chrome' driver

2021-02-18 19:16:05 - [MESSAGE][INFO] - Action delay is set to 0 milliseconds

2021-02-18 19:16:15 - [MESSAGE][PASSED] - Browser is opened with url: 'https://Inspect.Stage.site.sa'

2021-02-18 19:16:17 - [MESSAGE][PASSED] - Current window maximized

2021-02-18 19:16:17 - [MESSAGE][PASSED] - Wait for page load successfully

2021-02-18 19:16:18 - [MESSAGE][PASSED] - Object 'Object Repository/LoginAndRigisterUser/LoginLink' is clickable

2021-02-18 19:16:18 - [MESSAGE][INFO] - Clicked on element with JS

2021-02-18 19:16:19 - [MESSAGE][PASSED] - Keys 'Os-anelapatla@projects.site.sa' sent to object: 'Object Repository/LoginAndRigisterUser/UserName_Email_Input'

2021-02-18 19:16:19 - [MESSAGE][PASSED] - Keys 'Test@12345' sent to object: 'Object Repository/LoginAndRigisterUser/Password_Input'

2021-02-18 19:16:20 - [MESSAGE][PASSED] - Delayed 1 second(s)

2021-02-18 19:16:21 - [MESSAGE][PASSED] - Object 'Object Repository/LoginAndRigisterUser/LoginBtn' is clickable

2021-02-18 19:16:21 - [MESSAGE][INFO] - Clicked on element with JS

2021-02-18 19:16:23 - [MESSAGE][PASSED] - Keys '0' sent to object: 'Object Repository/LoginAndRigisterUser/otpOne'

2021-02-18 19:16:24 - [MESSAGE][PASSED] - Keys '0' sent to object: 'Object Repository/LoginAndRigisterUser/otpTwo'

2021-02-18 19:16:25 - [MESSAGE][PASSED] - Keys '0' sent to object: 'Object Repository/LoginAndRigisterUser/otpThree'

2021-02-18 19:16:26 - [MESSAGE][PASSED] - Keys '0' sent to object: 'Object Repository/LoginAndRigisterUser/otpFour'

2021-02-18 19:16:27 - [MESSAGE][PASSED] - Keys '0' sent to object: 'Object Repository/LoginAndRigisterUser/otpFive'

2021-02-18 19:16:27 - [MESSAGE][INFO] - Clicked on element with JS

2021-02-18 19:16:30 - [MESSAGE][PASSED] - Object: 'Object Repository/HomePage/ChooseAFile' is clicked on

2021-02-18 19:16:32 - [MESSAGE][PASSED] - Delayed 2 second(s)

2021-02-18 19:16:34 - [MESSAGE][INFO] - Image Uploaded Sucsessfully

2021-02-18 19:16:36 - [MESSAGE][PASSED] - Delayed 2 second(s)

2021-02-18 19:16:36 - [MESSAGE][PASSED] - Text 'MS Access database' is present on page 

2021-02-18 19:16:37 - [MESSAGE][PASSED] - Object: 'Object Repository/HomePage/Window7RadioBtn' is clicked on

2021-02-18 19:16:38 - [MESSAGE][PASSED] - Scroll to object 'Object Repository/HomePage/startAnalysis_EnableBtn' successfully

2021-02-18 19:16:38 - [MESSAGE][PASSED] - Object: 'Object Repository/HomePage/startAnalysis_EnableBtn' is clicked on

2021-02-18 19:16:40 - [MESSAGE][PASSED] - Object 'Object Repository/SubmissionPage/Submission_SearchIcon' is visible

2021-02-18 19:16:40 - [MESSAGE][PASSED] - Object 'Object Repository/SubmissionPage/Submission_SearchIcon' is visible

2021-02-18 19:16:40 - [MESSAGE][PASSED] - Actual object 'MS Access database.mdb' and expected object 'MS Access database.mdb' are equal

2021-02-18 19:16:40 - [MESSAGE][PASSED] - customKeywords.commanFunctions.uploadFileOfRegisterUser is PASSED

2021-02-18 19:16:40 - [TEST_STEP][PASSED] - customKeywords.commanFunctions.logOutAndcloseBrowser(): customKeywords.commanFunctions.logOutAndcloseBrowser is PASSED

2021-02-18 19:16:41 - [MESSAGE][PASSED] - Object 'Object Repository/LoginAndRigisterUser/AdminDD' is clickable

2021-02-18 19:16:41 - [MESSAGE][INFO] - Clicked on element with JS

2021-02-18 19:16:42 - [MESSAGE][INFO] - Clicked on element with JS

2021-02-18 19:16:43 - [MESSAGE][PASSED] - Delayed 1 second(s)

2021-02-18 19:16:43 - [MESSAGE][PASSED] - Browser is closed

2021-02-18 19:16:43 - [MESSAGE][PASSED] - customKeywords.commanFunctions.logOutAndcloseBrowser is PASSED]]></system-out>
         <system-err><![CDATA[]]></system-err>
      </testcase>
      <testcase name="Test Cases/UploadDiffFiles_RegisterUser/TC_As a register user, Upload MS Works File and verify Uploded file in Submission Page" time="38.415" classname="Test Cases/UploadDiffFiles_RegisterUser/TC_As a register user, Upload MS Works File and verify Uploded file in Submission Page" status="PASSED">
         <system-out><![CDATA[2021-02-18 19:16:43 - [TEST_CASE][PASSED] - Test Cases/UploadDiffFiles_RegisterUser/TC_As a register user, Upload MS Works File and verify Uploded file in Submission Page: Test Cases/UploadDiffFiles_RegisterUser/TC_As a register user, Upload MS Works File and verify Uploded file in Submission Page

2021-02-18 19:16:43 - [TEST_STEP][PASSED] - excelTestData = findTestData("Data Files/TestData/InspectTestData"): null

2021-02-18 19:16:43 - [TEST_STEP][PASSED] - rigisterUN = excelTestData.getValue(6, 23): null

2021-02-18 19:16:43 - [TEST_STEP][PASSED] - rigisterPW = excelTestData.getValue(3, 23): null

2021-02-18 19:16:43 - [TEST_STEP][PASSED] - customKeywords.commanFunctions.uploadFileOfRegisterUser(325, rigisterUN, rigisterPW): customKeywords.commanFunctions.uploadFileOfRegisterUser is PASSED

2021-02-18 19:16:44 - [MESSAGE][INFO] - Starting 'Chrome' driver

2021-02-18 19:16:44 - [MESSAGE][INFO] - Action delay is set to 0 milliseconds

2021-02-18 19:16:53 - [MESSAGE][PASSED] - Browser is opened with url: 'https://Inspect.Stage.site.sa'

2021-02-18 19:16:55 - [MESSAGE][PASSED] - Current window maximized

2021-02-18 19:16:55 - [MESSAGE][PASSED] - Wait for page load successfully

2021-02-18 19:16:55 - [MESSAGE][PASSED] - Object 'Object Repository/LoginAndRigisterUser/LoginLink' is clickable

2021-02-18 19:16:56 - [MESSAGE][INFO] - Clicked on element with JS

2021-02-18 19:16:56 - [MESSAGE][PASSED] - Keys 'Os-anelapatla@projects.site.sa' sent to object: 'Object Repository/LoginAndRigisterUser/UserName_Email_Input'

2021-02-18 19:16:57 - [MESSAGE][PASSED] - Keys 'Test@12345' sent to object: 'Object Repository/LoginAndRigisterUser/Password_Input'

2021-02-18 19:16:58 - [MESSAGE][PASSED] - Delayed 1 second(s)

2021-02-18 19:16:58 - [MESSAGE][PASSED] - Object 'Object Repository/LoginAndRigisterUser/LoginBtn' is clickable

2021-02-18 19:16:58 - [MESSAGE][INFO] - Clicked on element with JS

2021-02-18 19:17:00 - [MESSAGE][PASSED] - Keys '0' sent to object: 'Object Repository/LoginAndRigisterUser/otpOne'

2021-02-18 19:17:02 - [MESSAGE][PASSED] - Keys '0' sent to object: 'Object Repository/LoginAndRigisterUser/otpTwo'

2021-02-18 19:17:02 - [MESSAGE][PASSED] - Keys '0' sent to object: 'Object Repository/LoginAndRigisterUser/otpThree'

2021-02-18 19:17:03 - [MESSAGE][PASSED] - Keys '0' sent to object: 'Object Repository/LoginAndRigisterUser/otpFour'

2021-02-18 19:17:03 - [MESSAGE][PASSED] - Keys '0' sent to object: 'Object Repository/LoginAndRigisterUser/otpFive'

2021-02-18 19:17:04 - [MESSAGE][INFO] - Clicked on element with JS

2021-02-18 19:17:07 - [MESSAGE][PASSED] - Object: 'Object Repository/HomePage/ChooseAFile' is clicked on

2021-02-18 19:17:09 - [MESSAGE][PASSED] - Delayed 2 second(s)

2021-02-18 19:17:11 - [MESSAGE][INFO] - Image Uploaded Sucsessfully

2021-02-18 19:17:13 - [MESSAGE][PASSED] - Delayed 2 second(s)

2021-02-18 19:17:14 - [MESSAGE][PASSED] - Text 'MS Works' is present on page 

2021-02-18 19:17:15 - [MESSAGE][PASSED] - Object: 'Object Repository/HomePage/Window7RadioBtn' is clicked on

2021-02-18 19:17:16 - [MESSAGE][PASSED] - Scroll to object 'Object Repository/HomePage/startAnalysis_EnableBtn' successfully

2021-02-18 19:17:17 - [MESSAGE][PASSED] - Object: 'Object Repository/HomePage/startAnalysis_EnableBtn' is clicked on

2021-02-18 19:17:18 - [MESSAGE][PASSED] - Object 'Object Repository/SubmissionPage/Submission_SearchIcon' is visible

2021-02-18 19:17:19 - [MESSAGE][PASSED] - Object 'Object Repository/SubmissionPage/Submission_SearchIcon' is visible

2021-02-18 19:17:19 - [MESSAGE][PASSED] - Actual object 'MS Works.wks' and expected object 'MS Works.wks' are equal

2021-02-18 19:17:19 - [MESSAGE][PASSED] - customKeywords.commanFunctions.uploadFileOfRegisterUser is PASSED

2021-02-18 19:17:19 - [TEST_STEP][PASSED] - customKeywords.commanFunctions.logOutAndcloseBrowser(): customKeywords.commanFunctions.logOutAndcloseBrowser is PASSED

2021-02-18 19:17:19 - [MESSAGE][PASSED] - Object 'Object Repository/LoginAndRigisterUser/AdminDD' is clickable

2021-02-18 19:17:20 - [MESSAGE][INFO] - Clicked on element with JS

2021-02-18 19:17:20 - [MESSAGE][INFO] - Clicked on element with JS

2021-02-18 19:17:21 - [MESSAGE][PASSED] - Delayed 1 second(s)

2021-02-18 19:17:22 - [MESSAGE][PASSED] - Browser is closed

2021-02-18 19:17:22 - [MESSAGE][PASSED] - customKeywords.commanFunctions.logOutAndcloseBrowser is PASSED]]></system-out>
         <system-err><![CDATA[]]></system-err>
      </testcase>
      <testcase name="Test Cases/UploadDiffFiles_RegisterUser/TC_As a register user, Upload Multimedia File and verify Uploded file in Submission Page" time="36.523" classname="Test Cases/UploadDiffFiles_RegisterUser/TC_As a register user, Upload Multimedia File and verify Uploded file in Submission Page" status="PASSED">
         <system-out><![CDATA[2021-02-18 19:17:22 - [TEST_CASE][PASSED] - Test Cases/UploadDiffFiles_RegisterUser/TC_As a register user, Upload Multimedia File and verify Uploded file in Submission Page: Test Cases/UploadDiffFiles_RegisterUser/TC_As a register user, Upload Multimedia File and verify Uploded file in Submission Page

2021-02-18 19:17:22 - [TEST_STEP][PASSED] - excelTestData = findTestData("Data Files/TestData/InspectTestData"): null

2021-02-18 19:17:22 - [TEST_STEP][PASSED] - rigisterUN = excelTestData.getValue(2, 23): null

2021-02-18 19:17:22 - [TEST_STEP][PASSED] - rigisterPW = excelTestData.getValue(3, 23): null

2021-02-18 19:17:22 - [TEST_STEP][PASSED] - customKeywords.commanFunctions.uploadFileOfRegisterUser(280, rigisterUN, rigisterPW): customKeywords.commanFunctions.uploadFileOfRegisterUser is PASSED

2021-02-18 19:17:22 - [MESSAGE][INFO] - Starting 'Chrome' driver

2021-02-18 19:17:22 - [MESSAGE][INFO] - Action delay is set to 0 milliseconds

2021-02-18 19:17:31 - [MESSAGE][PASSED] - Browser is opened with url: 'https://Inspect.Stage.site.sa'

2021-02-18 19:17:33 - [MESSAGE][PASSED] - Current window maximized

2021-02-18 19:17:33 - [MESSAGE][PASSED] - Wait for page load successfully

2021-02-18 19:17:34 - [MESSAGE][PASSED] - Object 'Object Repository/LoginAndRigisterUser/LoginLink' is clickable

2021-02-18 19:17:34 - [MESSAGE][INFO] - Clicked on element with JS

2021-02-18 19:17:34 - [MESSAGE][PASSED] - Keys 'Os-ARahman@projects.site.sa' sent to object: 'Object Repository/LoginAndRigisterUser/UserName_Email_Input'

2021-02-18 19:17:35 - [MESSAGE][PASSED] - Keys 'Test@12345' sent to object: 'Object Repository/LoginAndRigisterUser/Password_Input'

2021-02-18 19:17:36 - [MESSAGE][PASSED] - Delayed 1 second(s)

2021-02-18 19:17:36 - [MESSAGE][PASSED] - Object 'Object Repository/LoginAndRigisterUser/LoginBtn' is clickable

2021-02-18 19:17:37 - [MESSAGE][INFO] - Clicked on element with JS

2021-02-18 19:17:39 - [MESSAGE][PASSED] - Keys '0' sent to object: 'Object Repository/LoginAndRigisterUser/otpOne'

2021-02-18 19:17:39 - [MESSAGE][PASSED] - Keys '0' sent to object: 'Object Repository/LoginAndRigisterUser/otpTwo'

2021-02-18 19:17:40 - [MESSAGE][PASSED] - Keys '0' sent to object: 'Object Repository/LoginAndRigisterUser/otpThree'

2021-02-18 19:17:41 - [MESSAGE][PASSED] - Keys '0' sent to object: 'Object Repository/LoginAndRigisterUser/otpFour'

2021-02-18 19:17:41 - [MESSAGE][PASSED] - Keys '0' sent to object: 'Object Repository/LoginAndRigisterUser/otpFive'

2021-02-18 19:17:42 - [MESSAGE][INFO] - Clicked on element with JS

2021-02-18 19:17:44 - [MESSAGE][PASSED] - Object: 'Object Repository/HomePage/ChooseAFile' is clicked on

2021-02-18 19:17:46 - [MESSAGE][PASSED] - Delayed 2 second(s)

2021-02-18 19:17:48 - [MESSAGE][INFO] - Image Uploaded Sucsessfully

2021-02-18 19:17:50 - [MESSAGE][PASSED] - Delayed 2 second(s)

2021-02-18 19:17:51 - [MESSAGE][PASSED] - Text 'Multimedia' is present on page 

2021-02-18 19:17:52 - [MESSAGE][PASSED] - Object: 'Object Repository/HomePage/Window7RadioBtn' is clicked on

2021-02-18 19:17:52 - [MESSAGE][PASSED] - Scroll to object 'Object Repository/HomePage/startAnalysis_EnableBtn' successfully

2021-02-18 19:17:53 - [MESSAGE][PASSED] - Object: 'Object Repository/HomePage/startAnalysis_EnableBtn' is clicked on

2021-02-18 19:17:55 - [MESSAGE][PASSED] - Object 'Object Repository/SubmissionPage/Submission_SearchIcon' is visible

2021-02-18 19:17:55 - [MESSAGE][PASSED] - Object 'Object Repository/SubmissionPage/Submission_SearchIcon' is visible

2021-02-18 19:17:55 - [MESSAGE][PASSED] - Actual object 'Multimedia.avi' and expected object 'Multimedia.avi' are equal

2021-02-18 19:17:55 - [MESSAGE][PASSED] - customKeywords.commanFunctions.uploadFileOfRegisterUser is PASSED

2021-02-18 19:17:55 - [TEST_STEP][PASSED] - customKeywords.commanFunctions.logOutAndcloseBrowser(): customKeywords.commanFunctions.logOutAndcloseBrowser is PASSED

2021-02-18 19:17:56 - [MESSAGE][PASSED] - Object 'Object Repository/LoginAndRigisterUser/AdminDD' is clickable

2021-02-18 19:17:56 - [MESSAGE][INFO] - Clicked on element with JS

2021-02-18 19:17:57 - [MESSAGE][INFO] - Clicked on element with JS

2021-02-18 19:17:58 - [MESSAGE][PASSED] - Delayed 1 second(s)

2021-02-18 19:17:58 - [MESSAGE][PASSED] - Browser is closed

2021-02-18 19:17:58 - [MESSAGE][PASSED] - customKeywords.commanFunctions.logOutAndcloseBrowser is PASSED]]></system-out>
         <system-err><![CDATA[]]></system-err>
      </testcase>
      <testcase name="Test Cases/UploadDiffFiles_RegisterUser/TC_As a register user, Upload PaintShop Pro File and verify Uploded file in Submission Page" time="33.555" classname="Test Cases/UploadDiffFiles_RegisterUser/TC_As a register user, Upload PaintShop Pro File and verify Uploded file in Submission Page" status="FAILED">
         <failure type="FAILED" message="Test Cases/UploadDiffFiles_RegisterUser/TC_As a register user, Upload PaintShop Pro File and verify Uploded file in Submission Page FAILED.
Reason:
com.kms.katalon.core.exception.StepFailedException: Unable to verify text 'PaintShop Pro' is present 
	at com.kms.katalon.core.webui.keyword.internal.WebUIKeywordMain.stepFailed(WebUIKeywordMain.groovy:64)
	at com.kms.katalon.core.webui.keyword.internal.WebUIKeywordMain.runKeyword(WebUIKeywordMain.groovy:26)
	at com.kms.katalon.core.webui.keyword.builtin.VerifyTextPresentKeyword.verifyTextPresent(VerifyTextPresentKeyword.groovy:83)
	at com.kms.katalon.core.webui.keyword.builtin.VerifyTextPresentKeyword.execute(VerifyTextPresentKeyword.groovy:68)
	at com.kms.katalon.core.keyword.internal.KeywordExecutor.executeKeywordForPlatform(KeywordExecutor.groovy:73)
	at com.kms.katalon.core.webui.keyword.WebUiBuiltInKeywords.verifyTextPresent(WebUiBuiltInKeywords.groovy:1720)
	at com.kms.katalon.core.webui.keyword.WebUiBuiltInKeywords$verifyTextPresent$6.call(Unknown Source)
	at customKeywords.commanFunctions.UploadReqFile(commanFunctions.groovy:282)
	at customKeywords.commanFunctions.uploadFileOfRegisterUser(commanFunctions.groovy:761)
	at customKeywords.commanFunctions.invokeMethod(commanFunctions.groovy)
	at com.kms.katalon.core.main.CustomKeywordDelegatingMetaClass.invokeStaticMethod(CustomKeywordDelegatingMetaClass.java:50)
	at TC_As a register user, Upload PaintShop Pro File and verify Uploded file in Submission Page.run(TC_As a register user, Upload PaintShop Pro File and verify Uploded file in Submission Page:16)
	at com.kms.katalon.core.main.ScriptEngine.run(ScriptEngine.java:194)
	at com.kms.katalon.core.main.ScriptEngine.runScriptAsRawText(ScriptEngine.java:119)
	at com.kms.katalon.core.main.TestCaseExecutor.runScript(TestCaseExecutor.java:394)
	at com.kms.katalon.core.main.TestCaseExecutor.doExecute(TestCaseExecutor.java:385)
	at com.kms.katalon.core.main.TestCaseExecutor.processExecutionPhase(TestCaseExecutor.java:364)
	at com.kms.katalon.core.main.TestCaseExecutor.accessMainPhase(TestCaseExecutor.java:356)
	at com.kms.katalon.core.main.TestCaseExecutor.execute(TestCaseExecutor.java:251)
	at com.kms.katalon.core.main.TestSuiteExecutor.accessTestCaseMainPhase(TestSuiteExecutor.java:203)
	at com.kms.katalon.core.main.TestSuiteExecutor.accessTestSuiteMainPhase(TestSuiteExecutor.java:152)
	at com.kms.katalon.core.main.TestSuiteExecutor.execute(TestSuiteExecutor.java:95)
	at com.kms.katalon.core.main.TestCaseMain.startTestSuite(TestCaseMain.java:157)
	at com.kms.katalon.core.main.TestCaseMain$startTestSuite$0.call(Unknown Source)
	at TempTestSuite1613655547890.run(TempTestSuite1613655547890.groovy:39)
Caused by: com.kms.katalon.core.exception.StepFailedException: Text 'PaintShop Pro' is not present on page 
	at com.kms.katalon.core.webui.keyword.internal.WebUIKeywordMain.stepFailed(WebUIKeywordMain.groovy:64)
	at com.kms.katalon.core.webui.keyword.builtin.VerifyTextPresentKeyword$_verifyTextPresent_closure1.doCall(VerifyTextPresentKeyword.groovy:79)
	at com.kms.katalon.core.webui.keyword.builtin.VerifyTextPresentKeyword$_verifyTextPresent_closure1.call(VerifyTextPresentKeyword.groovy)
	at com.kms.katalon.core.webui.keyword.internal.WebUIKeywordMain.runKeyword(WebUIKeywordMain.groovy:20)
	... 23 more
"/>
         <system-out><![CDATA[2021-02-18 19:17:58 - [TEST_CASE][FAILED] - Test Cases/UploadDiffFiles_RegisterUser/TC_As a register user, Upload PaintShop Pro File and verify Uploded file in Submission Page: Test Cases/UploadDiffFiles_RegisterUser/TC_As a register user, Upload PaintShop Pro File and verify Uploded file in Submission Page FAILED.
Reason:
com.kms.katalon.core.exception.StepFailedException: Unable to verify text 'PaintShop Pro' is present 
	at com.kms.katalon.core.webui.keyword.internal.WebUIKeywordMain.stepFailed(WebUIKeywordMain.groovy:64)
	at com.kms.katalon.core.webui.keyword.internal.WebUIKeywordMain.runKeyword(WebUIKeywordMain.groovy:26)
	at com.kms.katalon.core.webui.keyword.builtin.VerifyTextPresentKeyword.verifyTextPresent(VerifyTextPresentKeyword.groovy:83)
	at com.kms.katalon.core.webui.keyword.builtin.VerifyTextPresentKeyword.execute(VerifyTextPresentKeyword.groovy:68)
	at com.kms.katalon.core.keyword.internal.KeywordExecutor.executeKeywordForPlatform(KeywordExecutor.groovy:73)
	at com.kms.katalon.core.webui.keyword.WebUiBuiltInKeywords.verifyTextPresent(WebUiBuiltInKeywords.groovy:1720)
	at com.kms.katalon.core.webui.keyword.WebUiBuiltInKeywords$verifyTextPresent$6.call(Unknown Source)
	at customKeywords.commanFunctions.UploadReqFile(commanFunctions.groovy:282)
	at customKeywords.commanFunctions.uploadFileOfRegisterUser(commanFunctions.groovy:761)
	at customKeywords.commanFunctions.invokeMethod(commanFunctions.groovy)
	at com.kms.katalon.core.main.CustomKeywordDelegatingMetaClass.invokeStaticMethod(CustomKeywordDelegatingMetaClass.java:50)
	at TC_As a register user, Upload PaintShop Pro File and verify Uploded file in Submission Page.run(TC_As a register user, Upload PaintShop Pro File and verify Uploded file in Submission Page:16)
	at com.kms.katalon.core.main.ScriptEngine.run(ScriptEngine.java:194)
	at com.kms.katalon.core.main.ScriptEngine.runScriptAsRawText(ScriptEngine.java:119)
	at com.kms.katalon.core.main.TestCaseExecutor.runScript(TestCaseExecutor.java:394)
	at com.kms.katalon.core.main.TestCaseExecutor.doExecute(TestCaseExecutor.java:385)
	at com.kms.katalon.core.main.TestCaseExecutor.processExecutionPhase(TestCaseExecutor.java:364)
	at com.kms.katalon.core.main.TestCaseExecutor.accessMainPhase(TestCaseExecutor.java:356)
	at com.kms.katalon.core.main.TestCaseExecutor.execute(TestCaseExecutor.java:251)
	at com.kms.katalon.core.main.TestSuiteExecutor.accessTestCaseMainPhase(TestSuiteExecutor.java:203)
	at com.kms.katalon.core.main.TestSuiteExecutor.accessTestSuiteMainPhase(TestSuiteExecutor.java:152)
	at com.kms.katalon.core.main.TestSuiteExecutor.execute(TestSuiteExecutor.java:95)
	at com.kms.katalon.core.main.TestCaseMain.startTestSuite(TestCaseMain.java:157)
	at com.kms.katalon.core.main.TestCaseMain$startTestSuite$0.call(Unknown Source)
	at TempTestSuite1613655547890.run(TempTestSuite1613655547890.groovy:39)
Caused by: com.kms.katalon.core.exception.StepFailedException: Text 'PaintShop Pro' is not present on page 
	at com.kms.katalon.core.webui.keyword.internal.WebUIKeywordMain.stepFailed(WebUIKeywordMain.groovy:64)
	at com.kms.katalon.core.webui.keyword.builtin.VerifyTextPresentKeyword$_verifyTextPresent_closure1.doCall(VerifyTextPresentKeyword.groovy:79)
	at com.kms.katalon.core.webui.keyword.builtin.VerifyTextPresentKeyword$_verifyTextPresent_closure1.call(VerifyTextPresentKeyword.groovy)
	at com.kms.katalon.core.webui.keyword.internal.WebUIKeywordMain.runKeyword(WebUIKeywordMain.groovy:20)
	... 23 more


2021-02-18 19:17:58 - [TEST_STEP][PASSED] - excelTestData = findTestData("Data Files/TestData/InspectTestData"): null

2021-02-18 19:17:58 - [TEST_STEP][PASSED] - rigisterUN = excelTestData.getValue(6, 23): null

2021-02-18 19:17:58 - [TEST_STEP][PASSED] - rigisterPW = excelTestData.getValue(3, 23): null

2021-02-18 19:17:58 - [TEST_STEP][FAILED] - customKeywords.commanFunctions.uploadFileOfRegisterUser(313, rigisterUN, rigisterPW): Unable to verify text 'PaintShop Pro' is present 

2021-02-18 19:17:59 - [MESSAGE][INFO] - Starting 'Chrome' driver

2021-02-18 19:17:59 - [MESSAGE][INFO] - Action delay is set to 0 milliseconds

2021-02-18 19:18:08 - [MESSAGE][PASSED] - Browser is opened with url: 'https://Inspect.Stage.site.sa'

2021-02-18 19:18:10 - [MESSAGE][PASSED] - Current window maximized

2021-02-18 19:18:10 - [MESSAGE][PASSED] - Wait for page load successfully

2021-02-18 19:18:10 - [MESSAGE][PASSED] - Object 'Object Repository/LoginAndRigisterUser/LoginLink' is clickable

2021-02-18 19:18:11 - [MESSAGE][INFO] - Clicked on element with JS

2021-02-18 19:18:11 - [MESSAGE][PASSED] - Keys 'Os-anelapatla@projects.site.sa' sent to object: 'Object Repository/LoginAndRigisterUser/UserName_Email_Input'

2021-02-18 19:18:12 - [MESSAGE][PASSED] - Keys 'Test@12345' sent to object: 'Object Repository/LoginAndRigisterUser/Password_Input'

2021-02-18 19:18:13 - [MESSAGE][PASSED] - Delayed 1 second(s)

2021-02-18 19:18:13 - [MESSAGE][PASSED] - Object 'Object Repository/LoginAndRigisterUser/LoginBtn' is clickable

2021-02-18 19:18:13 - [MESSAGE][INFO] - Clicked on element with JS

2021-02-18 19:18:15 - [MESSAGE][PASSED] - Keys '0' sent to object: 'Object Repository/LoginAndRigisterUser/otpOne'

2021-02-18 19:18:16 - [MESSAGE][PASSED] - Keys '0' sent to object: 'Object Repository/LoginAndRigisterUser/otpTwo'

2021-02-18 19:18:18 - [MESSAGE][PASSED] - Keys '0' sent to object: 'Object Repository/LoginAndRigisterUser/otpThree'

2021-02-18 19:18:18 - [MESSAGE][PASSED] - Keys '0' sent to object: 'Object Repository/LoginAndRigisterUser/otpFour'

2021-02-18 19:18:19 - [MESSAGE][PASSED] - Keys '0' sent to object: 'Object Repository/LoginAndRigisterUser/otpFive'

2021-02-18 19:18:20 - [MESSAGE][INFO] - Clicked on element with JS

2021-02-18 19:18:23 - [MESSAGE][PASSED] - Object: 'Object Repository/HomePage/ChooseAFile' is clicked on

2021-02-18 19:18:25 - [MESSAGE][PASSED] - Delayed 2 second(s)

2021-02-18 19:18:27 - [MESSAGE][INFO] - Image Uploaded Sucsessfully

2021-02-18 19:18:29 - [MESSAGE][PASSED] - Delayed 2 second(s)

2021-02-18 19:18:30 - [MESSAGE][FAILED] - Text 'PaintShop Pro' is not present on page  (Root cause: com.kms.katalon.core.exception.StepFailedException: Text 'PaintShop Pro' is not present on page 
	at com.kms.katalon.core.webui.keyword.internal.WebUIKeywordMain.stepFailed(WebUIKeywordMain.groovy:64)
	at com.kms.katalon.core.webui.keyword.builtin.VerifyTextPresentKeyword$_verifyTextPresent_closure1.doCall(VerifyTextPresentKeyword.groovy:79)
	at com.kms.katalon.core.webui.keyword.builtin.VerifyTextPresentKeyword$_verifyTextPresent_closure1.call(VerifyTextPresentKeyword.groovy)
	at com.kms.katalon.core.webui.keyword.internal.WebUIKeywordMain.runKeyword(WebUIKeywordMain.groovy:20)
	at com.kms.katalon.core.webui.keyword.builtin.VerifyTextPresentKeyword.verifyTextPresent(VerifyTextPresentKeyword.groovy:83)
	at com.kms.katalon.core.webui.keyword.builtin.VerifyTextPresentKeyword.execute(VerifyTextPresentKeyword.groovy:68)
	at com.kms.katalon.core.keyword.internal.KeywordExecutor.executeKeywordForPlatform(KeywordExecutor.groovy:73)
	at com.kms.katalon.core.webui.keyword.WebUiBuiltInKeywords.verifyTextPresent(WebUiBuiltInKeywords.groovy:1720)
	at com.kms.katalon.core.webui.keyword.WebUiBuiltInKeywords$verifyTextPresent$6.call(Unknown Source)
	at customKeywords.commanFunctions.UploadReqFile(commanFunctions.groovy:282)
	at customKeywords.commanFunctions.uploadFileOfRegisterUser(commanFunctions.groovy:761)
	at customKeywords.commanFunctions.invokeMethod(commanFunctions.groovy)
	at com.kms.katalon.core.main.CustomKeywordDelegatingMetaClass.invokeStaticMethod(CustomKeywordDelegatingMetaClass.java:50)
	at TC_As a register user, Upload PaintShop Pro File and verify Uploded file in Submission Page.run(TC_As a register user, Upload PaintShop Pro File and verify Uploded file in Submission Page:16)
	at com.kms.katalon.core.main.ScriptEngine.run(ScriptEngine.java:194)
	at com.kms.katalon.core.main.ScriptEngine.runScriptAsRawText(ScriptEngine.java:119)
	at com.kms.katalon.core.main.TestCaseExecutor.runScript(TestCaseExecutor.java:394)
	at com.kms.katalon.core.main.TestCaseExecutor.doExecute(TestCaseExecutor.java:385)
	at com.kms.katalon.core.main.TestCaseExecutor.processExecutionPhase(TestCaseExecutor.java:364)
	at com.kms.katalon.core.main.TestCaseExecutor.accessMainPhase(TestCaseExecutor.java:356)
	at com.kms.katalon.core.main.TestCaseExecutor.execute(TestCaseExecutor.java:251)
	at com.kms.katalon.core.main.TestSuiteExecutor.accessTestCaseMainPhase(TestSuiteExecutor.java:203)
	at com.kms.katalon.core.main.TestSuiteExecutor.accessTestSuiteMainPhase(TestSuiteExecutor.java:152)
	at com.kms.katalon.core.main.TestSuiteExecutor.execute(TestSuiteExecutor.java:95)
	at com.kms.katalon.core.main.TestCaseMain.startTestSuite(TestCaseMain.java:157)
	at com.kms.katalon.core.main.TestCaseMain$startTestSuite$0.call(Unknown Source)
	at TempTestSuite1613655547890.run(TempTestSuite1613655547890.groovy:39)
)

2021-02-18 19:18:31 - [MESSAGE][FAILED] - Unable to verify text 'PaintShop Pro' is present  (Root cause: com.kms.katalon.core.exception.StepFailedException: Unable to verify text 'PaintShop Pro' is present 
	at com.kms.katalon.core.webui.keyword.internal.WebUIKeywordMain.stepFailed(WebUIKeywordMain.groovy:64)
	at com.kms.katalon.core.webui.keyword.internal.WebUIKeywordMain.runKeyword(WebUIKeywordMain.groovy:26)
	at com.kms.katalon.core.webui.keyword.builtin.VerifyTextPresentKeyword.verifyTextPresent(VerifyTextPresentKeyword.groovy:83)
	at com.kms.katalon.core.webui.keyword.builtin.VerifyTextPresentKeyword.execute(VerifyTextPresentKeyword.groovy:68)
	at com.kms.katalon.core.keyword.internal.KeywordExecutor.executeKeywordForPlatform(KeywordExecutor.groovy:73)
	at com.kms.katalon.core.webui.keyword.WebUiBuiltInKeywords.verifyTextPresent(WebUiBuiltInKeywords.groovy:1720)
	at com.kms.katalon.core.webui.keyword.WebUiBuiltInKeywords$verifyTextPresent$6.call(Unknown Source)
	at customKeywords.commanFunctions.UploadReqFile(commanFunctions.groovy:282)
	at customKeywords.commanFunctions.uploadFileOfRegisterUser(commanFunctions.groovy:761)
	at customKeywords.commanFunctions.invokeMethod(commanFunctions.groovy)
	at com.kms.katalon.core.main.CustomKeywordDelegatingMetaClass.invokeStaticMethod(CustomKeywordDelegatingMetaClass.java:50)
	at TC_As a register user, Upload PaintShop Pro File and verify Uploded file in Submission Page.run(TC_As a register user, Upload PaintShop Pro File and verify Uploded file in Submission Page:16)
	at com.kms.katalon.core.main.ScriptEngine.run(ScriptEngine.java:194)
	at com.kms.katalon.core.main.ScriptEngine.runScriptAsRawText(ScriptEngine.java:119)
	at com.kms.katalon.core.main.TestCaseExecutor.runScript(TestCaseExecutor.java:394)
	at com.kms.katalon.core.main.TestCaseExecutor.doExecute(TestCaseExecutor.java:385)
[...]

2021-02-18 19:43:02 - [TEST_STEP][PASSED] - excelTestData = findTestData("Data Files/TestData/InspectTestData"): null

2021-02-18 19:43:02 - [TEST_STEP][PASSED] - clickHereToResendEmai = findTestObject("Object Repository/LoginAndRigisterUser/clickHereToResendEmai"): null

2021-02-18 19:43:02 - [TEST_STEP][PASSED] - ClickHereToResendLinkValidationMessage = excelTestData.getValue(2, 19): null

2021-02-18 19:43:02 - [TEST_STEP][PASSED] - callTestCase(findTestCase("TC_Login_RegisterUserAndForgotYourPassword/CommanTCs/TC_RigisterUserWithValidTestDataAndVerify"), null): Call Test Case 'Test Cases/TC_Login_RegisterUserAndForgotYourPassword/CommanTCs/TC_RigisterUserWithValidTestDataAndVerify' successfully

2021-02-18 19:43:02 - [TEST_CASE][PASSED] - Test Cases/TC_Login_RegisterUserAndForgotYourPassword/CommanTCs/TC_RigisterUserWithValidTestDataAndVerify: Test Cases/TC_Login_RegisterUserAndForgotYourPassword/CommanTCs/TC_RigisterUserWithValidTestDataAndVerify

2021-02-18 19:43:02 - [TEST_STEP][PASSED] - excelTestData = findTestData("Data Files/TestData/InspectTestData"): null

2021-02-18 19:43:02 - [TEST_STEP][PASSED] - obj = findTestObject("LoginAndRigisterUser/LoginLink"): null

2021-02-18 19:43:02 - [TEST_STEP][PASSED] - RigisterBtn = findTestObject("Object Repository/LoginAndRigisterUser/RegisterBtn"): null

2021-02-18 19:43:02 - [TEST_STEP][PASSED] - CheckBoxTermsAndCondition = findTestObject("Object Repository/LoginAndRigisterUser/Reg_SiteInspectTermsOfUse_CheckBox"): null

2021-02-18 19:43:02 - [TEST_STEP][PASSED] - rigisterHereLink = findTestObject("Object Repository/LoginAndRigisterUser/RigisterHere"): null

2021-02-18 19:43:02 - [TEST_STEP][PASSED] - customKeywords.commanFunctions.openBrowser(): customKeywords.commanFunctions.openBrowser is PASSED

2021-02-18 19:43:02 - [MESSAGE][INFO] - Starting 'Chrome' driver

2021-02-18 19:43:02 - [MESSAGE][INFO] - Action delay is set to 0 milliseconds

2021-02-18 19:43:12 - [MESSAGE][PASSED] - Browser is opened with url: 'https://Inspect.Stage.site.sa'

2021-02-18 19:43:14 - [MESSAGE][PASSED] - Current window maximized

2021-02-18 19:43:14 - [MESSAGE][PASSED] - Wait for page load successfully

2021-02-18 19:43:14 - [MESSAGE][PASSED] - customKeywords.commanFunctions.openBrowser is PASSED

2021-02-18 19:43:14 - [TEST_STEP][PASSED] - waitForElementClickable(findTestObject("LoginAndRigisterUser/LoginLink"), TimeOut): Object 'Object Repository/LoginAndRigisterUser/LoginLink' is clickable

2021-02-18 19:43:14 - [MESSAGE][PASSED] - Object 'Object Repository/LoginAndRigisterUser/LoginLink' is clickable

2021-02-18 19:43:14 - [TEST_STEP][PASSED] - customKeywords.commanFunctions.clickElementWithJS(obj): customKeywords.commanFunctions.clickElementWithJS is PASSED

2021-02-18 19:43:15 - [MESSAGE][INFO] - Clicked on element with JS

2021-02-18 19:43:15 - [MESSAGE][PASSED] - customKeywords.commanFunctions.clickElementWithJS is PASSED

2021-02-18 19:43:15 - [TEST_STEP][PASSED] - customKeywords.commanFunctions.clickElementWithJS(rigisterHereLink): customKeywords.commanFunctions.clickElementWithJS is PASSED

2021-02-18 19:43:15 - [MESSAGE][INFO] - Clicked on element with JS

2021-02-18 19:43:15 - [MESSAGE][PASSED] - customKeywords.commanFunctions.clickElementWithJS is PASSED

2021-02-18 19:43:15 - [TEST_STEP][PASSED] - firstName = excelTestData.getValue(2, 16): null

2021-02-18 19:43:15 - [TEST_STEP][PASSED] - lastName = excelTestData.getValue(3, 16): null

2021-02-18 19:43:15 - [TEST_STEP][PASSED] - mobileNum = excelTestData.getValue(4, 16): null

2021-02-18 19:43:15 - [TEST_STEP][PASSED] - email = excelTestData.getValue(5, 16): null

2021-02-18 19:43:15 - [TEST_STEP][PASSED] - validationMessage = excelTestData.getValue(6, 16): null

2021-02-18 19:43:15 - [TEST_STEP][PASSED] - ClickHereToResendLink = excelTestData.getValue(7, 16): null

2021-02-18 19:43:15 - [TEST_STEP][PASSED] - sendKeys(findTestObject("Object Repository/LoginAndRigisterUser/FirstName_Input"), firstName): Keys 'Ashok' sent to object: 'Object Repository/LoginAndRigisterUser/FirstName_Input'

2021-02-18 19:43:16 - [MESSAGE][PASSED] - Keys 'Ashok' sent to object: 'Object Repository/LoginAndRigisterUser/FirstName_Input'

2021-02-18 19:43:16 - [TEST_STEP][PASSED] - sendKeys(findTestObject("Object Repository/LoginAndRigisterUser/LastName_Input"), lastName): Keys 'Abdul' sent to object: 'Object Repository/LoginAndRigisterUser/LastName_Input'

2021-02-18 19:43:17 - [MESSAGE][PASSED] - Keys 'Abdul' sent to object: 'Object Repository/LoginAndRigisterUser/LastName_Input'

2021-02-18 19:43:17 - [TEST_STEP][PASSED] - RandomNum = customKeywords.commanFunctions.getRandomNumbers(): customKeywords.commanFunctions.getRandomNumbers is PASSED

2021-02-18 19:43:17 - [MESSAGE][PASSED] - customKeywords.commanFunctions.getRandomNumbers is PASSED

2021-02-18 19:43:17 - [TEST_STEP][PASSED] - mobileNumber = "0" + mobileNum + RandomNum: null

2021-02-18 19:43:17 - [TEST_STEP][PASSED] - sendKeys(findTestObject("Object Repository/LoginAndRigisterUser/MobileNumber_Input"), mobileNumber): Keys '0573419956' sent to object: 'Object Repository/LoginAndRigisterUser/MobileNumber_Input'

2021-02-18 19:43:17 - [MESSAGE][PASSED] - Keys '0573419956' sent to object: 'Object Repository/LoginAndRigisterUser/MobileNumber_Input'

2021-02-18 19:43:17 - [TEST_STEP][PASSED] - str = customKeywords.commanFunctions.getRandomAlphaString(4): customKeywords.commanFunctions.getRandomAlphaString is PASSED

2021-02-18 19:43:17 - [MESSAGE][PASSED] - customKeywords.commanFunctions.getRandomAlphaString is PASSED

2021-02-18 19:43:17 - [TEST_STEP][PASSED] - emailID = "test_" + str + "@email.com": null

2021-02-18 19:43:17 - [TEST_STEP][PASSED] - sendKeys(findTestObject("Object Repository/LoginAndRigisterUser/Reg_Email_Input"), emailID): Keys 'test_knpf@email.com' sent to object: 'Object Repository/LoginAndRigisterUser/Reg_Email_Input'

2021-02-18 19:43:18 - [MESSAGE][PASSED] - Keys 'test_knpf@email.com' sent to object: 'Object Repository/LoginAndRigisterUser/Reg_Email_Input'

2021-02-18 19:43:18 - [TEST_STEP][PASSED] - sendKeys(findTestObject("Object Repository/LoginAndRigisterUser/ReEnter_Email_Input"), emailID): Keys 'test_knpf@email.com' sent to object: 'Object Repository/LoginAndRigisterUser/ReEnter_Email_Input'

2021-02-18 19:43:18 - [MESSAGE][PASSED] - Keys 'test_knpf@email.com' sent to object: 'Object Repository/LoginAndRigisterUser/ReEnter_Email_Input'

2021-02-18 19:43:18 - [TEST_STEP][PASSED] - customKeywords.commanFunctions.clickElementWithJS(CheckBoxTermsAndCondition): customKeywords.commanFunctions.clickElementWithJS is PASSED

2021-02-18 19:43:19 - [MESSAGE][INFO] - Clicked on element with JS

2021-02-18 19:43:19 - [MESSAGE][PASSED] - customKeywords.commanFunctions.clickElementWithJS is PASSED

2021-02-18 19:43:19 - [TEST_STEP][PASSED] - customKeywords.commanFunctions.clickElementWithJS(RigisterBtn): customKeywords.commanFunctions.clickElementWithJS is PASSED

2021-02-18 19:43:19 - [MESSAGE][INFO] - Clicked on element with JS

2021-02-18 19:43:19 - [MESSAGE][PASSED] - customKeywords.commanFunctions.clickElementWithJS is PASSED

2021-02-18 19:43:19 - [TEST_STEP][PASSED] - customKeywords.commanFunctions.otpRigistration(): customKeywords.commanFunctions.otpRigistration is PASSED

2021-02-18 19:43:21 - [MESSAGE][PASSED] - Keys '0' sent to object: 'Object Repository/LoginAndRigisterUser/otpOne'

2021-02-18 19:43:22 - [MESSAGE][PASSED] - Keys '0' sent to object: 'Object Repository/LoginAndRigisterUser/otpTwo'

2021-02-18 19:43:22 - [MESSAGE][PASSED] - Keys '0' sent to object: 'Object Repository/LoginAndRigisterUser/otpThree'

2021-02-18 19:43:23 - [MESSAGE][PASSED] - Keys '0' sent to object: 'Object Repository/LoginAndRigisterUser/otpFour'

2021-02-18 19:43:24 - [MESSAGE][PASSED] - Keys '0' sent to object: 'Object Repository/LoginAndRigisterUser/otpFive'

2021-02-18 19:43:25 - [MESSAGE][INFO] - Clicked on element with JS

2021-02-18 19:43:25 - [MESSAGE][PASSED] - customKeywords.commanFunctions.otpRigistration is PASSED

2021-02-18 19:43:25 - [TEST_STEP][PASSED] - verifyTextPresent(validationMessage, false): Text 'Thank you for your registration. To verify your email, please follow the instructions sent to you by email.' is present on page 

2021-02-18 19:43:27 - [MESSAGE][PASSED] - Text 'Thank you for your registration. To verify your email, please follow the instructions sent to you by email.' is present on page 

2021-02-18 19:43:27 - [TEST_STEP][PASSED] - verifyTextPresent(ClickHereToResendLink, false): Text 'Click here to resend the email' is present on page 

2021-02-18 19:43:27 - [MESSAGE][PASSED] - Text 'Click here to resend the email' is present on page 

2021-02-18 19:43:27 - [TEST_STEP][PASSED] - delay(2): Delayed 2 second(s)

2021-02-18 19:43:29 - [MESSAGE][PASSED] - Delayed 2 second(s)

2021-02-18 19:43:29 - [MESSAGE][PASSED] - Call Test Case 'Test Cases/TC_Login_RegisterUserAndForgotYourPassword/CommanTCs/TC_RigisterUserWithValidTestDataAndVerify' successfully

2021-02-18 19:43:29 - [TEST_STEP][PASSED] - customKeywords.commanFunctions.clickElementWithJS(clickHereToResendEmai): customKeywords.commanFunctions.clickElementWithJS is PASSED

2021-02-18 19:43:30 - [MESSAGE][INFO] - Clicked on element with JS

2021-02-18 19:43:30 - [MESSAGE][PASSED] - customKeywords.commanFunctions.clickElementWithJS is PASSED

2021-02-18 19:43:30 - [TEST_STEP][PASSED] - verifyTextPresent(ClickHereToResendLinkValidationMessage, false): Text 'A verification email has been sent to your email address' is present on page 

2021-02-18 19:43:31 - [MESSAGE][PASSED] - Text 'A verification email has been sent to your email address' is present on page 

2021-02-18 19:43:31 - [TEST_STEP][PASSED] - customKeywords.commanFunctions.onlyCloseBrowser(): customKeywords.commanFunctions.onlyCloseBrowser is PASSED

2021-02-18 19:43:32 - [MESSAGE][PASSED] - Browser is closed

2021-02-18 19:43:32 - [MESSAGE][PASSED] - customKeywords.commanFunctions.onlyCloseBrowser is PASSED]]></system-out>
         <system-err><![CDATA[]]></system-err>
      </testcase>
      <testcase name="Test Cases/TC_Login_RegisterUserAndForgotYourPassword/BasicTCs/TC_RigisterUserWithValidTestDataAndVerifyValidationMsg" time="27.306" classname="Test Cases/TC_Login_RegisterUserAndForgotYourPassword/BasicTCs/TC_RigisterUserWithValidTestDataAndVerifyValidationMsg" status="PASSED">
         <system-out><![CDATA[2021-02-18 19:43:32 - [TEST_CASE][PASSED] - Test Cases/TC_Login_RegisterUserAndForgotYourPassword/BasicTCs/TC_RigisterUserWithValidTestDataAndVerifyValidationMsg: Test Cases/TC_Login_RegisterUserAndForgotYourPassword/BasicTCs/TC_RigisterUserWithValidTestDataAndVerifyValidationMsg

2021-02-18 19:43:32 - [TEST_STEP][PASSED] - callTestCase(findTestCase("TC_Login_RegisterUserAndForgotYourPassword/CommanTCs/TC_RigisterUserWithValidTestDataAndVerify"), null): Call Test Case 'Test Cases/TC_Login_RegisterUserAndForgotYourPassword/CommanTCs/TC_RigisterUserWithValidTestDataAndVerify' successfully

2021-02-18 19:43:32 - [TEST_CASE][PASSED] - Test Cases/TC_Login_RegisterUserAndForgotYourPassword/CommanTCs/TC_RigisterUserWithValidTestDataAndVerify: Test Cases/TC_Login_RegisterUserAndForgotYourPassword/CommanTCs/TC_RigisterUserWithValidTestDataAndVerify

2021-02-18 19:43:32 - [TEST_STEP][PASSED] - excelTestData = findTestData("Data Files/TestData/InspectTestData"): null

2021-02-18 19:43:32 - [TEST_STEP][PASSED] - obj = findTestObject("LoginAndRigisterUser/LoginLink"): null

2021-02-18 19:43:32 - [TEST_STEP][PASSED] - RigisterBtn = findTestObject("Object Repository/LoginAndRigisterUser/RegisterBtn"): null

2021-02-18 19:43:32 - [TEST_STEP][PASSED] - CheckBoxTermsAndCondition = findTestObject("Object Repository/LoginAndRigisterUser/Reg_SiteInspectTermsOfUse_CheckBox"): null

2021-02-18 19:43:32 - [TEST_STEP][PASSED] - rigisterHereLink = findTestObject("Object Repository/LoginAndRigisterUser/RigisterHere"): null

2021-02-18 19:43:32 - [TEST_STEP][PASSED] - customKeywords.commanFunctions.openBrowser(): customKeywords.commanFunctions.openBrowser is PASSED

2021-02-18 19:43:32 - [MESSAGE][INFO] - Starting 'Chrome' driver

2021-02-18 19:43:32 - [MESSAGE][INFO] - Action delay is set to 0 milliseconds

2021-02-18 19:43:42 - [MESSAGE][PASSED] - Browser is opened with url: 'https://Inspect.Stage.site.sa'

2021-02-18 19:43:44 - [MESSAGE][PASSED] - Current window maximized

2021-02-18 19:43:44 - [MESSAGE][PASSED] - Wait for page load successfully

2021-02-18 19:43:44 - [MESSAGE][PASSED] - customKeywords.commanFunctions.openBrowser is PASSED

2021-02-18 19:43:44 - [TEST_STEP][PASSED] - waitForElementClickable(findTestObject("LoginAndRigisterUser/LoginLink"), TimeOut): Object 'Object Repository/LoginAndRigisterUser/LoginLink' is clickable

2021-02-18 19:43:44 - [MESSAGE][PASSED] - Object 'Object Repository/LoginAndRigisterUser/LoginLink' is clickable

2021-02-18 19:43:44 - [TEST_STEP][PASSED] - customKeywords.commanFunctions.clickElementWithJS(obj): customKeywords.commanFunctions.clickElementWithJS is PASSED

2021-02-18 19:43:45 - [MESSAGE][INFO] - Clicked on element with JS

2021-02-18 19:43:45 - [MESSAGE][PASSED] - customKeywords.commanFunctions.clickElementWithJS is PASSED

2021-02-18 19:43:45 - [TEST_STEP][PASSED] - customKeywords.commanFunctions.clickElementWithJS(rigisterHereLink): customKeywords.commanFunctions.clickElementWithJS is PASSED

2021-02-18 19:43:45 - [MESSAGE][INFO] - Clicked on element with JS

2021-02-18 19:43:45 - [MESSAGE][PASSED] - customKeywords.commanFunctions.clickElementWithJS is PASSED

2021-02-18 19:43:45 - [TEST_STEP][PASSED] - firstName = excelTestData.getValue(2, 16): null

2021-02-18 19:43:45 - [TEST_STEP][PASSED] - lastName = excelTestData.getValue(3, 16): null

2021-02-18 19:43:45 - [TEST_STEP][PASSED] - mobileNum = excelTestData.getValue(4, 16): null

2021-02-18 19:43:45 - [TEST_STEP][PASSED] - email = excelTestData.getValue(5, 16): null

2021-02-18 19:43:45 - [TEST_STEP][PASSED] - validationMessage = excelTestData.getValue(6, 16): null

2021-02-18 19:43:45 - [TEST_STEP][PASSED] - ClickHereToResendLink = excelTestData.getValue(7, 16): null

2021-02-18 19:43:45 - [TEST_STEP][PASSED] - sendKeys(findTestObject("Object Repository/LoginAndRigisterUser/FirstName_Input"), firstName): Keys 'Ashok' sent to object: 'Object Repository/LoginAndRigisterUser/FirstName_Input'

2021-02-18 19:43:46 - [MESSAGE][PASSED] - Keys 'Ashok' sent to object: 'Object Repository/LoginAndRigisterUser/FirstName_Input'

2021-02-18 19:43:46 - [TEST_STEP][PASSED] - sendKeys(findTestObject("Object Repository/LoginAndRigisterUser/LastName_Input"), lastName): Keys 'Abdul' sent to object: 'Object Repository/LoginAndRigisterUser/LastName_Input'

2021-02-18 19:43:46 - [MESSAGE][PASSED] - Keys 'Abdul' sent to object: 'Object Repository/LoginAndRigisterUser/LastName_Input'

2021-02-18 19:43:46 - [TEST_STEP][PASSED] - RandomNum = customKeywords.commanFunctions.getRandomNumbers(): customKeywords.commanFunctions.getRandomNumbers is PASSED

2021-02-18 19:43:46 - [MESSAGE][PASSED] - customKeywords.commanFunctions.getRandomNumbers is PASSED

2021-02-18 19:43:46 - [TEST_STEP][PASSED] - mobileNumber = "0" + mobileNum + RandomNum: null

2021-02-18 19:43:46 - [TEST_STEP][PASSED] - sendKeys(findTestObject("Object Repository/LoginAndRigisterUser/MobileNumber_Input"), mobileNumber): Keys '0573486660' sent to object: 'Object Repository/LoginAndRigisterUser/MobileNumber_Input'

2021-02-18 19:43:47 - [MESSAGE][PASSED] - Keys '0573486660' sent to object: 'Object Repository/LoginAndRigisterUser/MobileNumber_Input'

2021-02-18 19:43:47 - [TEST_STEP][PASSED] - str = customKeywords.commanFunctions.getRandomAlphaString(4): customKeywords.commanFunctions.getRandomAlphaString is PASSED

2021-02-18 19:43:47 - [MESSAGE][PASSED] - customKeywords.commanFunctions.getRandomAlphaString is PASSED

2021-02-18 19:43:47 - [TEST_STEP][PASSED] - emailID = "test_" + str + "@email.com": null

2021-02-18 19:43:47 - [TEST_STEP][PASSED] - sendKeys(findTestObject("Object Repository/LoginAndRigisterUser/Reg_Email_Input"), emailID): Keys 'test_oefh@email.com' sent to object: 'Object Repository/LoginAndRigisterUser/Reg_Email_Input'

2021-02-18 19:43:47 - [MESSAGE][PASSED] - Keys 'test_oefh@email.com' sent to object: 'Object Repository/LoginAndRigisterUser/Reg_Email_Input'

2021-02-18 19:43:47 - [TEST_STEP][PASSED] - sendKeys(findTestObject("Object Repository/LoginAndRigisterUser/ReEnter_Email_Input"), emailID): Keys 'test_oefh@email.com' sent to object: 'Object Repository/LoginAndRigisterUser/ReEnter_Email_Input'

2021-02-18 19:43:48 - [MESSAGE][PASSED] - Keys 'test_oefh@email.com' sent to object: 'Object Repository/LoginAndRigisterUser/ReEnter_Email_Input'

2021-02-18 19:43:48 - [TEST_STEP][PASSED] - customKeywords.commanFunctions.clickElementWithJS(CheckBoxTermsAndCondition): customKeywords.commanFunctions.clickElementWithJS is PASSED

2021-02-18 19:43:48 - [MESSAGE][INFO] - Clicked on element with JS

2021-02-18 19:43:48 - [MESSAGE][PASSED] - customKeywords.commanFunctions.clickElementWithJS is PASSED

2021-02-18 19:43:48 - [TEST_STEP][PASSED] - customKeywords.commanFunctions.clickElementWithJS(RigisterBtn): customKeywords.commanFunctions.clickElementWithJS is PASSED

2021-02-18 19:43:49 - [MESSAGE][INFO] - Clicked on element with JS

2021-02-18 19:43:49 - [MESSAGE][PASSED] - customKeywords.commanFunctions.clickElementWithJS is PASSED

2021-02-18 19:43:49 - [TEST_STEP][PASSED] - customKeywords.commanFunctions.otpRigistration(): customKeywords.commanFunctions.otpRigistration is PASSED

2021-02-18 19:43:51 - [MESSAGE][PASSED] - Keys '0' sent to object: 'Object Repository/LoginAndRigisterUser/otpOne'

2021-02-18 19:43:51 - [MESSAGE][PASSED] - Keys '0' sent to object: 'Object Repository/LoginAndRigisterUser/otpTwo'

2021-02-18 19:43:52 - [MESSAGE][PASSED] - Keys '0' sent to object: 'Object Repository/LoginAndRigisterUser/otpThree'

2021-02-18 19:43:52 - [MESSAGE][PASSED] - Keys '0' sent to object: 'Object Repository/LoginAndRigisterUser/otpFour'

2021-02-18 19:43:53 - [MESSAGE][PASSED] - Keys '0' sent to object: 'Object Repository/LoginAndRigisterUser/otpFive'

2021-02-18 19:43:54 - [MESSAGE][INFO] - Clicked on element with JS

2021-02-18 19:43:54 - [MESSAGE][PASSED] - customKeywords.commanFunctions.otpRigistration is PASSED

2021-02-18 19:43:54 - [TEST_STEP][PASSED] - verifyTextPresent(validationMessage, false): Text 'Thank you for your registration. To verify your email, please follow the instructions sent to you by email.' is present on page 

2021-02-18 19:43:56 - [MESSAGE][PASSED] - Text 'Thank you for your registration. To verify your email, please follow the instructions sent to you by email.' is present on page 

2021-02-18 19:43:56 - [TEST_STEP][PASSED] - verifyTextPresent(ClickHereToResendLink, false): Text 'Click here to resend the email' is present on page 

2021-02-18 19:43:56 - [MESSAGE][PASSED] - Text 'Click here to resend the email' is present on page 

2021-02-18 19:43:56 - [TEST_STEP][PASSED] - delay(2): Delayed 2 second(s)

2021-02-18 19:43:58 - [MESSAGE][PASSED] - Delayed 2 second(s)

2021-02-18 19:43:58 - [MESSAGE][PASSED] - Call Test Case 'Test Cases/TC_Login_RegisterUserAndForgotYourPassword/CommanTCs/TC_RigisterUserWithValidTestDataAndVerify' successfully

2021-02-18 19:43:58 - [TEST_STEP][PASSED] - customKeywords.commanFunctions.onlyCloseBrowser(): customKeywords.commanFunctions.onlyCloseBrowser is PASSED

2021-02-18 19:43:59 - [MESSAGE][PASSED] - Browser is closed

2021-02-18 19:43:59 - [MESSAGE][PASSED] - customKeywords.commanFunctions.onlyCloseBrowser is PASSED]]></system-out>
         <system-err><![CDATA[]]></system-err>
      </testcase>
      <system-out><![CDATA[2021-02-18 19:41:05 - [TEST_SUITE][PASSED] - Login_Suite: Test Cases/TC_Login_RegisterUserAndForgotYourPassword/BasicTCs/TC_RigisterUserWithValidTestDataAndVerifyValidationMsg]]></system-out>
      <system-err><![CDATA[]]></system-err>
   </testsuite>
</testsuites>
