<?xml version="1.0" encoding="UTF-8"?>
<testsuites name="Suite_LogIn_RigisterUserAndForgotPwd_Module" time="1699.688" tests="32" failures="8" skips="0" errors="0">
   <testsuite name="Suite_LogIn_RigisterUserAndForgotPwd_Module" tests="32" failures="8" errors="0" time="1699.688" skips="0" timestamp="2021-02-03 22:46:03" hostname="araha - LAPTOP-CLOFSUPE" id="Test Suites/LogIn_RigisterUserAndForgotPwd_Module/Suite_LogIn_RigisterUserAndForgotPwd_Module">
      <properties>
[...]
</properties>
      <testcase name="Test Cases/TC_Login_RigisterUserAndForgotYourPassword/BasicTCs/CSP-T74_1.0_As a User, I want to verify that system send me a forget my password link when I request" time="32.112" classname="Test Cases/TC_Login_RigisterUserAndForgotYourPassword/BasicTCs/CSP-T74_1.0_As a User, I want to verify that system send me a forget my password link when I request" status="PASSED">
         <system-out><![CDATA[2021-02-03 22:46:05 - [TEST_CASE][PASSED] - Test Cases/TC_Login_RigisterUserAndForgotYourPassword/BasicTCs/CSP-T74_1.0_As a User, I want to verify that system send me a forget my password link when I request: Test Cases/TC_Login_RigisterUserAndForgotYourPassword/BasicTCs/CSP-T74_1.0_As a User, I want to verify that system send me a forget my password link when I request

2021-02-03 22:46:05 - [TEST_STEP][PASSED] - excelTestData = findTestData("Data Files/TestData/InspectTestData"): null

2021-02-03 22:46:06 - [TEST_STEP][PASSED] - validationMessage = excelTestData.getValue(2, 8): null

2021-02-03 22:46:06 - [TEST_STEP][PASSED] - obj = findTestObject("LoginAndRigisterUser/LoginLink"): null

2021-02-03 22:46:06 - [TEST_STEP][PASSED] - forgotPwd = findTestObject("Object Repository/LoginAndRigisterUser/ForgotPwd"): null

2021-02-03 22:46:06 - [TEST_STEP][PASSED] - ForgotPwdSubmitBtn = findTestObject("Object Repository/LoginAndRigisterUser/ForgotPwdSubmitBtn"): null

2021-02-03 22:46:06 - [TEST_STEP][PASSED] - customKeywords.commanFunctions.openBrowser(): customKeywords.commanFunctions.openBrowser is PASSED

2021-02-03 22:46:07 - [MESSAGE][INFO] - Starting 'Chrome' driver

2021-02-03 22:46:07 - [MESSAGE][INFO] - Action delay is set to 0 milliseconds

2021-02-03 22:46:25 - [MESSAGE][PASSED] - Browser is opened with url: 'https://Inspect.Stage.site.sa'

2021-02-03 22:46:27 - [MESSAGE][PASSED] - Current window maximized

2021-02-03 22:46:27 - [MESSAGE][PASSED] - Wait for page load successfully

2021-02-03 22:46:27 - [MESSAGE][PASSED] - customKeywords.commanFunctions.openBrowser is PASSED

2021-02-03 22:46:27 - [TEST_STEP][PASSED] - waitForElementClickable(findTestObject("LoginAndRigisterUser/LoginLink"), TimeOut): Object 'Object Repository/LoginAndRigisterUser/LoginLink' is clickable

2021-02-03 22:46:28 - [MESSAGE][PASSED] - Object 'Object Repository/LoginAndRigisterUser/LoginLink' is clickable

2021-02-03 22:46:28 - [TEST_STEP][PASSED] - customKeywords.commanFunctions.clickElementWithJS(obj): customKeywords.commanFunctions.clickElementWithJS is PASSED

2021-02-03 22:46:29 - [MESSAGE][INFO] - Clicked on element with JS

2021-02-03 22:46:29 - [MESSAGE][PASSED] - customKeywords.commanFunctions.clickElementWithJS is PASSED

2021-02-03 22:46:29 - [TEST_STEP][PASSED] - waitForElementClickable(findTestObject("Object Repository/LoginAndRigisterUser/ForgotPwd"), TimeOut): Object 'Object Repository/LoginAndRigisterUser/ForgotPwd' is clickable

2021-02-03 22:46:30 - [MESSAGE][PASSED] - Object 'Object Repository/LoginAndRigisterUser/ForgotPwd' is clickable

2021-02-03 22:46:30 - [TEST_STEP][PASSED] - customKeywords.commanFunctions.clickElementWithJS(forgotPwd): customKeywords.commanFunctions.clickElementWithJS is PASSED

2021-02-03 22:46:31 - [MESSAGE][INFO] - Clicked on element with JS

2021-02-03 22:46:31 - [MESSAGE][PASSED] - customKeywords.commanFunctions.clickElementWithJS is PASSED

2021-02-03 22:46:31 - [TEST_STEP][PASSED] - sendKeys(findTestObject("Object Repository/LoginAndRigisterUser/ForgotPwd_Email_Input"), AdminUserName): Keys 'admin@example.com' sent to object: 'Object Repository/LoginAndRigisterUser/ForgotPwd_Email_Input'

2021-02-03 22:46:31 - [MESSAGE][PASSED] - Keys 'admin@example.com' sent to object: 'Object Repository/LoginAndRigisterUser/ForgotPwd_Email_Input'

2021-02-03 22:46:31 - [TEST_STEP][PASSED] - customKeywords.commanFunctions.clickElementWithJS(ForgotPwdSubmitBtn): customKeywords.commanFunctions.clickElementWithJS is PASSED

2021-02-03 22:46:32 - [MESSAGE][INFO] - Clicked on element with JS

2021-02-03 22:46:32 - [MESSAGE][PASSED] - customKeywords.commanFunctions.clickElementWithJS is PASSED

2021-02-03 22:46:32 - [TEST_STEP][PASSED] - verifyTextPresent(validationMessage, false): Text 'An email with a reset link was sent to your email. Please click on the link to reset your password' is present on page 

2021-02-03 22:46:36 - [MESSAGE][PASSED] - Text 'An email with a reset link was sent to your email. Please click on the link to reset your password' is present on page 

2021-02-03 22:46:36 - [TEST_STEP][PASSED] - customKeywords.commanFunctions.onlyCloseBrowser(): customKeywords.commanFunctions.onlyCloseBrowser is PASSED

2021-02-03 22:46:37 - [MESSAGE][PASSED] - Browser is closed

2021-02-03 22:46:37 - [MESSAGE][PASSED] - customKeywords.commanFunctions.onlyCloseBrowser is PASSED]]></system-out>
         <system-err><![CDATA[]]></system-err>
      </testcase>
      <testcase name="Test Cases/TC_Login_RigisterUserAndForgotYourPassword/BasicTCs/CSP-T75_1.0_As a User, I want to verify that System detects incorrect user email when requesting forget my password link" time="27.743" classname="Test Cases/TC_Login_RigisterUserAndForgotYourPassword/BasicTCs/CSP-T75_1.0_As a User, I want to verify that System detects incorrect user email when requesting forget my password link" status="PASSED">
         <system-out><![CDATA[2021-02-03 22:46:37 - [TEST_CASE][PASSED] - Test Cases/TC_Login_RigisterUserAndForgotYourPassword/BasicTCs/CSP-T75_1.0_As a User, I want to verify that System detects incorrect user email when requesting forget my password link: Test Cases/TC_Login_RigisterUserAndForgotYourPassword/BasicTCs/CSP-T75_1.0_As a User, I want to verify that System detects incorrect user email when requesting forget my password link

2021-02-03 22:46:37 - [TEST_STEP][PASSED] - excelTestData = findTestData("Data Files/TestData/InspectTestData"): null

2021-02-03 22:46:37 - [TEST_STEP][PASSED] - validationMessage = excelTestData.getValue(2, 12): null

2021-02-03 22:46:37 - [TEST_STEP][PASSED] - obj = findTestObject("LoginAndRigisterUser/LoginLink"): null

2021-02-03 22:46:37 - [TEST_STEP][PASSED] - forgotPwd = findTestObject("Object Repository/LoginAndRigisterUser/ForgotPwd"): null

2021-02-03 22:46:37 - [TEST_STEP][PASSED] - ForgotPwdSubmitBtn = findTestObject("Object Repository/LoginAndRigisterUser/ForgotPwdSubmitBtn"): null

2021-02-03 22:46:38 - [TEST_STEP][PASSED] - customKeywords.commanFunctions.openBrowser(): customKeywords.commanFunctions.openBrowser is PASSED

2021-02-03 22:46:38 - [MESSAGE][INFO] - Starting 'Chrome' driver

2021-02-03 22:46:38 - [MESSAGE][INFO] - Action delay is set to 0 milliseconds

2021-02-03 22:46:55 - [MESSAGE][PASSED] - Browser is opened with url: 'https://Inspect.Stage.site.sa'

2021-02-03 22:46:57 - [MESSAGE][PASSED] - Current window maximized

2021-02-03 22:46:57 - [MESSAGE][PASSED] - Wait for page load successfully

2021-02-03 22:46:57 - [MESSAGE][PASSED] - customKeywords.commanFunctions.openBrowser is PASSED

2021-02-03 22:46:57 - [TEST_STEP][PASSED] - waitForElementClickable(findTestObject("LoginAndRigisterUser/LoginLink"), TimeOut): Object 'Object Repository/LoginAndRigisterUser/LoginLink' is clickable

2021-02-03 22:46:58 - [MESSAGE][PASSED] - Object 'Object Repository/LoginAndRigisterUser/LoginLink' is clickable

2021-02-03 22:46:58 - [TEST_STEP][PASSED] - customKeywords.commanFunctions.clickElementWithJS(obj): customKeywords.commanFunctions.clickElementWithJS is PASSED

2021-02-03 22:46:59 - [MESSAGE][INFO] - Clicked on element with JS

2021-02-03 22:46:59 - [MESSAGE][PASSED] - customKeywords.commanFunctions.clickElementWithJS is PASSED

2021-02-03 22:46:59 - [TEST_STEP][PASSED] - waitForElementClickable(findTestObject("Object Repository/LoginAndRigisterUser/ForgotPwd"), TimeOut): Object 'Object Repository/LoginAndRigisterUser/ForgotPwd' is clickable

2021-02-03 22:46:59 - [MESSAGE][PASSED] - Object 'Object Repository/LoginAndRigisterUser/ForgotPwd' is clickable

2021-02-03 22:46:59 - [TEST_STEP][PASSED] - customKeywords.commanFunctions.clickElementWithJS(forgotPwd): customKeywords.commanFunctions.clickElementWithJS is PASSED

2021-02-03 22:47:00 - [MESSAGE][INFO] - Clicked on element with JS

2021-02-03 22:47:00 - [MESSAGE][PASSED] - customKeywords.commanFunctions.clickElementWithJS is PASSED

2021-02-03 22:47:00 - [TEST_STEP][PASSED] - str = customKeywords.commanFunctions.getRandomAlphaString(5): customKeywords.commanFunctions.getRandomAlphaString is PASSED

2021-02-03 22:47:01 - [MESSAGE][PASSED] - customKeywords.commanFunctions.getRandomAlphaString is PASSED

2021-02-03 22:47:01 - [TEST_STEP][PASSED] - email = "test_" + str + "@email.com": null

2021-02-03 22:47:01 - [TEST_STEP][PASSED] - sendKeys(findTestObject("Object Repository/LoginAndRigisterUser/ForgotPwd_Email_Input"), email): Keys 'test_cquns@email.com' sent to object: 'Object Repository/LoginAndRigisterUser/ForgotPwd_Email_Input'

2021-02-03 22:47:01 - [MESSAGE][PASSED] - Keys 'test_cquns@email.com' sent to object: 'Object Repository/LoginAndRigisterUser/ForgotPwd_Email_Input'

2021-02-03 22:47:01 - [TEST_STEP][PASSED] - customKeywords.commanFunctions.clickElementWithJS(ForgotPwdSubmitBtn): customKeywords.commanFunctions.clickElementWithJS is PASSED

2021-02-03 22:47:02 - [MESSAGE][INFO] - Clicked on element with JS

2021-02-03 22:47:02 - [MESSAGE][PASSED] - customKeywords.commanFunctions.clickElementWithJS is PASSED

2021-02-03 22:47:02 - [TEST_STEP][PASSED] - verifyTextPresent(validationMessage, false): Text 'The user credentials provided is incorrect' is present on page 

2021-02-03 22:47:03 - [MESSAGE][PASSED] - Text 'The user credentials provided is incorrect' is present on page 

2021-02-03 22:47:03 - [TEST_STEP][PASSED] - customKeywords.commanFunctions.onlyCloseBrowser(): customKeywords.commanFunctions.onlyCloseBrowser is PASSED

2021-02-03 22:47:05 - [MESSAGE][PASSED] - Browser is closed

2021-02-03 22:47:05 - [MESSAGE][PASSED] - customKeywords.commanFunctions.onlyCloseBrowser is PASSED]]></system-out>
         <system-err><![CDATA[]]></system-err>
      </testcase>
      <testcase name="Test Cases/TC_Login_RigisterUserAndForgotYourPassword/BasicTCs/TC_LoginUserWithInValidCredentialsAndVerifyErrorMsg" time="28.943" classname="Test Cases/TC_Login_RigisterUserAndForgotYourPassword/BasicTCs/TC_LoginUserWithInValidCredentialsAndVerifyErrorMsg" status="PASSED">
         <system-out><![CDATA[2021-02-03 22:47:05 - [TEST_CASE][PASSED] - Test Cases/TC_Login_RigisterUserAndForgotYourPassword/BasicTCs/TC_LoginUserWithInValidCredentialsAndVerifyErrorMsg: Test Cases/TC_Login_RigisterUserAndForgotYourPassword/BasicTCs/TC_LoginUserWithInValidCredentialsAndVerifyErrorMsg

2021-02-03 22:47:05 - [TEST_STEP][PASSED] - excelTestData = findTestData("Data Files/TestData/InspectTestData"): null

2021-02-03 22:47:05 - [TEST_STEP][PASSED] - validationMessage = excelTestData.getValue(2, 4): null

2021-02-03 22:47:05 - [TEST_STEP][PASSED] - obj = findTestObject("LoginAndRigisterUser/LoginLink"): null

2021-02-03 22:47:05 - [TEST_STEP][PASSED] - LoginBtn = findTestObject("Object Repository/LoginAndRigisterUser/LoginBtn"): null

2021-02-03 22:47:05 - [TEST_STEP][PASSED] - customKeywords.commanFunctions.openBrowser(): customKeywords.commanFunctions.openBrowser is PASSED

2021-02-03 22:47:05 - [MESSAGE][INFO] - Starting 'Chrome' driver

2021-02-03 22:47:05 - [MESSAGE][INFO] - Action delay is set to 0 milliseconds

2021-02-03 22:47:23 - [MESSAGE][PASSED] - Browser is opened with url: 'https://Inspect.Stage.site.sa'

2021-02-03 22:47:25 - [MESSAGE][PASSED] - Current window maximized

2021-02-03 22:47:25 - [MESSAGE][PASSED] - Wait for page load successfully

2021-02-03 22:47:25 - [MESSAGE][PASSED] - customKeywords.commanFunctions.openBrowser is PASSED

2021-02-03 22:47:25 - [TEST_STEP][PASSED] - waitForElementClickable(findTestObject("LoginAndRigisterUser/LoginLink"), TimeOut): Object 'Object Repository/LoginAndRigisterUser/LoginLink' is clickable

2021-02-03 22:47:26 - [MESSAGE][PASSED] - Object 'Object Repository/LoginAndRigisterUser/LoginLink' is clickable

2021-02-03 22:47:26 - [TEST_STEP][PASSED] - customKeywords.commanFunctions.clickElementWithJS(obj): customKeywords.commanFunctions.clickElementWithJS is PASSED

2021-02-03 22:47:27 - [MESSAGE][INFO] - Clicked on element with JS

2021-02-03 22:47:27 - [MESSAGE][PASSED] - customKeywords.commanFunctions.clickElementWithJS is PASSED

2021-02-03 22:47:27 - [TEST_STEP][PASSED] - strOne = customKeywords.commanFunctions.getRandomAlphaString(5): customKeywords.commanFunctions.getRandomAlphaString is PASSED

2021-02-03 22:47:27 - [MESSAGE][PASSED] - customKeywords.commanFunctions.getRandomAlphaString is PASSED

2021-02-03 22:47:27 - [TEST_STEP][PASSED] - email = "test_" + strOne + "@email.com": null

2021-02-03 22:47:27 - [TEST_STEP][PASSED] - str = customKeywords.commanFunctions.getRandomAlphaString(5): customKeywords.commanFunctions.getRandomAlphaString is PASSED

2021-02-03 22:47:28 - [MESSAGE][PASSED] - customKeywords.commanFunctions.getRandomAlphaString is PASSED

2021-02-03 22:47:28 - [TEST_STEP][PASSED] - password = "Test@" + str: null

2021-02-03 22:47:28 - [TEST_STEP][PASSED] - sendKeys(findTestObject("Object Repository/LoginAndRigisterUser/UserName_Email_Input"), email): Keys 'test_lrjxv@email.com' sent to object: 'Object Repository/LoginAndRigisterUser/UserName_Email_Input'

2021-02-03 22:47:29 - [MESSAGE][PASSED] - Keys 'test_lrjxv@email.com' sent to object: 'Object Repository/LoginAndRigisterUser/UserName_Email_Input'

2021-02-03 22:47:29 - [TEST_STEP][PASSED] - sendKeys(findTestObject("Object Repository/LoginAndRigisterUser/Password_Input"), password): Keys 'Test@uvzsc' sent to object: 'Object Repository/LoginAndRigisterUser/Password_Input'

2021-02-03 22:47:29 - [MESSAGE][PASSED] - Keys 'Test@uvzsc' sent to object: 'Object Repository/LoginAndRigisterUser/Password_Input'

2021-02-03 22:47:29 - [TEST_STEP][PASSED] - waitForElementClickable(LoginBtn, TimeOut): Object 'Object Repository/LoginAndRigisterUser/LoginBtn' is clickable

2021-02-03 22:47:30 - [MESSAGE][PASSED] - Object 'Object Repository/LoginAndRigisterUser/LoginBtn' is clickable

2021-02-03 22:47:30 - [TEST_STEP][PASSED] - customKeywords.commanFunctions.clickElementWithJS(LoginBtn): customKeywords.commanFunctions.clickElementWithJS is PASSED

2021-02-03 22:47:31 - [MESSAGE][INFO] - Clicked on element with JS

2021-02-03 22:47:31 - [MESSAGE][PASSED] - customKeywords.commanFunctions.clickElementWithJS is PASSED

2021-02-03 22:47:31 - [TEST_STEP][PASSED] - verifyTextPresent(validationMessage, false): Text 'Incorrect email or password' is present on page 

2021-02-03 22:47:32 - [MESSAGE][PASSED] - Text 'Incorrect email or password' is present on page 

2021-02-03 22:47:32 - [TEST_STEP][PASSED] - customKeywords.commanFunctions.onlyCloseBrowser(): customKeywords.commanFunctions.onlyCloseBrowser is PASSED

2021-02-03 22:47:34 - [MESSAGE][PASSED] - Browser is closed

2021-02-03 22:47:34 - [MESSAGE][PASSED] - customKeywords.commanFunctions.onlyCloseBrowser is PASSED]]></system-out>
         <system-err><![CDATA[]]></system-err>
      </testcase>
      <testcase name="Test Cases/TC_Login_RigisterUserAndForgotYourPassword/BasicTCs/TC_LoginUserWithInValidPasswordAndVerifyLoginShouldNotSucss" time="28.15" classname="Test Cases/TC_Login_RigisterUserAndForgotYourPassword/BasicTCs/TC_LoginUserWithInValidPasswordAndVerifyLoginShouldNotSucss" status="PASSED">
         <system-out><![CDATA[2021-02-03 22:47:34 - [TEST_CASE][PASSED] - Test Cases/TC_Login_RigisterUserAndForgotYourPassword/BasicTCs/TC_LoginUserWithInValidPasswordAndVerifyLoginShouldNotSucss: Test Cases/TC_Login_RigisterUserAndForgotYourPassword/BasicTCs/TC_LoginUserWithInValidPasswordAndVerifyLoginShouldNotSucss

2021-02-03 22:47:34 - [TEST_STEP][PASSED] - excelTestData = findTestData("Data Files/TestData/InspectTestData"): null

2021-02-03 22:47:34 - [TEST_STEP][PASSED] - validationMessage = excelTestData.getValue(2, 4): null

2021-02-03 22:47:34 - [TEST_STEP][PASSED] - obj = findTestObject("LoginAndRigisterUser/LoginLink"): null

2021-02-03 22:47:34 - [TEST_STEP][PASSED] - LoginBtn = findTestObject("Object Repository/LoginAndRigisterUser/LoginBtn"): null

2021-02-03 22:47:34 - [TEST_STEP][PASSED] - customKeywords.commanFunctions.openBrowser(): customKeywords.commanFunctions.openBrowser is PASSED

2021-02-03 22:47:34 - [MESSAGE][INFO] - Starting 'Chrome' driver

2021-02-03 22:47:34 - [MESSAGE][INFO] - Action delay is set to 0 milliseconds

2021-02-03 22:47:52 - [MESSAGE][PASSED] - Browser is opened with url: 'https://Inspect.Stage.site.sa'

2021-02-03 22:47:54 - [MESSAGE][PASSED] - Current window maximized

2021-02-03 22:47:54 - [MESSAGE][PASSED] - Wait for page load successfully

2021-02-03 22:47:54 - [MESSAGE][PASSED] - customKeywords.commanFunctions.openBrowser is PASSED

2021-02-03 22:47:54 - [TEST_STEP][PASSED] - waitForElementClickable(findTestObject("LoginAndRigisterUser/LoginLink"), TimeOut): Object 'Object Repository/LoginAndRigisterUser/LoginLink' is clickable

2021-02-03 22:47:55 - [MESSAGE][PASSED] - Object 'Object Repository/LoginAndRigisterUser/LoginLink' is clickable

2021-02-03 22:47:55 - [TEST_STEP][PASSED] - customKeywords.commanFunctions.clickElementWithJS(obj): customKeywords.commanFunctions.clickElementWithJS is PASSED

2021-02-03 22:47:56 - [MESSAGE][INFO] - Clicked on element with JS

2021-02-03 22:47:56 - [MESSAGE][PASSED] - customKeywords.commanFunctions.clickElementWithJS is PASSED

2021-02-03 22:47:56 - [TEST_STEP][PASSED] - str = customKeywords.commanFunctions.getRandomAlphaString(5): customKeywords.commanFunctions.getRandomAlphaString is PASSED

2021-02-03 22:47:56 - [MESSAGE][PASSED] - customKeywords.commanFunctions.getRandomAlphaString is PASSED

2021-02-03 22:47:56 - [TEST_STEP][PASSED] - password = "Test@" + str: null

2021-02-03 22:47:56 - [TEST_STEP][PASSED] - sendKeys(findTestObject("Object Repository/LoginAndRigisterUser/UserName_Email_Input"), AdminUserName): Keys 'admin@example.com' sent to object: 'Object Repository/LoginAndRigisterUser/UserName_Email_Input'

2021-02-03 22:47:57 - [MESSAGE][PASSED] - Keys 'admin@example.com' sent to object: 'Object Repository/LoginAndRigisterUser/UserName_Email_Input'

2021-02-03 22:47:57 - [TEST_STEP][PASSED] - sendKeys(findTestObject("Object Repository/LoginAndRigisterUser/Password_Input"), password): Keys 'Test@arnnv' sent to object: 'Object Repository/LoginAndRigisterUser/Password_Input'

2021-02-03 22:47:57 - [MESSAGE][PASSED] - Keys 'Test@arnnv' sent to object: 'Object Repository/LoginAndRigisterUser/Password_Input'

2021-02-03 22:47:57 - [TEST_STEP][PASSED] - waitForElementClickable(LoginBtn, TimeOut): Object 'Object Repository/LoginAndRigisterUser/LoginBtn' is clickable

2021-02-03 22:47:58 - [MESSAGE][PASSED] - Object 'Object Repository/LoginAndRigisterUser/LoginBtn' is clickable

2021-02-03 22:47:58 - [TEST_STEP][PASSED] - customKeywords.commanFunctions.clickElementWithJS(LoginBtn): customKeywords.commanFunctions.clickElementWithJS is PASSED

2021-02-03 22:47:59 - [MESSAGE][INFO] - Clicked on element with JS

2021-02-03 22:47:59 - [MESSAGE][PASSED] - customKeywords.commanFunctions.clickElementWithJS is PASSED

2021-02-03 22:47:59 - [TEST_STEP][PASSED] - verifyTextPresent(validationMessage, false): Text 'Incorrect email or password' is present on page 

2021-02-03 22:48:00 - [MESSAGE][PASSED] - Text 'Incorrect email or password' is present on page 

2021-02-03 22:48:00 - [TEST_STEP][PASSED] - customKeywords.commanFunctions.onlyCloseBrowser(): customKeywords.commanFunctions.onlyCloseBrowser is PASSED

2021-02-03 22:48:02 - [MESSAGE][PASSED] - Browser is closed

2021-02-03 22:48:02 - [MESSAGE][PASSED] - customKeywords.commanFunctions.onlyCloseBrowser is PASSED]]></system-out>
         <system-err><![CDATA[]]></system-err>
      </testcase>
      <testcase name="Test Cases/TC_Login_RigisterUserAndForgotYourPassword/BasicTCs/TC_LoginUserWithInValidUserNameAndVerifyLoginShouldNotSucss" time="25.562" classname="Test Cases/TC_Login_RigisterUserAndForgotYourPassword/BasicTCs/TC_LoginUserWithInValidUserNameAndVerifyLoginShouldNotSucss" status="PASSED">
         <system-out><![CDATA[2021-02-03 22:48:02 - [TEST_CASE][PASSED] - Test Cases/TC_Login_RigisterUserAndForgotYourPassword/BasicTCs/TC_LoginUserWithInValidUserNameAndVerifyLoginShouldNotSucss: Test Cases/TC_Login_RigisterUserAndForgotYourPassword/BasicTCs/TC_LoginUserWithInValidUserNameAndVerifyLoginShouldNotSucss

2021-02-03 22:48:02 - [TEST_STEP][PASSED] - excelTestData = findTestData("Data Files/TestData/InspectTestData"): null

2021-02-03 22:48:02 - [TEST_STEP][PASSED] - validationMessage = excelTestData.getValue(2, 4): null

2021-02-03 22:48:02 - [TEST_STEP][PASSED] - obj = findTestObject("LoginAndRigisterUser/LoginLink"): null

2021-02-03 22:48:02 - [TEST_STEP][PASSED] - LoginBtn = findTestObject("Object Repository/LoginAndRigisterUser/LoginBtn"): null

2021-02-03 22:48:02 - [TEST_STEP][PASSED] - customKeywords.commanFunctions.openBrowser(): customKeywords.commanFunctions.openBrowser is PASSED

2021-02-03 22:48:03 - [MESSAGE][INFO] - Starting 'Chrome' driver

2021-02-03 22:48:03 - [MESSAGE][INFO] - Action delay is set to 0 milliseconds

2021-02-03 22:48:17 - [MESSAGE][PASSED] - Browser is opened with url: 'https://Inspect.Stage.site.sa'

2021-02-03 22:48:20 - [MESSAGE][PASSED] - Current window maximized

2021-02-03 22:48:20 - [MESSAGE][PASSED] - Wait for page load successfully

2021-02-03 22:48:20 - [MESSAGE][PASSED] - customKeywords.commanFunctions.openBrowser is PASSED

2021-02-03 22:48:20 - [TEST_STEP][PASSED] - waitForElementClickable(findTestObject("LoginAndRigisterUser/LoginLink"), TimeOut): Object 'Object Repository/LoginAndRigisterUser/LoginLink' is clickable

2021-02-03 22:48:20 - [MESSAGE][PASSED] - Object 'Object Repository/LoginAndRigisterUser/LoginLink' is clickable

2021-02-03 22:48:20 - [TEST_STEP][PASSED] - customKeywords.commanFunctions.clickElementWithJS(obj): customKeywords.commanFunctions.clickElementWithJS is PASSED

2021-02-03 22:48:21 - [MESSAGE][INFO] - Clicked on element with JS

2021-02-03 22:48:21 - [MESSAGE][PASSED] - customKeywords.commanFunctions.clickElementWithJS is PASSED

2021-02-03 22:48:21 - [TEST_STEP][PASSED] - str = customKeywords.commanFunctions.getRandomAlphaString(5): customKeywords.commanFunctions.getRandomAlphaString is PASSED

2021-02-03 22:48:22 - [MESSAGE][PASSED] - customKeywords.commanFunctions.getRandomAlphaString is PASSED

2021-02-03 22:48:22 - [TEST_STEP][PASSED] - email = "test_" + str + "@email.com": null

2021-02-03 22:48:22 - [TEST_STEP][PASSED] - sendKeys(findTestObject("Object Repository/LoginAndRigisterUser/UserName_Email_Input"), email): Keys 'test_jhlyw@email.com' sent to object: 'Object Repository/LoginAndRigisterUser/UserName_Email_Input'

2021-02-03 22:48:22 - [MESSAGE][PASSED] - Keys 'test_jhlyw@email.com' sent to object: 'Object Repository/LoginAndRigisterUser/UserName_Email_Input'

2021-02-03 22:48:22 - [TEST_STEP][PASSED] - sendKeys(findTestObject("Object Repository/LoginAndRigisterUser/Password_Input"), AdminPassWord): Keys 'Aa@12345' sent to object: 'Object Repository/LoginAndRigisterUser/Password_Input'

2021-02-03 22:48:23 - [MESSAGE][PASSED] - Keys 'Aa@12345' sent to object: 'Object Repository/LoginAndRigisterUser/Password_Input'

2021-02-03 22:48:23 - [TEST_STEP][PASSED] - waitForElementClickable(LoginBtn, TimeOut): Object 'Object Repository/LoginAndRigisterUser/LoginBtn' is clickable

2021-02-03 22:48:24 - [MESSAGE][PASSED] - Object 'Object Repository/LoginAndRigisterUser/LoginBtn' is clickable

2021-02-03 22:48:24 - [TEST_STEP][PASSED] - customKeywords.commanFunctions.clickElementWithJS(LoginBtn): customKeywords.commanFunctions.clickElementWithJS is PASSED

2021-02-03 22:48:25 - [MESSAGE][INFO] - Clicked on element with JS

2021-02-03 22:48:25 - [MESSAGE][PASSED] - customKeywords.commanFunctions.clickElementWithJS is PASSED

2021-02-03 22:48:25 - [TEST_STEP][PASSED] - verifyTextPresent(validationMessage, false): Text 'Incorrect email or password' is present on page 

2021-02-03 22:48:26 - [MESSAGE][PASSED] - Text 'Incorrect email or password' is present on page 

2021-02-03 22:48:26 - [TEST_STEP][PASSED] - customKeywords.commanFunctions.onlyCloseBrowser(): customKeywords.commanFunctions.onlyCloseBrowser is PASSED

2021-02-03 22:48:27 - [MESSAGE][PASSED] - Browser is closed

2021-02-03 22:48:27 - [MESSAGE][PASSED] - customKeywords.commanFunctions.onlyCloseBrowser is PASSED]]></system-out>
         <system-err><![CDATA[]]></system-err>
      </testcase>
      <testcase name="Test Cases/TC_Login_RigisterUserAndForgotYourPassword/BasicTCs/TC_LoginUserWithValidCredentialsAndVerifyLoginSucss" time="55.925" classname="Test Cases/TC_Login_RigisterUserAndForgotYourPassword/BasicTCs/TC_LoginUserWithValidCredentialsAndVerifyLoginSucss" status="FAILED">
         <failure type="FAILED" message="Test Cases/TC_Login_RigisterUserAndForgotYourPassword/BasicTCs/TC_LoginUserWithValidCredentialsAndVerifyLoginSucss FAILED.
Reason:
com.kms.katalon.core.exception.StepFailedException: Call Test Case 'Test Cases/TC_Login_RigisterUserAndForgotYourPassword/CommanTCs/TC_LoginToBrowserAsAdmin' failed
	at com.kms.katalon.core.keyword.builtin.CallTestCaseKeyword$_callTestCase_closure1.doCall(CallTestCaseKeyword.groovy:63)
	at com.kms.katalon.core.keyword.builtin.CallTestCaseKeyword$_callTestCase_closure1.call(CallTestCaseKeyword.groovy)
	at com.kms.katalon.core.keyword.internal.KeywordMain.runKeyword(KeywordMain.groovy:68)
	at com.kms.katalon.core.keyword.builtin.CallTestCaseKeyword.callTestCase(CallTestCaseKeyword.groovy:81)
	at com.kms.katalon.core.keyword.builtin.CallTestCaseKeyword.execute(CallTestCaseKeyword.groovy:44)
	at com.kms.katalon.core.keyword.internal.KeywordExecutor.executeKeywordForPlatform(KeywordExecutor.groovy:73)
	at com.kms.katalon.core.keyword.BuiltinKeywords.callTestCase(BuiltinKeywords.groovy:350)
	at TC_LoginUserWithValidCredentialsAndVerifyLoginSucss.run(TC_LoginUserWithValidCredentialsAndVerifyLoginSucss:18)
	at com.kms.katalon.core.main.ScriptEngine.run(ScriptEngine.java:194)
	at com.kms.katalon.core.main.ScriptEngine.runScriptAsRawText(ScriptEngine.java:119)
	at com.kms.katalon.core.main.TestCaseExecutor.runScript(TestCaseExecutor.java:394)
	at com.kms.katalon.core.main.TestCaseExecutor.doExecute(TestCaseExecutor.java:385)
	at com.kms.katalon.core.main.TestCaseExecutor.processExecutionPhase(TestCaseExecutor.java:364)
	at com.kms.katalon.core.main.TestCaseExecutor.accessMainPhase(TestCaseExecutor.java:356)
	at com.kms.katalon.core.main.TestCaseExecutor.execute(TestCaseExecutor.java:251)
	at com.kms.katalon.core.main.TestSuiteExecutor.accessTestCaseMainPhase(TestSuiteExecutor.java:203)
	at com.kms.katalon.core.main.TestSuiteExecutor.accessTestSuiteMainPhase(TestSuiteExecutor.java:152)
	at com.kms.katalon.core.main.TestSuiteExecutor.execute(TestSuiteExecutor.java:95)
	at com.kms.katalon.core.main.TestCaseMain.startTestSuite(TestCaseMain.java:157)
	at com.kms.katalon.core.main.TestCaseMain$startTestSuite$0.call(Unknown Source)
	at TempTestSuite1612372552149.run(TempTestSuite1612372552149.groovy:39)
Caused by: com.kms.katalon.core.exception.StepFailedException: Unable to send keys '0' to object 'Object Repository/LoginAndRigisterUser/otpOne'
	at com.kms.katalon.core.webui.keyword.internal.WebUIKeywordMain.stepFailed(WebUIKeywordMain.groovy:64)
	at com.kms.katalon.core.webui.keyword.internal.WebUIKeywordMain.runKeyword(WebUIKeywordMain.groovy:26)
	at com.kms.katalon.core.webui.keyword.builtin.SendKeysKeyword.sendKeys(SendKeysKeyword.groovy:60)
	at com.kms.katalon.core.webui.keyword.builtin.SendKeysKeyword.execute(SendKeysKeyword.groovy:38)
	at com.kms.katalon.core.keyword.internal.KeywordExecutor.executeKeywordForPlatform(KeywordExecutor.groovy:73)
	at com.kms.katalon.core.webui.keyword.WebUiBuiltInKeywords.sendKeys(WebUiBuiltInKeywords.groovy:861)
	at com.kms.katalon.core.webui.keyword.WebUiBuiltInKeywords$sendKeys$4.call(Unknown Source)
	at customKeywords.commanFunctions.otpLogin(commanFunctions.groovy:74)
	at customKeywords.commanFunctions.invokeMethod(commanFunctions.groovy)
	at com.kms.katalon.core.main.CustomKeywordDelegatingMetaClass.invokeStaticMethod(CustomKeywordDelegatingMetaClass.java:50)
	at TC_LoginToBrowserAsAdmin.run(TC_LoginToBrowserAsAdmin:29)
	at com.kms.katalon.core.main.ScriptEngine.run(ScriptEngine.java:194)
	at com.kms.katalon.core.main.ScriptEngine.runScriptAsRawText(ScriptEngine.java:119)
	at com.kms.katalon.core.main.TestCaseExecutor.runScript(TestCaseExecutor.java:394)
	at com.kms.katalon.core.main.TestCaseExecutor.doExecute(TestCaseExecutor.java:385)
	at com.kms.katalon.core.main.TestCaseExecutor.processExecutionPhase(TestCaseExecutor.java:364)
	at com.kms.katalon.core.main.TestCaseExecutor.accessMainPhase(TestCaseExecutor.java:356)
	at com.kms.katalon.core.main.TestCaseExecutor.execute(TestCaseExecutor.java:251)
	at com.kms.katalon.core.main.TestCaseMain.runTestCase(TestCaseMain.java:114)
	at com.kms.katalon.core.keyword.builtin.CallTestCaseKeyword$_callTestCase_closure1.doCall(CallTestCaseKeyword.groovy:59)
	... 20 more
Caused by: com.kms.katalon.core.webui.exception.WebElementNotFoundException: Web element with id: 'Object Repository/LoginAndRigisterUser/otpOne' located by '//*[@formcontrolname='otp_1']//*[@autofocus='autofocus']' not found
	at com.kms.katalon.core.webui.common.WebUiCommonHelper.findWebElement(WebUiCommonHelper.java:1369)
	at com.kms.katalon.core.webui.keyword.internal.WebUIAbstractKeyword.findWebElement(WebUIAbstractKeyword.groovy:27)
	at com.kms.katalon.core.webui.keyword.internal.WebUIAbstractKeyword.findWebElement(WebUIAbstractKeyword.groovy:26)
	at com.kms.katalon.core.webui.keyword.builtin.SendKeysKeyword$_sendKeys_closure1.doCall(SendKeysKeyword.groovy:52)
	at com.kms.katalon.core.webui.keyword.builtin.SendKeysKeyword$_sendKeys_closure1.call(SendKeysKeyword.groovy)
	at com.kms.katalon.core.webui.keyword.internal.WebUIKeywordMain.runKeyword(WebUIKeywordMain.groovy:20)
	... 38 more
"/>
         <system-out><![CDATA[2021-02-03 22:48:27 - [TEST_CASE][FAILED] - Test Cases/TC_Login_RigisterUserAndForgotYourPassword/BasicTCs/TC_LoginUserWithValidCredentialsAndVerifyLoginSucss: Test Cases/TC_Login_RigisterUserAndForgotYourPassword/BasicTCs/TC_LoginUserWithValidCredentialsAndVerifyLoginSucss FAILED.
Reason:
com.kms.katalon.core.exception.StepFailedException: Call Test Case 'Test Cases/TC_Login_RigisterUserAndForgotYourPassword/CommanTCs/TC_LoginToBrowserAsAdmin' failed
	at com.kms.katalon.core.keyword.builtin.CallTestCaseKeyword$_callTestCase_closure1.doCall(CallTestCaseKeyword.groovy:63)
	at com.kms.katalon.core.keyword.builtin.CallTestCaseKeyword$_callTestCase_closure1.call(CallTestCaseKeyword.groovy)
	at com.kms.katalon.core.keyword.internal.KeywordMain.runKeyword(KeywordMain.groovy:68)
	at com.kms.katalon.core.keyword.builtin.CallTestCaseKeyword.callTestCase(CallTestCaseKeyword.groovy:81)
	at com.kms.katalon.core.keyword.builtin.CallTestCaseKeyword.execute(CallTestCaseKeyword.groovy:44)
	at com.kms.katalon.core.keyword.internal.KeywordExecutor.executeKeywordForPlatform(KeywordExecutor.groovy:73)
	at com.kms.katalon.core.keyword.BuiltinKeywords.callTestCase(BuiltinKeywords.groovy:350)
	at TC_LoginUserWithValidCredentialsAndVerifyLoginSucss.run(TC_LoginUserWithValidCredentialsAndVerifyLoginSucss:18)
	at com.kms.katalon.core.main.ScriptEngine.run(ScriptEngine.java:194)
	at com.kms.katalon.core.main.ScriptEngine.runScriptAsRawText(ScriptEngine.java:119)
	at com.kms.katalon.core.main.TestCaseExecutor.runScript(TestCaseExecutor.java:394)
	at com.kms.katalon.core.main.TestCaseExecutor.doExecute(TestCaseExecutor.java:385)
	at com.kms.katalon.core.main.TestCaseExecutor.processExecutionPhase(TestCaseExecutor.java:364)
	at com.kms.katalon.core.main.TestCaseExecutor.accessMainPhase(TestCaseExecutor.java:356)
	at com.kms.katalon.core.main.TestCaseExecutor.execute(TestCaseExecutor.java:251)
	at com.kms.katalon.core.main.TestSuiteExecutor.accessTestCaseMainPhase(TestSuiteExecutor.java:203)
	at com.kms.katalon.core.main.TestSuiteExecutor.accessTestSuiteMainPhase(TestSuiteExecutor.java:152)
	at com.kms.katalon.core.main.TestSuiteExecutor.execute(TestSuiteExecutor.java:95)
	at com.kms.katalon.core.main.TestCaseMain.startTestSuite(TestCaseMain.java:157)
	at com.kms.katalon.core.main.TestCaseMain$startTestSuite$0.call(Unknown Source)
	at TempTestSuite1612372552149.run(TempTestSuite1612372552149.groovy:39)
Caused by: com.kms.katalon.core.exception.StepFailedException: Unable to send keys '0' to object 'Object Repository/LoginAndRigisterUser/otpOne'
	at com.kms.katalon.core.webui.keyword.internal.WebUIKeywordMain.stepFailed(WebUIKeywordMain.groovy:64)
	at com.kms.katalon.core.webui.keyword.internal.WebUIKeywordMain.runKeyword(WebUIKeywordMain.groovy:26)
	at com.kms.katalon.core.webui.keyword.builtin.SendKeysKeyword.sendKeys(SendKeysKeyword.groovy:60)
	at com.kms.katalon.core.webui.keyword.builtin.SendKeysKeyword.execute(SendKeysKeyword.groovy:38)
	at com.kms.katalon.core.keyword.internal.KeywordExecutor.executeKeywordForPlatform(KeywordExecutor.groovy:73)
	at com.kms.katalon.core.webui.keyword.WebUiBuiltInKeywords.sendKeys(WebUiBuiltInKeywords.groovy:861)
	at com.kms.katalon.core.webui.keyword.WebUiBuiltInKeywords$sendKeys$4.call(Unknown Source)
	at customKeywords.commanFunctions.otpLogin(commanFunctions.groovy:74)
	at customKeywords.commanFunctions.invokeMethod(commanFunctions.groovy)
	at com.kms.katalon.core.main.CustomKeywordDelegatingMetaClass.invokeStaticMethod(CustomKeywordDelegatingMetaClass.java:50)
	at TC_LoginToBrowserAsAdmin.run(TC_LoginToBrowserAsAdmin:29)
	at com.kms.katalon.core.main.ScriptEngine.run(ScriptEngine.java:194)
	at com.kms.katalon.core.main.ScriptEngine.runScriptAsRawText(ScriptEngine.java:119)
	at com.kms.katalon.core.main.TestCaseExecutor.runScript(TestCaseExecutor.java:394)
	at com.kms.katalon.core.main.TestCaseExecutor.doExecute(TestCaseExecutor.java:385)
	at com.kms.katalon.core.main.TestCaseExecutor.processExecutionPhase(TestCaseExecutor.java:364)
	at com.kms.katalon.core.main.TestCaseExecutor.accessMainPhase(TestCaseExecutor.java:356)
	at com.kms.katalon.core.main.TestCaseExecutor.execute(TestCaseExecutor.java:251)
	at com.kms.katalon.core.main.TestCaseMain.runTestCase(TestCaseMain.java:114)
	at com.kms.katalon.core.keyword.builtin.CallTestCaseKeyword$_callTestCase_closure1.doCall(CallTestCaseKeyword.groovy:59)
	... 20 more
Caused by: com.kms.katalon.core.webui.exception.WebElementNotFoundException: Web element with id: 'Object Repository/LoginAndRigisterUser/otpOne' located by '//*[@formcontrolname='otp_1']//*[@autofocus='autofocus']' not found
	at com.kms.katalon.core.webui.common.WebUiCommonHelper.findWebElement(WebUiCommonHelper.java:1369)
	at com.kms.katalon.core.webui.keyword.internal.WebUIAbstractKeyword.findWebElement(WebUIAbstractKeyword.groovy:27)
	at com.kms.katalon.core.webui.keyword.internal.WebUIAbstractKeyword.findWebElement(WebUIAbstractKeyword.groovy:26)
	at com.kms.katalon.core.webui.keyword.builtin.SendKeysKeyword$_sendKeys_closure1.doCall(SendKeysKeyword.groovy:52)
	at com.kms.katalon.core.webui.keyword.builtin.SendKeysKeyword$_sendKeys_closure1.call(SendKeysKeyword.groovy)
	at com.kms.katalon.core.webui.keyword.internal.WebUIKeywordMain.runKeyword(WebUIKeywordMain.groovy:20)
	... 38 more


2021-02-03 22:48:28 - [TEST_STEP][FAILED] - callTestCase(findTestCase("Test Cases/TC_Login_RigisterUserAndForgotYourPassword/CommanTCs/TC_LoginToBrowserAsAdmin"), null): Unable to call Test Case 'Test Cases/TC_Login_RigisterUserAndForgotYourPassword/CommanTCs/TC_LoginToBrowserAsAdmin' (Root cause: com.kms.katalon.core.exception.StepFailedException: Call Test Case 'Test Cases/TC_Login_RigisterUserAndForgotYourPassword/CommanTCs/TC_LoginToBrowserAsAdmin' failed
	at com.kms.katalon.core.keyword.builtin.CallTestCaseKeyword$_callTestCase_closure1.doCall(CallTestCaseKeyword.groovy:63)
	at com.kms.katalon.core.keyword.builtin.CallTestCaseKeyword$_callTestCase_closure1.call(CallTestCaseKeyword.groovy)
	at com.kms.katalon.core.keyword.internal.KeywordMain.runKeyword(KeywordMain.groovy:68)
	at com.kms.katalon.core.keyword.builtin.CallTestCaseKeyword.callTestCase(CallTestCaseKeyword.groovy:81)
	at com.kms.katalon.core.keyword.builtin.CallTestCaseKeyword.execute(CallTestCaseKeyword.groovy:44)
	at com.kms.katalon.core.keyword.internal.KeywordExecutor.executeKeywordForPlatform(KeywordExecutor.groovy:73)
	at com.kms.katalon.core.keyword.BuiltinKeywords.callTestCase(BuiltinKeywords.groovy:350)
	at TC_LoginUserWithValidCredentialsAndVerifyLoginSucss.run(TC_LoginUserWithValidCredentialsAndVerifyLoginSucss:18)
	at com.kms.katalon.core.main.ScriptEngine.run(ScriptEngine.java:194)
	at com.kms.katalon.core.main.ScriptEngine.runScriptAsRawText(ScriptEngine.java:119)
	at com.kms.katalon.core.main.TestCaseExecutor.runScript(TestCaseExecutor.java:394)
	at com.kms.katalon.core.main.TestCaseExecutor.doExecute(TestCaseExecutor.java:385)
	at com.kms.katalon.core.main.TestCaseExecutor.processExecutionPhase(TestCaseExecutor.java:364)
	at com.kms.katalon.core.main.TestCaseExecutor.accessMainPhase(TestCaseExecutor.java:356)
	at com.kms.katalon.core.main.TestCaseExecutor.execute(TestCaseExecutor.java:251)
	at com.kms.katalon.core.main.TestSuiteExecutor.accessTestCaseMainPhase(TestSuiteExecutor.java:203)
	at com.kms.katalon.core.main.TestSuiteExecutor.accessTestSuiteMainPhase(TestSuiteExecutor.java:152)
	at com.kms.katalon.core.main.TestSuiteExecutor.execute(TestSuiteExecutor.java:95)
	at com.kms.katalon.core.main.TestCaseMain.startTestSuite(TestCaseMain.java:157)
	at com.kms.katalon.core.main.TestCaseMain$startTestSuite$0.call(Unknown Source)
	at TempTestSuite1612372552149.run(TempTestSuite1612372552149.groovy:39)
Caused by: com.kms.katalon.core.exception.StepFailedException: Unable to send keys '0' to object 'Object Repository/LoginAndRigisterUser/otpOne'
	at com.kms.katalon.core.webui.keyword.internal.WebUIKeywordMain.stepFailed(WebUIKeywordMain.groovy:64)
	at com.kms.katalon.core.webui.keyword.internal.WebUIKeywordMain.runKeyword(WebUIKeywordMain.groovy:26)
	at com.kms.katalon.core.webui.keyword.builtin.SendKeysKeyword.sendKeys(SendKeysKeyword.groovy:60)
	at com.kms.katalon.core.webui.keyword.builtin.SendKeysKeyword.execute(SendKeysKeyword.groovy:38)
	at com.kms.katalon.core.keyword.internal.KeywordExecutor.executeKeywordForPlatform(KeywordExecutor.groovy:73)
	at com.kms.katalon.core.webui.keyword.WebUiBuiltInKeywords.sendKeys(WebUiBuiltInKeywords.groovy:861)
	at com.kms.katalon.core.webui.keyword.WebUiBuiltInKeywords$sendKeys$4.call(Unknown Source)
	at customKeywords.commanFunctions.otpLogin(commanFunctions.groovy:74)
	at customKeywords.commanFunctions.invokeMethod(commanFunctions.groovy)
	at com.kms.katalon.core.main.CustomKeywordDelegatingMetaClass.invokeStaticMethod(CustomKeywordDelegatingMetaClass.java:50)
	at TC_LoginToBrowserAsAdmin.run(TC_LoginToBrowserAsAdmin:29)
	at com.kms.katalon.core.main.ScriptEngine.run(ScriptEngine.java:194)
	at com.kms.katalon.core.main.ScriptEngine.runScriptAsRawText(ScriptEngine.java:119)
	at com.kms.katalon.core.main.TestCaseExecutor.runScript(TestCaseExecutor.java:394)
	at com.kms.katalon.core.main.TestCaseExecutor.doExecute(TestCaseExecutor.java:385)
	at com.kms.katalon.core.main.TestCaseExecutor.processExecutionPhase(TestCaseExecutor.java:364)
	at com.kms.katalon.core.main.TestCaseExecutor.accessMainPhase(TestCaseExecutor.java:356)
	at com.kms.katalon.core.main.TestCaseExecutor.execute(TestCaseExecutor.java:251)
	at com.kms.katalon.core.main.TestCaseMain.runTestCase(TestCaseMain.java:114)
	at com.kms.katalon.core.keyword.builtin.CallTestCaseKeyword$_callTestCase_closure1.doCall(CallTestCaseKeyword.groovy:59)
	... 20 more
Caused by: com.kms.katalon.core.webui.exception.WebElementNotFoundException: Web element with id: 'Object Repository/LoginAndRigisterUser/otpOne' located by '//*[@formcontrolname='otp_1']//*[@autofocus='autofocus']' not found
	at com.kms.katalon.core.webui.common.WebUiCommonHelper.findWebElement(WebUiCommonHelper.java:1369)
	at com.kms.katalon.core.webui.keyword.internal.WebUIAbstractKeyword.findWebElement(WebUIAbstractKeyword.groovy:27)
	at com.kms.katalon.core.webui.keyword.internal.WebUIAbstractKeyword.findWebElement(WebUIAbstractKeyword.groovy:26)
	at com.kms.katalon.core.webui.keyword.builtin.SendKeysKeyword$_sendKeys_closure1.doCall(SendKeysKeyword.groovy:52)
	at com.kms.katalon.core.webui.keyword.builtin.SendKeysKeyword$_sendKeys_closure1.call(SendKeysKeyword.groovy)
	at com.kms.katalon.core.webui.keyword.internal.WebUIKeywordMain.runKeyword(WebUIKeywordMain.groovy:20)
	... 38 more
)

2021-02-03 22:48:28 - [TEST_CASE][FAILED] - Test Cases/TC_Login_RigisterUserAndForgotYourPassword/CommanTCs/TC_LoginToBrowserAsAdmin: Test Cases/TC_Login_RigisterUserAndForgotYourPassword/CommanTCs/TC_LoginToBrowserAsAdmin FAILED.
Reason:
com.kms.katalon.core.exception.StepFailedException: Unable to send keys '0' to object 'Object Repository/LoginAndRigisterUser/otpOne'
	at com.kms.katalon.core.webui.keyword.internal.WebUIKeywordMain.stepFailed(WebUIKeywordMain.groovy:64)
	at com.kms.katalon.core.webui.keyword.internal.WebUIKeywordMain.runKeyword(WebUIKeywordMain.groovy:26)
	at com.kms.katalon.core.webui.keyword.builtin.SendKeysKeyword.sendKeys(SendKeysKeyword.groovy:60)
	at com.kms.katalon.core.webui.keyword.builtin.SendKeysKeyword.execute(SendKeysKeyword.groovy:38)
	at com.kms.katalon.core.keyword.internal.KeywordExecutor.executeKeywordForPlatform(KeywordExecutor.groovy:73)
	at com.kms.katalon.core.webui.keyword.WebUiBuiltInKeywords.sendKeys(WebUiBuiltInKeywords.groovy:861)
	at com.kms.katalon.core.webui.keyword.WebUiBuiltInKeywords$sendKeys$4.call(Unknown Source)
	at customKeywords.commanFunctions.otpLogin(commanFunctions.groovy:74)
	at customKeywords.commanFunctions.invokeMethod(commanFunctions.groovy)
	at com.kms.katalon.core.main.CustomKeywordDelegatingMetaClass.invokeStaticMethod(CustomKeywordDelegatingMetaClass.java:50)
	at TC_LoginToBrowserAsAdmin.run(TC_LoginToBrowserAsAdmin:29)
	at com.kms.katalon.core.main.ScriptEngine.run(ScriptEngine.java:194)
	at com.kms.katalon.core.main.ScriptEngine.runScriptAsRawText(ScriptEngine.java:119)
	at com.kms.katalon.core.main.TestCaseExecutor.runScript(TestCaseExecutor.java:394)
	at com.kms.katalon.core.main.TestCaseExecutor.doExecute(TestCaseExecutor.java:385)
	at com.kms.katalon.core.main.TestCaseExecutor.processExecutionPhase(TestCaseExecutor.java:364)
	at com.kms.katalon.core.main.TestCaseExecutor.accessMainPhase(TestCaseExecutor.java:356)
	at com.kms.katalon.core.main.TestCaseExecutor.execute(TestCaseExecutor.java:251)
	at com.kms.katalon.core.main.TestCaseMain.runTestCase(TestCaseMain.java:114)
	at com.kms.katalon.core.keyword.builtin.CallTestCaseKeyword$_callTestCase_closure1.doCall(CallTestCaseKeyword.groovy:59)
	at com.kms.katalon.core.keyword.builtin.CallTestCaseKeyword$_callTestCase_closure1.call(CallTestCaseKeyword.groovy)
	at com.kms.katalon.core.keyword.internal.KeywordMain.runKeyword(KeywordMain.groovy:68)
	at com.kms.katalon.core.keyword.builtin.CallTestCaseKeyword.callTestCase(CallTestCaseKeyword.groovy:81)
	at com.kms.katalon.core.keyword.builtin.CallTestCaseKeyword.execute(CallTestCaseKeyword.groovy:44)
	at com.kms.katalon.core.keyword.internal.KeywordExecutor.executeKeywordForPlatform(KeywordExecutor.groovy:73)
	at com.kms.katalon.core.keyword.BuiltinKeywords.callTestCase(BuiltinKeywords.groovy:350)
	at TC_LoginUserWithValidCredentialsAndVerifyLoginSucss.run(TC_LoginUserWithValidCredentialsAndVerifyLoginSucss:18)
	at com.kms.katalon.core.main.ScriptEngine.run(ScriptEngine.java:194)
	at com.kms.katalon.core.main.ScriptEngine.runScriptAsRawText(ScriptEngine.java:119)
	at com.kms.katalon.core.main.TestCaseExecutor.runScript(TestCaseExecutor.java:394)
	at com.kms.katalon.core.main.TestCaseExecutor.doExecute(TestCaseExecutor.java:385)
	at com.kms.katalon.core.main.TestCaseExecutor.processExecutionPhase(TestCaseExecutor.java:364)
	at com.kms.katalon.core.main.TestCaseExecutor.accessMainPhase(TestCaseExecutor.java:356)
	at com.kms.katalon.core.main.TestCaseExecutor.execute(TestCaseExecutor.java:251)
	at com.kms.katalon.core.main.TestSuiteExecutor.accessTestCaseMainPhase(TestSuiteExecutor.java:203)
	at com.kms.katalon.core.main.TestSuiteExecutor.accessTestSuiteMainPhase(TestSuiteExecutor.java:152)
	at com.kms.katalon.core.main.TestSuiteExecutor.execute(TestSuiteExecutor.java:95)
	at com.kms.katalon.core.main.TestCaseMain.startTestSuite(TestCaseMain.java:157)
	at com.kms.katalon.core.main.TestCaseMain$startTestSuite$0.call(Unknown Source)
	at TempTestSuite1612372552149.run(TempTestSuite1612372552149.groovy:39)
Caused by: com.kms.katalon.core.webui.exception.WebElementNotFoundException: Web element with id: 'Object Repository/LoginAndRigisterUser/otpOne' located by '//*[@formcontrolname='otp_1']//*[@autofocus='autofocus']' not found
	at com.kms.katalon.core.webui.common.WebUiCommonHelper.findWebElement(WebUiCommonHelper.java:1369)
	at com.kms.katalon.core.webui.keyword.internal.WebUIAbstractKeyword.findWebElement(WebUIAbstractKeyword.groovy:27)
	at com.kms.katalon.core.webui.keyword.internal.WebUIAbstractKeyword.findWebElement(WebUIAbstractKeyword.groovy:26)
	at com.kms.katalon.core.webui.keyword.builtin.SendKeysKeyword$_sendKeys_closure1.doCall(SendKeysKeyword.groovy:52)
	at com.kms.katalon.core.webui.keyword.builtin.SendKeysKeyword$_sendKeys_closure1.call(SendKeysKeyword.groovy)
	at com.kms.katalon.core.webui.keyword.internal.WebUIKeywordMain.runKeyword(WebUIKeywordMain.groovy:20)
	... 38 more


2021-02-03 22:48:28 - [TEST_STEP][PASSED] - obj = findTestObject("LoginAndRigisterUser/LoginLink"): null

2021-02-03 22:48:28 - [TEST_STEP][PASSED] - customKeywords.commanFunctions.openBrowser(): customKeywords.commanFunctions.openBrowser is PASSED

2021-02-03 22:48:28 - [MESSAGE][INFO] - Starting 'Chrome' driver

2021-02-03 22:48:28 - [MESSAGE][INFO] - Action delay is set to 0 milliseconds

2021-02-03 22:48:43 - [MESSAGE][PASSED] - Browser is opened with url: 'https://Inspect.Stage.site.sa'

2021-02-03 22:48:45 - [MESSAGE][PASSED] - Current window maximized

2021-02-03 22:48:45 - [MESSAGE][PASSED] - Wait for page load successfully

2021-02-03 22:48:45 - [MESSAGE][PASSED] - customKeywords.commanFunctions.openBrowser is PASSED

2021-02-03 22:48:45 - [TEST_STEP][PASSED] - waitForElementClickable(findTestObject("LoginAndRigisterUser/LoginLink"), TimeOut): Object 'Object Repository/LoginAndRigisterUser/LoginLink' is clickable

2021-02-03 22:48:46 - [MESSAGE][PASSED] - Object 'Object Repository/LoginAndRigisterUser/LoginLink' is clickable

2021-02-03 22:48:46 - [TEST_STEP][PASSED] - customKeywords.commanFunctions.clickElementWithJS(obj): customKeywords.commanFunctions.clickElementWithJS is PASSED

2021-02-03 22:48:47 - [MESSAGE][INFO] - Clicked on element with JS

2021-02-03 22:48:47 - [MESSAGE][PASSED] - customKeywords.commanFunctions.clickElementWithJS is PASSED

2021-02-03 22:48:47 - [TEST_STEP][PASSED] - customKeywords.commanFunctions.logIntoBrowser(): customKeywords.commanFunctions.logIntoBrowser is PASSED

2021-02-03 22:48:48 - [MESSAGE][PASSED] - Keys 'admin@example.com' sent to object: 'Object Repository/LoginAndRigisterUser/UserName_Email_Input'

2021-02-03 22:48:49 - [MESSAGE][PASSED] - Keys 'Aa@12345' sent to object: 'Object Repository/LoginAndRigisterUser/Password_Input'

2021-02-03 22:48:50 - [MESSAGE][PASSED] - Delayed 1 second(s)

2021-02-03 22:48:50 - [MESSAGE][PASSED] - Object 'Object Repository/LoginAndRigisterUser/LoginBtn' is clickable

2021-02-03 22:48:50 - [MESSAGE][INFO] - Clicked on element with JS

2021-02-03 22:48:50 - [MESSAGE][PASSED] - customKeywords.commanFunctions.logIntoBrowser is PASSED

2021-02-03 22:48:50 - [TEST_STEP][FAILED] - customKeywords.commanFunctions.otpLogin(): Unable to send keys '0' to object 'Object Repository/LoginAndRigisterUser/otpOne'

2021-02-03 22:49:23 - [MESSAGE][INFO] - Unable to find the element located by 'By.xpath: //*[@formcontrolname='otp_1']//*[@autofocus='autofocus']'. Please recheck the objects properties to make sure the desired element is located. 

2021-02-03 22:49:23 - [MESSAGE][FAILED] - Unable to send keys '0' to object 'Object Repository/LoginAndRigisterUser/otpOne' (Root cause: com.kms.katalon.core.exception.StepFailedException: Unable to send keys '0' to object 'Object Repository/LoginAndRigisterUser/otpOne'
	at com.kms.katalon.core.webui.keyword.internal.WebUIKeywordMain.stepFailed(WebUIKeywordMain.groovy:64)
	at com.kms.katalon.core.webui.keyword.internal.WebUIKeywordMain.runKeyword(WebUIKeywordMain.groovy:26)
	at com.kms.katalon.core.webui.keyword.builtin.SendKeysKeyword.sendKeys(SendKeysKeyword.groovy:60)
	at com.kms.katalon.core.webui.keyword.builtin.SendKeysKeyword.execute(SendKeysKeyword.groovy:38)
	at com.kms.katalon.core.keyword.internal.KeywordExecutor.executeKeywordForPlatform(KeywordExecutor.groovy:73)
	at com.kms.katalon.core.webui.keyword.WebUiBuiltInKeywords.sendKeys(WebUiBuiltInKeywords.groovy:861)
	at com.kms.katalon.core.webui.keyword.WebUiBuiltInKeywords$sendKeys$4.call(Unknown Source)
	at customKeywords.commanFunctions.otpLogin(commanFunctions.groovy:74)
	at customKeywords.commanFunctions.invokeMethod(commanFunctions.groovy)
	at com.kms.katalon.core.main.CustomKeywordDelegatingMetaClass.invokeStaticMethod(CustomKeywordDelegatingMetaClass.java:50)
	at TC_LoginToBrowserAsAdmin.run(TC_LoginToBrowserAsAdmin:29)
	at com.kms.katalon.core.main.ScriptEngine.run(ScriptEngine.java:194)
	at com.kms.katalon.core.main.ScriptEngine.runScriptAsRawText(ScriptEngine.java:119)
	at com.kms.katalon.core.main.TestCaseExecutor.runScript(TestCaseExecutor.java:394)
	at com.kms.katalon.core.main.TestCaseExecutor.doExecute(TestCaseExecutor.java:385)
	at com.kms.katalon.core.main.TestCaseExecutor.processExecutionPhase(TestCaseExecutor.java:364)
	at com.kms.katalon.core.main.TestCaseExecutor.accessMainPhase(TestCaseExecutor.java:356)
	at com.kms.katalon.core.main.TestCaseExecutor.execute(TestCaseExecutor.java:251)
	at com.kms.katalon.core.main.TestCaseMain.runTestCase(TestCaseMain.java:114)
	at com.kms.katalon.core.keyword.builtin.CallTestCaseKeyword$_callTestCase_closure1.doCall(CallTestCaseKeyword.groovy:59)
	at com.kms.katalon.core.keyword.builtin.CallTestCaseKeyword$_callTestCase_closure1.call(CallTestCaseKeyword.groovy)
	at com.kms.katalon.core.keyword.internal.KeywordMain.runKeyword(KeywordMain.groovy:68)
	at com.kms.katalon.core.keyword.builtin.CallTestCaseKeyword.callTestCase(CallTestCaseKeyword.groovy:81)
	at com.kms.katalon.core.keyword.builtin.CallTestCaseKeyword.execute(CallTestCaseKeyword.groovy:44)
	at com.kms.katalon.core.keyword.internal.KeywordExecutor.executeKeywordForPlatform(KeywordExecutor.groovy:73)
	at com.kms.katalon.core.keyword.BuiltinKeywords.callTestCase(BuiltinKeywords.groovy:350)
	at TC_LoginUserWithValidCredentialsAndVerifyLoginSucss.run(TC_LoginUserWithValidCredentialsAndVerifyLoginSucss:18)
	at com.kms.katalon.core.main.ScriptEngine.run(ScriptEngine.java:194)
	at com.kms.katalon.core.main.ScriptEngine.runScriptAsRawText(ScriptEngine.java:119)
	at com.kms.katalon.core.main.TestCaseExecutor.runScript(TestCaseExecutor.java:394)
	at com.kms.katalon.core.main.TestCaseExecutor.doExecute(TestCaseExecutor.java:385)
	at com.kms.katalon.core.main.TestCaseExecutor.processExecutionPhase(TestCaseExecutor.java:364)
	at com.kms.katalon.core.main.TestCaseExecutor.accessMainPhase(TestCaseExecutor.java:356)
	at com.kms.katalon.core.main.TestCaseExecutor.execute(TestCaseExecutor.java:251)
	at com.kms.katalon.core.main.TestSuiteExecutor.accessTestCaseMainPhase(TestSuiteExecutor.java:203)
	at com.kms.katalon.core.main.TestSuiteExecutor.accessTestSuiteMainPhase(TestSuiteExecutor.java:152)
	at com.kms.katalon.core.main.TestSuiteExecutor.execute(TestSuiteExecutor.java:95)
	at com.kms.katalon.core.main.TestCaseMain.startTestSuite(TestCaseMain.java:157)
	at com.kms.katalon.core.main.TestCaseMain$startTestSuite$0.call(Unknown Source)
	at TempTestSuite1612372552149.run(TempTestSuite1612372552149.groovy:39)
Caused by: com.kms.katalon.core.webui.exception.WebElementNotFoundException: Web element with id: 'Object Repository/LoginAndRigisterUser/otpOne' located by '//*[@formcontrolname='otp_1']//*[@autofocus='autofocus']' not found
	at com.kms.katalon.core.webui.common.WebUiCommonHelper.findWebElement(WebUiCommonHelper.java:1369)
	at com.kms.katalon.core.webui.keyword.internal.WebUIAbstractKeyword.findWebElement(WebUIAbstractKeyword.groovy:27)
	at com.kms.katalon.core.webui.keyword.internal.WebUIAbstractKeyword.findWebElement(WebUIAbstractKeyword.groovy:26)
	at com.kms.katalon.core.webui.keyword.builtin.SendKeysKeyword$_sendKeys_closure1.doCall(SendKeysKeyword.groovy:52)
	at com.kms.katalon.core.webui.keyword.builtin.SendKeysKeyword$_sendKeys_closure1.call(SendKeysKeyword.groovy)
	at com.kms.katalon.core.webui.keyword.internal.WebUIKeywordMain.runKeyword(WebUIKeywordMain.groovy:20)
	at com.kms.katalon.core.webui.keyword.builtin.SendKeysKeyword.sendKeys(SendKeysKeyword.groovy:60)
	at com.kms.katalon.core.webui.keyword.builtin.SendKeysKeyword.execute(SendKeysKeyword.groovy:38)
	at com.kms.katalon.core.keyword.internal.KeywordExecutor.executeKeywordForPlatform(KeywordExecutor.groovy:73)
	at com.kms.katalon.core.webui.keyword.WebUiBuiltInKeywords.sendKeys(WebUiBuiltInKeywords.groovy:861)
	at com.kms.katalon.core.webui.keyword.WebUiBuiltInKeywords$sendKeys$4.call(Unknown Source)
	at customKeywords.commanFunctions.otpLogin(commanFunctions.groovy:74)
	at customKeywords.commanFunctions.invokeMethod(commanFunctions.groovy)
	at com.kms.katalon.core.main.CustomKeywordDelegatingMetaClass.invokeStaticMethod(CustomKeywordDelegatingMetaClass.java:50)
	at Script1612180721709.run(Script1612180721709.groovy:29)
	at com.kms.katalon.core.main.ScriptEngine.run(ScriptEngine.java:194)
	at com.kms.katalon.core.main.ScriptEngine.runScriptAsRawText(ScriptEngine.java:119)
	at com.kms.katalon.core.main.TestCaseExecutor.runScript(TestCaseExecutor.java:394)
	at com.kms.katalon.core.main.TestCaseExecutor.doExecute(TestCaseExecutor.java:385)
	at com.kms.katalon.core.main.TestCaseExecutor.processExecutionPhase(TestCaseExecutor.java:364)
	at com.kms.katalon.core.main.TestCaseExecutor.accessMainPhase(TestCaseExecutor.java:356)
	at com.kms.katalon.core.main.TestCaseExecutor.execute(TestCaseExecutor.java:251)
	at com.kms.katalon.core.main.TestCaseMain.runTestCase(TestCaseMain.java:114)
	at com.kms.katalon.core.keyword.builtin.CallTestCaseKeyword$_callTestCase_closure1.doCall(CallTestCaseKeyword.groovy:59)
	at com.kms.katalon.core.keyword.builtin.CallTestCaseKeyword$_callTestCase_closure1.call(CallTestCaseKeyword.groovy)
	at com.kms.katalon.core.keyword.internal.KeywordMain.runKeyword(KeywordMain.groovy:68)
	at com.kms.katalon.core.keyword.builtin.CallTestCaseKeyword.callTestCase(CallTestCaseKeyword.groovy:81)
	at com.kms.katalon.core.keyword.builtin.CallTestCaseKeyword.execute(CallTestCaseKeyword.groovy:44)
	at com.kms.katalon.core.keyword.internal.KeywordExecutor.executeKeywordForPlatform(KeywordExecutor.groovy:73)
	at com.kms.katalon.core.keyword.BuiltinKeywords.callTestCase(BuiltinKeywords.groovy:350)
	at Script1612176798245.run(Script1612176798245.groovy:18)
	... 13 more
)
[[ATTACHMENT|C:\\Users\\araha\\Katalon Studio\\InspectAutomation\\Reports\\20210203_224552\\LogIn_RigisterUserAndForgotPwd_Module\\Suite_LogIn_RigisterUserAndForgotPwd_Module\\20210203_224552\\1612372763256.png]]

2021-02-03 22:49:23 - [MESSAGE][FAILED] - Unable to send keys '0' to object 'Object Repository/LoginAndRigisterUser/otpOne'

2021-02-03 22:49:23 - [MESSAGE][FAILED] - Unable to call Test Case 'Test Cases/TC_Login_RigisterUserAndForgotYourPassword/CommanTCs/TC_LoginToBrowserAsAdmin' (Root cause: com.kms.katalon.core.exception.StepFailedException: Call Test Case 'Test Cases/TC_Login_RigisterUserAndForgotYourPassword/CommanTCs/TC_LoginToBrowserAsAdmin' failed
	at com.kms.katalon.core.keyword.builtin.CallTestCaseKeyword$_callTestCase_closure1.doCall(CallTestCaseKeyword.groovy:63)
	at com.kms.katalon.core.keyword.builtin.CallTestCaseKeyword$_callTestCase_closure1.call(CallTestCaseKeyword.groovy)
	at com.kms.katalon.core.keyword.internal.KeywordMain.runKeyword(KeywordMain.groovy:68)
	at com.kms.katalon.core.keyword.builtin.CallTestCaseKeyword.callTestCase(CallTestCaseKeyword.groovy:81)
	at com.kms.katalon.core.keyword.builtin.CallTestCaseKeyword.execute(CallTestCaseKeyword.groovy:44)
	at com.kms.katalon.core.keyword.internal.KeywordExecutor.executeKeywordForPlatform(KeywordExecutor.groovy:73)
	at com.kms.katalon.core.keyword.BuiltinKeywords.callTestCase(BuiltinKeywords.groovy:350)
	at TC_LoginUserWithValidCredentialsAndVerifyLoginSucss.run(TC_LoginUserWithValidCredentialsAndVerifyLoginSucss:18)
	at com.kms.katalon.core.main.ScriptEngine.run(ScriptEngine.java:194)
	at com.kms.katalon.core.main.ScriptEngine.runScriptAsRawText(ScriptEngine.java:119)
	at com.kms.katalon.core.main.TestCaseExecutor.runScript(TestCaseExecutor.java:394)
	at com.kms.katalon.core.main.TestCaseExecutor.doExecute(TestCaseExecutor.java:385)
	at com.kms.katalon.core.main.TestCaseExecutor.processExecutionPhase(TestCaseExecutor.java:364)
	at com.kms.katalon.core.main.TestCaseExecutor.accessMainPhase(TestCaseExecutor.java:356)
	at com.kms.katalon.core.main.TestCaseExecutor.execute(TestCaseExecutor.java:251)
	at com.kms.katalon.core.main.TestSuiteExecutor.accessTestCaseMainPhase(TestSuiteExecutor.java:203)
	at com.kms.katalon.core.main.TestSuiteExecutor.accessTestSuiteMainPhase(TestSuiteExecutor.java:152)
	at com.kms.katalon.core.main.TestSuiteExecutor.execute(TestSuiteExecutor.java:95)
	at com.kms.katalon.core.main.TestCaseMain.startTestSuite(TestCaseMain.java:157)
	at com.kms.katalon.core.main.TestCaseMain$startTestSuite$0.call(Unknown Source)
	at TempTestSuite1612372552149.run(TempTestSuite1612372552149.groovy:39)
Caused by: com.kms.katalon.core.exception.StepFailedException: Unable to send keys '0' to object 'Object Repository/LoginAndRigisterUser/otpOne'
	at com.kms.katalon.core.webui.keyword.internal.WebUIKeywordMain.stepFailed(WebUIKeywordMain.groovy:64)
	at com.kms.katalon.core.webui.keyword.internal.WebUIKeywordMain.runKeyword(WebUIKeywordMain.groovy:26)
	at com.kms.katalon.core.webui.keyword.builtin.SendKeysKeyword.sendKeys(SendKeysKeyword.groovy:60)
	at com.kms.katalon.core.webui.keyword.builtin.SendKeysKeyword.execute(SendKeysKeyword.groovy:38)
	at com.kms.katalon.core.keyword.internal.KeywordExecutor.executeKeywordForPlatform(KeywordExecutor.groovy:73)
	at com.kms.katalon.core.webui.keyword.WebUiBuiltInKeywords.sendKeys(WebUiBuiltInKeywords.groovy:861)
	at com.kms.katalon.core.webui.keyword.WebUiBuiltInKeywords$sendKeys$4.call(Unknown Source)
	at customKeywords.commanFunctions.otpLogin(commanFunctions.groovy:74)
	at customKeywords.commanFunctions.invokeMethod(commanFunctions.groovy)
	at com.kms.katalon.core.main.CustomKeywordDelegatingMetaClass.invokeStaticMethod(CustomKeywordDelegatingMetaClass.java:50)
	at TC_LoginToBrowserAsAdmin.run(TC_LoginToBrowserAsAdmin:29)
	at com.kms.katalon.core.main.ScriptEngine.run(ScriptEngine.java:194)
	at com.kms.katalon.core.main.ScriptEngine.runScriptAsRawText(ScriptEngine.java:119)
	at com.kms.katalon.core.main.TestCaseExecutor.runScript(TestCaseExecutor.java:394)
	at com.kms.katalon.core.main.TestCaseExecutor.doExecute(TestCaseExecutor.java:385)
	at com.kms.katalon.core.main.TestCaseExecutor.processExecutionPhase(TestCaseExecutor.java:364)
	at com.kms.katalon.core.main.TestCaseExecutor.accessMainPhase(TestCaseExecutor.java:356)
	at com.kms.katalon.core.main.TestCaseExecutor.execute(TestCaseExecutor.java:251)
	at com.kms.katalon.core.main.TestCaseMain.runTestCase(TestCaseMain.java:114)
	at com.kms.katalon.core.keyword.builtin.CallTestCaseKeyword$_callTestCase_closure1.doCall(CallTestCaseKeyword.groovy:59)
	... 20 more
Caused by: com.kms.katalon.core.webui.exception.WebElementNotFoundException: Web element with id: 'Object Repository/LoginAndRigisterUser/otpOne' located by '//*[@formcontrolname='otp_1']//*[@autofocus='autofocus']' not found
	at com.kms.katalon.core.webui.common.WebUiCommonHelper.findWebElement(WebUiCommonHelper.java:1369)
	at com.kms.katalon.core.webui.keyword.internal.WebUIAbstractKeyword.findWebElement(WebUIAbstractKeyword.groovy:27)
	at com.kms.katalon.core.webui.keyword.internal.WebUIAbstractKeyword.findWebElement(WebUIAbstractKeyword.groovy:26)
	at com.kms.katalon.core.webui.keyword.builtin.SendKeysKeyword$_sendKeys_closure1.doCall(SendKeysKeyword.groovy:52)
	at com.kms.katalon.core.webui.keyword.builtin.SendKeysKeyword$_sendKeys_closure1.call(SendKeysKeyword.groovy)
	at com.kms.katalon.core.webui.keyword.internal.WebUIKeywordMain.runKeyword(WebUIKeywordMain.groovy:20)
	... 38 more
)]]></system-out>
         <system-err><![CDATA[2021-02-03 22:48:27 - [TEST_CASE][FAILED] - Test Cases/TC_Login_RigisterUserAndForgotYourPassword/BasicTCs/TC_LoginUserWithValidCredentialsAndVerifyLoginSucss: Test Cases/TC_Login_RigisterUserAndForgotYourPassword/BasicTCs/TC_LoginUserWithValidCredentialsAndVerifyLoginSucss FAILED.
Reason:
com.kms.katalon.core.exception.StepFailedException: Call Test Case 'Test Cases/TC_Login_RigisterUserAndForgotYourPassword/CommanTCs/TC_LoginToBrowserAsAdmin' failed
	at com.kms.katalon.core.keyword.builtin.CallTestCaseKeyword$_callTestCase_closure1.doCall(CallTestCaseKeyword.groovy:63)
	at com.kms.katalon.core.keyword.builtin.CallTestCaseKeyword$_callTestCase_closure1.call(CallTestCaseKeyword.groovy)
	at com.kms.katalon.core.keyword.internal.KeywordMain.runKeyword(KeywordMain.groovy:68)
	at com.kms.katalon.core.keyword.builtin.CallTestCaseKeyword.callTestCase(CallTestCaseKeyword.groovy:81)
	at com.kms.katalon.core.keyword.builtin.CallTestCaseKeyword.execute(CallTestCaseKeyword.groovy:44)
	at com.kms.katalon.core.keyword.internal.KeywordExecutor.executeKeywordForPlatform(KeywordExecutor.groovy:73)
	at com.kms.katalon.core.keyword.BuiltinKeywords.callTestCase(BuiltinKeywords.groovy:350)
	at TC_LoginUserWithValidCredentialsAndVerifyLoginSucss.run(TC_LoginUserWithValidCredentialsAndVerifyLoginSucss:18)
	at com.kms.katalon.core.main.ScriptEngine.run(ScriptEngine.java:194)
	at com.kms.katalon.core.main.ScriptEngine.runScriptAsRawText(ScriptEngine.java:119)
	at com.kms.katalon.core.main.TestCaseExecutor.runScript(TestCaseExecutor.java:394)
	at com.kms.katalon.core.main.TestCaseExecutor.doExecute(TestCaseExecutor.java:385)
	at com.kms.katalon.core.main.TestCaseExecutor.processExecutionPhase(TestCaseExecutor.java:364)
	at com.kms.katalon.core.main.TestCaseExecutor.accessMainPhase(TestCaseExecutor.java:356)
	at com.kms.katalon.core.main.TestCaseExecutor.execute(TestCaseExecutor.java:251)
	at com.kms.katalon.core.main.TestSuiteExecutor.accessTestCaseMainPhase(TestSuiteExecutor.java:203)
	at com.kms.katalon.core.main.TestSuiteExecutor.accessTestSuiteMainPhase(TestSuiteExecutor.java:152)
	at com.kms.katalon.core.main.TestSuiteExecutor.execute(TestSuiteExecutor.java:95)
	at com.kms.katalon.core.main.TestCaseMain.startTestSuite(TestCaseMain.java:157)
	at com.kms.katalon.core.main.TestCaseMain$startTestSuite$0.call(Unknown Source)
	at TempTestSuite1612372552149.run(TempTestSuite1612372552149.groovy:39)
Caused by: com.kms.katalon.core.exception.StepFailedException: Unable to send keys '0' to object 'Object Repository/LoginAndRigisterUser/otpOne'
	at com.kms.katalon.core.webui.keyword.internal.WebUIKeywordMain.stepFailed(WebUIKeywordMain.groovy:64)
	at com.kms.katalon.core.webui.keyword.internal.WebUIKeywordMain.runKeyword(WebUIKeywordMain.groovy:26)
	at com.kms.katalon.core.webui.keyword.builtin.SendKeysKeyword.sendKeys(SendKeysKeyword.groovy:60)
	at com.kms.katalon.core.webui.keyword.builtin.SendKeysKeyword.execute(SendKeysKeyword.groovy:38)
	at com.kms.katalon.core.keyword.internal.KeywordExecutor.executeKeywordForPlatform(KeywordExecutor.groovy:73)
	at com.kms.katalon.core.webui.keyword.WebUiBuiltInKeywords.sendKeys(WebUiBuiltInKeywords.groovy:861)
	at com.kms.katalon.core.webui.keyword.WebUiBuiltInKeywords$sendKeys$4.call(Unknown Source)
	at customKeywords.commanFunctions.otpLogin(commanFunctions.groovy:74)
	at customKeywords.commanFunctions.invokeMethod(commanFunctions.groovy)
	at com.kms.katalon.core.main.CustomKeywordDelegatingMetaClass.invokeStaticMethod(CustomKeywordDelegatingMetaClass.java:50)
	at TC_LoginToBrowserAsAdmin.run(TC_LoginToBrowserAsAdmin:29)
	at com.kms.katalon.core.main.ScriptEngine.run(ScriptEngine.java:194)
	at com.kms.katalon.core.main.ScriptEngine.runScriptAsRawText(ScriptEngine.java:119)
	at com.kms.katalon.core.main.TestCaseExecutor.runScript(TestCaseExecutor.java:394)
	at com.kms.katalon.core.main.TestCaseExecutor.doExecute(TestCaseExecutor.java:385)
	at com.kms.katalon.core.main.TestCaseExecutor.processExecutionPhase(TestCaseExecutor.java:364)
	at com.kms.katalon.core.main.TestCaseExecutor.accessMainPhase(TestCaseExecutor.java:356)
	at com.kms.katalon.core.main.TestCaseExecutor.execute(TestCaseExecutor.java:251)
	at com.kms.katalon.core.main.TestCaseMain.runTestCase(TestCaseMain.java:114)
	at com.kms.katalon.core.keyword.builtin.CallTestCaseKeyword$_callTestCase_closure1.doCall(CallTestCaseKeyword.groovy:59)
	... 20 more
Caused by: com.kms.katalon.core.webui.exception.WebElementNotFoundException: Web element with id: 'Object Repository/LoginAndRigisterUser/otpOne' located by '//*[@formcontrolname='otp_1']//*[@autofocus='autofocus']' not found
	at com.kms.katalon.core.webui.common.WebUiCommonHelper.findWebElement(WebUiCommonHelper.java:1369)
	at com.kms.katalon.core.webui.keyword.internal.WebUIAbstractKeyword.findWebElement(WebUIAbstractKeyword.groovy:27)
	at com.kms.katalon.core.webui.keyword.internal.WebUIAbstractKeyword.findWebElement(WebUIAbstractKeyword.groovy:26)
	at com.kms.katalon.core.webui.keyword.builtin.SendKeysKeyword$_sendKeys_closure1.doCall(SendKeysKeyword.groovy:52)
	at com.kms.katalon.core.webui.keyword.builtin.SendKeysKeyword$_sendKeys_closure1.call(SendKeysKeyword.groovy)
	at com.kms.katalon.core.webui.keyword.internal.WebUIKeywordMain.runKeyword(WebUIKeywordMain.groovy:20)
	... 38 more]]></system-err>
      </testcase>
      <testcase name="Test Cases/TC_Login_RigisterUserAndForgotYourPassword/BasicTCs/TC_RigisterUserWithValidTestDataAndVerifyClickHereToResendEmailLink" time="52.459" classname="Test Cases/TC_Login_RigisterUserAndForgotYourPassword/BasicTCs/TC_RigisterUserWithValidTestDataAndVerifyClickHereToResendEmailLink" status="PASSED">
         <system-out><![CDATA[2021-02-03 22:49:23 - [TEST_CASE][PASSED] - Test Cases/TC_Login_RigisterUserAndForgotYourPassword/BasicTCs/TC_RigisterUserWithValidTestDataAndVerifyClickHereToResendEmailLink: Test Cases/TC_Login_RigisterUserAndForgotYourPassword/BasicTCs/TC_RigisterUserWithValidTestDataAndVerifyClickHereToResendEmailLink

2021-02-03 22:49:24 - [TEST_STEP][PASSED] - excelTestData = findTestData("Data Files/TestData/InspectTestData"): null

2021-02-03 22:49:24 - [TEST_STEP][PASSED] - clickHereToResendEmai = findTestObject("Object Repository/LoginAndRigisterUser/clickHereToResendEmai"): null

2021-02-03 22:49:24 - [TEST_STEP][PASSED] - ClickHereToResendLinkValidationMessage = excelTestData.getValue(2, 19): null

2021-02-03 22:49:24 - [TEST_STEP][PASSED] - callTestCase(findTestCase("Test Cases/TC_Login_RigisterUserAndForgotYourPassword/CommanTCs/TC_RigisterUserWithValidTestDataAndVerify"), null): Call Test Case 'Test Cases/TC_Login_RigisterUserAndForgotYourPassword/CommanTCs/TC_RigisterUserWithValidTestDataAndVerify' successfully

2021-02-03 22:49:24 - [TEST_CASE][PASSED] - Test Cases/TC_Login_RigisterUserAndForgotYourPassword/CommanTCs/TC_RigisterUserWithValidTestDataAndVerify: Test Cases/TC_Login_RigisterUserAndForgotYourPassword/CommanTCs/TC_RigisterUserWithValidTestDataAndVerify

2021-02-03 22:49:25 - [TEST_STEP][PASSED] - excelTestData = findTestData("Data Files/TestData/InspectTestData"): null

2021-02-03 22:49:25 - [TEST_STEP][PASSED] - obj = findTestObject("LoginAndRigisterUser/LoginLink"): null

2021-02-03 22:49:25 - [TEST_STEP][PASSED] - RigisterBtn = findTestObject("Object Repository/LoginAndRigisterUser/RegisterBtn"): null

2021-02-03 22:49:25 - [TEST_STEP][PASSED] - CheckBoxTermsAndCondition = findTestObject("Object Repository/LoginAndRigisterUser/Reg_SiteInspectTermsOfUse_CheckBox"): null

2021-02-03 22:49:25 - [TEST_STEP][PASSED] - rigisterHereLink = findTestObject("Object Repository/LoginAndRigisterUser/RigisterHere"): null

2021-02-03 22:49:25 - [TEST_STEP][PASSED] - customKeywords.commanFunctions.openBrowser(): customKeywords.commanFunctions.openBrowser is PASSED

2021-02-03 22:49:26 - [MESSAGE][WARNING] - A browser is already opened. Closing browser and opening a new one

2021-02-03 22:49:27 - [MESSAGE][INFO] - Starting 'Chrome' driver

2021-02-03 22:49:27 - [MESSAGE][INFO] - Action delay is set to 0 milliseconds

2021-02-03 22:49:41 - [MESSAGE][PASSED] - Browser is opened with url: 'https://Inspect.Stage.site.sa'

2021-02-03 22:49:43 - [MESSAGE][PASSED] - Current window maximized

2021-02-03 22:49:43 - [MESSAGE][PASSED] - Wait for page load successfully

2021-02-03 22:49:43 - [MESSAGE][PASSED] - customKeywords.commanFunctions.openBrowser is PASSED

2021-02-03 22:49:43 - [TEST_STEP][PASSED] - waitForElementClickable(findTestObject("LoginAndRigisterUser/LoginLink"), TimeOut): Object 'Object Repository/LoginAndRigisterUser/LoginLink' is clickable

2021-02-03 22:49:44 - [MESSAGE][PASSED] - Object 'Object Repository/LoginAndRigisterUser/LoginLink' is clickable

2021-02-03 22:49:44 - [TEST_STEP][PASSED] - customKeywords.commanFunctions.clickElementWithJS(obj): customKeywords.commanFunctions.clickElementWithJS is PASSED

2021-02-03 22:49:45 - [MESSAGE][INFO] - Clicked on element with JS

2021-02-03 22:49:45 - [MESSAGE][PASSED] - customKeywords.commanFunctions.clickElementWithJS is PASSED

2021-02-03 22:49:45 - [TEST_STEP][PASSED] - customKeywords.commanFunctions.clickElementWithJS(rigisterHereLink): customKeywords.commanFunctions.clickElementWithJS is PASSED

2021-02-03 22:49:46 - [MESSAGE][INFO] - Clicked on element with JS

2021-02-03 22:49:46 - [MESSAGE][PASSED] - customKeywords.commanFunctions.clickElementWithJS is PASSED

2021-02-03 22:49:46 - [TEST_STEP][PASSED] - firstName = excelTestData.getValue(2, 16): null

2021-02-03 22:49:46 - [TEST_STEP][PASSED] - lastName = excelTestData.getValue(3, 16): null

2021-02-03 22:49:46 - [TEST_STEP][PASSED] - mobileNum = excelTestData.getValue(4, 16): null

2021-02-03 22:49:46 - [TEST_STEP][PASSED] - email = excelTestData.getValue(5, 16): null

2021-02-03 22:49:46 - [TEST_STEP][PASSED] - validationMessage = excelTestData.getValue(6, 16): null

2021-02-03 22:49:46 - [TEST_STEP][PASSED] - ClickHereToResendLink = excelTestData.getValue(7, 16): null

2021-02-03 22:49:46 - [TEST_STEP][PASSED] - sendKeys(findTestObject("Object Repository/LoginAndRigisterUser/FirstName_Input"), firstName): Keys 'Ashok' sent to object: 'Object Repository/LoginAndRigisterUser/FirstName_Input'

2021-02-03 22:49:46 - [MESSAGE][PASSED] - Keys 'Ashok' sent to object: 'Object Repository/LoginAndRigisterUser/FirstName_Input'

2021-02-03 22:49:46 - [TEST_STEP][PASSED] - sendKeys(findTestObject("Object Repository/LoginAndRigisterUser/LastName_Input"), lastName): Keys 'Abdul' sent to object: 'Object Repository/LoginAndRigisterUser/LastName_Input'

2021-02-03 22:49:47 - [MESSAGE][PASSED] - Keys 'Abdul' sent to object: 'Object Repository/LoginAndRigisterUser/LastName_Input'

2021-02-03 22:49:47 - [TEST_STEP][PASSED] - RandomNum = customKeywords.commanFunctions.getRandomNumbers(): customKeywords.commanFunctions.getRandomNumbers is PASSED

2021-02-03 22:49:48 - [MESSAGE][PASSED] - customKeywords.commanFunctions.getRandomNumbers is PASSED

2021-02-03 22:49:48 - [TEST_STEP][PASSED] - mobileNumber = "0" + mobileNum + RandomNum: null

2021-02-03 22:49:48 - [TEST_STEP][PASSED] - sendKeys(findTestObject("Object Repository/LoginAndRigisterUser/MobileNumber_Input"), mobileNumber): Keys '0573451154' sent to object: 'Object Repository/LoginAndRigisterUser/MobileNumber_Input'

2021-02-03 22:49:48 - [MESSAGE][PASSED] - Keys '0573451154' sent to object: 'Object Repository/LoginAndRigisterUser/MobileNumber_Input'

2021-02-03 22:49:48 - [TEST_STEP][PASSED] - str = customKeywords.commanFunctions.getRandomAlphaString(4): customKeywords.commanFunctions.getRandomAlphaString is PASSED

2021-02-03 22:49:49 - [MESSAGE][PASSED] - customKeywords.commanFunctions.getRandomAlphaString is PASSED

2021-02-03 22:49:49 - [TEST_STEP][PASSED] - emailID = "test_" + str + "@email.com": null

2021-02-03 22:49:49 - [TEST_STEP][PASSED] - sendKeys(findTestObject("Object Repository/LoginAndRigisterUser/Reg_Email_Input"), emailID): Keys 'test_inwc@email.com' sent to object: 'Object Repository/LoginAndRigisterUser/Reg_Email_Input'

2021-02-03 22:49:50 - [MESSAGE][PASSED] - Keys 'test_inwc@email.com' sent to object: 'Object Repository/LoginAndRigisterUser/Reg_Email_Input'

2021-02-03 22:49:50 - [TEST_STEP][PASSED] - sendKeys(findTestObject("Object Repository/LoginAndRigisterUser/ReEnter_Email_Input"), emailID): Keys 'test_inwc@email.com' sent to object: 'Object Repository/LoginAndRigisterUser/ReEnter_Email_Input'

2021-02-03 22:49:50 - [MESSAGE][PASSED] - Keys 'test_inwc@email.com' sent to object: 'Object Repository/LoginAndRigisterUser/ReEnter_Email_Input'

2021-02-03 22:49:50 - [TEST_STEP][PASSED] - customKeywords.commanFunctions.clickElementWithJS(CheckBoxTermsAndCondition): customKeywords.commanFunctions.clickElementWithJS is PASSED

2021-02-03 22:49:51 - [MESSAGE][INFO] - Clicked on element with JS

2021-02-03 22:49:51 - [MESSAGE][PASSED] - customKeywords.commanFunctions.clickElementWithJS is PASSED

2021-02-03 22:49:51 - [TEST_STEP][PASSED] - customKeywords.commanFunctions.clickElementWithJS(RigisterBtn): customKeywords.commanFunctions.clickElementWithJS is PASSED

2021-02-03 22:49:52 - [MESSAGE][INFO] - Clicked on element with JS

2021-02-03 22:49:52 - [MESSAGE][PASSED] - customKeywords.commanFunctions.clickElementWithJS is PASSED

2021-02-03 22:49:52 - [TEST_STEP][PASSED] - customKeywords.commanFunctions.otpRigistration(): customKeywords.commanFunctions.otpRigistration is PASSED

2021-02-03 22:49:59 - [MESSAGE][PASSED] - Keys '0' sent to object: 'Object Repository/LoginAndRigisterUser/otpOne'

2021-02-03 22:50:00 - [MESSAGE][PASSED] - Keys '0' sent to object: 'Object Repository/LoginAndRigisterUser/otpTwo'

2021-02-03 22:50:01 - [MESSAGE][PASSED] - Keys '0' sent to object: 'Object Repository/LoginAndRigisterUser/otpThree'

2021-02-03 22:50:01 - [MESSAGE][PASSED] - Keys '0' sent to object: 'Object Repository/LoginAndRigisterUser/otpFour'

2021-02-03 22:50:02 - [MESSAGE][PASSED] - Keys '0' sent to object: 'Object Repository/LoginAndRigisterUser/otpFive'

2021-02-03 22:50:03 - [MESSAGE][INFO] - Clicked on element with JS

2021-02-03 22:50:03 - [MESSAGE][PASSED] - customKeywords.commanFunctions.otpRigistration is PASSED

2021-02-03 22:50:03 - [TEST_STEP][PASSED] - verifyTextPresent(validationMessage, false): Text 'Thank you for your registration. To verify your email, please follow the instructions sent to you by email.' is present on page 

2021-02-03 22:50:06 - [MESSAGE][PASSED] - Text 'Thank you for your registration. To verify your email, please follow the instructions sent to you by email.' is present on page 

2021-02-03 22:50:06 - [TEST_STEP][PASSED] - verifyTextPresent(ClickHereToResendLink, false): Text 'Click here to resend the email' is present on page 

2021-02-03 22:50:07 - [MESSAGE][PASSED] - Text 'Click here to resend the email' is present on page 

2021-02-03 22:50:07 - [TEST_STEP][PASSED] - delay(2): Delayed 2 second(s)

2021-02-03 22:50:09 - [MESSAGE][PASSED] - Delayed 2 second(s)

2021-02-03 22:50:09 - [MESSAGE][PASSED] - Call Test Case 'Test Cases/TC_Login_RigisterUserAndForgotYourPassword/CommanTCs/TC_RigisterUserWithValidTestDataAndVerify' successfully

2021-02-03 22:50:09 - [TEST_STEP][PASSED] - customKeywords.commanFunctions.clickElementWithJS(clickHereToResendEmai): customKeywords.commanFunctions.clickElementWithJS is PASSED

2021-02-03 22:50:10 - [MESSAGE][INFO] - Clicked on element with JS

2021-02-03 22:50:10 - [MESSAGE][PASSED] - customKeywords.commanFunctions.clickElementWithJS is PASSED

2021-02-03 22:50:10 - [TEST_STEP][PASSED] - verifyTextPresent(ClickHereToResendLinkValidationMessage, false): Text 'A verification email has been sent to your email address' is present on page 

2021-02-03 22:50:14 - [MESSAGE][PASSED] - Text 'A verification email has been sent to your email address' is present on page 

2021-02-03 22:50:14 - [TEST_STEP][PASSED] - customKeywords.commanFunctions.onlyCloseBrowser(): customKeywords.commanFunctions.onlyCloseBrowser is PASSED

2021-02-03 22:50:16 - [MESSAGE][PASSED] - Browser is closed

2021-02-03 22:50:16 - [MESSAGE][PASSED] - customKeywords.commanFunctions.onlyCloseBrowser is PASSED]]></system-out>
         <system-err><![CDATA[]]></system-err>
      </testcase>
      <testcase name="Test Cases/TC_Login_RigisterUserAndForgotYourPassword/BasicTCs/TC_RigisterUserWithValidTestDataAndVerifyValidationMsg" time="40.994" classname="Test Cases/TC_Login_RigisterUserAndForgotYourPassword/BasicTCs/TC_RigisterUserWithValidTestDataAndVerifyValidationMsg" status="PASSED">
         <system-out><![CDATA[2021-02-03 22:50:16 - [TEST_CASE][PASSED] - Test Cases/TC_Login_RigisterUserAndForgotYourPassword/BasicTCs/TC_RigisterUserWithValidTestDataAndVerifyValidationMsg: Test Cases/TC_Login_RigisterUserAndForgotYourPassword/BasicTCs/TC_RigisterUserWithValidTestDataAndVerifyValidationMsg

2021-02-03 22:50:16 - [TEST_STEP][PASSED] - callTestCase(findTestCase("Test Cases/TC_Login_RigisterUserAndForgotYourPassword/CommanTCs/TC_RigisterUserWithValidTestDataAndVerify"), null): Call Test Case 'Test Cases/TC_Login_RigisterUserAndForgotYourPassword/CommanTCs/TC_RigisterUserWithValidTestDataAndVerify' successfully

2021-02-03 22:50:16 - [TEST_CASE][PASSED] - Test Cases/TC_Login_RigisterUserAndForgotYourPassword/CommanTCs/TC_RigisterUserWithValidTestDataAndVerify: Test Cases/TC_Login_RigisterUserAndForgotYourPassword/CommanTCs/TC_RigisterUserWithValidTestDataAndVerify

2021-02-03 22:50:16 - [TEST_STEP][PASSED] - excelTestData = findTestData("Data Files/TestData/InspectTestData"): null

2021-02-03 22:50:16 - [TEST_STEP][PASSED] - obj = findTestObject("LoginAndRigisterUser/LoginLink"): null

2021-02-03 22:50:16 - [TEST_STEP][PASSED] - RigisterBtn = findTestObject("Object Repository/LoginAndRigisterUser/RegisterBtn"): null

2021-02-03 22:50:16 - [TEST_STEP][PASSED] - CheckBoxTermsAndCondition = findTestObject("Object Repository/LoginAndRigisterUser/Reg_SiteInspectTermsOfUse_CheckBox"): null

2021-02-03 22:50:16 - [TEST_STEP][PASSED] - rigisterHereLink = findTestObject("Object Repository/LoginAndRigisterUser/RigisterHere"): null

2021-02-03 22:50:16 - [TEST_STEP][PASSED] - customKeywords.commanFunctions.openBrowser(): customKeywords.commanFunctions.openBrowser is PASSED

2021-02-03 22:50:17 - [MESSAGE][INFO] - Starting 'Chrome' driver

2021-02-03 22:50:17 - [MESSAGE][INFO] - Action delay is set to 0 milliseconds

2021-02-03 22:50:31 - [MESSAGE][PASSED] - Browser is opened with url: 'https://Inspect.Stage.site.sa'

2021-02-03 22:50:33 - [MESSAGE][PASSED] - Current window maximized

[...]
	at com.kms.katalon.core.webui.keyword.builtin.VerifyElementVisibleKeyword$_verifyElementVisible_closure1.doCall(VerifyElementVisibleKeyword.groovy:89)
	at com.kms.katalon.core.webui.keyword.builtin.VerifyElementVisibleKeyword$_verifyElementVisible_closure1.call(VerifyElementVisibleKeyword.groovy)
	at com.kms.katalon.core.webui.keyword.internal.WebUIKeywordMain.runKeyword(WebUIKeywordMain.groovy:20)
	at com.kms.katalon.core.webui.keyword.builtin.VerifyElementVisibleKeyword.verifyElementVisible(VerifyElementVisibleKeyword.groovy:97)
	at com.kms.katalon.core.webui.keyword.builtin.VerifyElementVisibleKeyword.execute(VerifyElementVisibleKeyword.groovy:67)
	at com.kms.katalon.core.keyword.internal.KeywordExecutor.executeKeywordForPlatform(KeywordExecutor.groovy:73)
	at com.kms.katalon.core.webui.keyword.WebUiBuiltInKeywords.verifyElementVisible(WebUiBuiltInKeywords.groovy:373)
	at com.kms.katalon.core.webui.keyword.WebUiBuiltInKeywords$verifyElementVisible$11.call(Unknown Source)
	at CSP-T13_1.0_As Registered User, I want to verify that i can upload file successfully with the maximum allowed size.run(CSP-T13_1.0_As Registered User, I want to verify that i can upload file successfully with the maximum allowed size:78)
	at com.kms.katalon.core.main.ScriptEngine.run(ScriptEngine.java:194)
	at com.kms.katalon.core.main.ScriptEngine.runScriptAsRawText(ScriptEngine.java:119)
	at com.kms.katalon.core.main.TestCaseExecutor.runScript(TestCaseExecutor.java:394)
	at com.kms.katalon.core.main.TestCaseExecutor.doExecute(TestCaseExecutor.java:385)
	at com.kms.katalon.core.main.TestCaseExecutor.processExecutionPhase(TestCaseExecutor.java:364)
	at com.kms.katalon.core.main.TestCaseExecutor.accessMainPhase(TestCaseExecutor.java:356)
	at com.kms.katalon.core.main.TestCaseExecutor.execute(TestCaseExecutor.java:251)
	at com.kms.katalon.core.main.TestSuiteExecutor.accessTestCaseMainPhase(TestSuiteExecutor.java:203)
	at com.kms.katalon.core.main.TestSuiteExecutor.accessTestSuiteMainPhase(TestSuiteExecutor.java:152)
	at com.kms.katalon.core.main.TestSuiteExecutor.execute(TestSuiteExecutor.java:95)
	at com.kms.katalon.core.main.TestCaseMain.startTestSuite(TestCaseMain.java:157)
	at com.kms.katalon.core.main.TestCaseMain$startTestSuite$0.call(Unknown Source)
	at TempTestSuite1612372552149.run(TempTestSuite1612372552149.groovy:39)
)
[[ATTACHMENT|C:\\Users\\araha\\Katalon Studio\\InspectAutomation\\Reports\\20210203_224552\\LogIn_RigisterUserAndForgotPwd_Module\\Suite_LogIn_RigisterUserAndForgotPwd_Module\\20210203_224552\\1612374259799.png]]

2021-02-03 23:14:20 - [MESSAGE][FAILED] - Unable to verify object 'Object Repository/SubmissionPage/Submission_SearchIcon' is visible (Root cause: com.kms.katalon.core.exception.StepFailedException: Unable to verify object 'Object Repository/SubmissionPage/Submission_SearchIcon' is visible
	at com.kms.katalon.core.webui.keyword.internal.WebUIKeywordMain.stepFailed(WebUIKeywordMain.groovy:64)
	at com.kms.katalon.core.webui.keyword.internal.WebUIKeywordMain.runKeyword(WebUIKeywordMain.groovy:26)
	at com.kms.katalon.core.webui.keyword.builtin.VerifyElementVisibleKeyword.verifyElementVisible(VerifyElementVisibleKeyword.groovy:97)
	at com.kms.katalon.core.webui.keyword.builtin.VerifyElementVisibleKeyword.execute(VerifyElementVisibleKeyword.groovy:67)
	at com.kms.katalon.core.keyword.internal.KeywordExecutor.executeKeywordForPlatform(KeywordExecutor.groovy:73)
	at com.kms.katalon.core.webui.keyword.WebUiBuiltInKeywords.verifyElementVisible(WebUiBuiltInKeywords.groovy:373)
	at com.kms.katalon.core.webui.keyword.WebUiBuiltInKeywords$verifyElementVisible$11.call(Unknown Source)
	at CSP-T13_1.0_As Registered User, I want to verify that i can upload file successfully with the maximum allowed size.run(CSP-T13_1.0_As Registered User, I want to verify that i can upload file successfully with the maximum allowed size:78)
	at com.kms.katalon.core.main.ScriptEngine.run(ScriptEngine.java:194)
	at com.kms.katalon.core.main.ScriptEngine.runScriptAsRawText(ScriptEngine.java:119)
	at com.kms.katalon.core.main.TestCaseExecutor.runScript(TestCaseExecutor.java:394)
	at com.kms.katalon.core.main.TestCaseExecutor.doExecute(TestCaseExecutor.java:385)
	at com.kms.katalon.core.main.TestCaseExecutor.processExecutionPhase(TestCaseExecutor.java:364)
	at com.kms.katalon.core.main.TestCaseExecutor.accessMainPhase(TestCaseExecutor.java:356)
	at com.kms.katalon.core.main.TestCaseExecutor.execute(TestCaseExecutor.java:251)
	at com.kms.katalon.core.main.TestSuiteExecutor.accessTestCaseMainPhase(TestSuiteExecutor.java:203)
	at com.kms.katalon.core.main.TestSuiteExecutor.accessTestSuiteMainPhase(TestSuiteExecutor.java:152)
	at com.kms.katalon.core.main.TestSuiteExecutor.execute(TestSuiteExecutor.java:95)
	at com.kms.katalon.core.main.TestCaseMain.startTestSuite(TestCaseMain.java:157)
	at com.kms.katalon.core.main.TestCaseMain$startTestSuite$0.call(Unknown Source)
	at TempTestSuite1612372552149.run(TempTestSuite1612372552149.groovy:39)
Caused by: com.kms.katalon.core.exception.StepFailedException: Web element with id: 'Object Repository/SubmissionPage/Submission_SearchIcon' located by '//*[@class='img-search']' not found
	at com.kms.katalon.core.webui.keyword.internal.WebUIKeywordMain.stepFailed(WebUIKeywordMain.groovy:64)
	at com.kms.katalon.core.webui.keyword.builtin.VerifyElementVisibleKeyword$_verifyElementVisible_closure1.doCall(VerifyElementVisibleKeyword.groovy:89)
	at com.kms.katalon.core.webui.keyword.builtin.VerifyElementVisibleKeyword$_verifyElementVisible_closure1.call(VerifyElementVisibleKeyword.groovy)
	at com.kms.katalon.core.webui.keyword.internal.WebUIKeywordMain.runKeyword(WebUIKeywordMain.groovy:20)
	... 19 more
)
[[ATTACHMENT|C:\\Users\\araha\\Katalon Studio\\InspectAutomation\\Reports\\20210203_224552\\LogIn_RigisterUserAndForgotPwd_Module\\Suite_LogIn_RigisterUserAndForgotPwd_Module\\20210203_224552\\1612374260287.png]]]]></system-out>
         <system-err><![CDATA[2021-02-03 23:11:09 - [TEST_CASE][FAILED] - Test Cases/TC_RigisterUser/RigisterUserTCs/CSP-T13_1.0_As Registered User, I want to verify that i can upload file successfully with the maximum allowed size: Test Cases/TC_RigisterUser/RigisterUserTCs/CSP-T13_1.0_As Registered User, I want to verify that i can upload file successfully with the maximum allowed size FAILED.
Reason:
com.kms.katalon.core.exception.StepFailedException: Unable to verify object 'Object Repository/SubmissionPage/Submission_SearchIcon' is visible
	at com.kms.katalon.core.webui.keyword.internal.WebUIKeywordMain.stepFailed(WebUIKeywordMain.groovy:64)
	at com.kms.katalon.core.webui.keyword.internal.WebUIKeywordMain.runKeyword(WebUIKeywordMain.groovy:26)
	at com.kms.katalon.core.webui.keyword.builtin.VerifyElementVisibleKeyword.verifyElementVisible(VerifyElementVisibleKeyword.groovy:97)
	at com.kms.katalon.core.webui.keyword.builtin.VerifyElementVisibleKeyword.execute(VerifyElementVisibleKeyword.groovy:67)
	at com.kms.katalon.core.keyword.internal.KeywordExecutor.executeKeywordForPlatform(KeywordExecutor.groovy:73)
	at com.kms.katalon.core.webui.keyword.WebUiBuiltInKeywords.verifyElementVisible(WebUiBuiltInKeywords.groovy:373)
	at com.kms.katalon.core.webui.keyword.WebUiBuiltInKeywords$verifyElementVisible$11.call(Unknown Source)
	at CSP-T13_1.0_As Registered User, I want to verify that i can upload file successfully with the maximum allowed size.run(CSP-T13_1.0_As Registered User, I want to verify that i can upload file successfully with the maximum allowed size:78)
	at com.kms.katalon.core.main.ScriptEngine.run(ScriptEngine.java:194)
	at com.kms.katalon.core.main.ScriptEngine.runScriptAsRawText(ScriptEngine.java:119)
	at com.kms.katalon.core.main.TestCaseExecutor.runScript(TestCaseExecutor.java:394)
	at com.kms.katalon.core.main.TestCaseExecutor.doExecute(TestCaseExecutor.java:385)
	at com.kms.katalon.core.main.TestCaseExecutor.processExecutionPhase(TestCaseExecutor.java:364)
	at com.kms.katalon.core.main.TestCaseExecutor.accessMainPhase(TestCaseExecutor.java:356)
	at com.kms.katalon.core.main.TestCaseExecutor.execute(TestCaseExecutor.java:251)
	at com.kms.katalon.core.main.TestSuiteExecutor.accessTestCaseMainPhase(TestSuiteExecutor.java:203)
	at com.kms.katalon.core.main.TestSuiteExecutor.accessTestSuiteMainPhase(TestSuiteExecutor.java:152)
	at com.kms.katalon.core.main.TestSuiteExecutor.execute(TestSuiteExecutor.java:95)
	at com.kms.katalon.core.main.TestCaseMain.startTestSuite(TestCaseMain.java:157)
	at com.kms.katalon.core.main.TestCaseMain$startTestSuite$0.call(Unknown Source)
	at TempTestSuite1612372552149.run(TempTestSuite1612372552149.groovy:39)
Caused by: com.kms.katalon.core.exception.StepFailedException: Web element with id: 'Object Repository/SubmissionPage/Submission_SearchIcon' located by '//*[@class='img-search']' not found
	at com.kms.katalon.core.webui.keyword.internal.WebUIKeywordMain.stepFailed(WebUIKeywordMain.groovy:64)
	at com.kms.katalon.core.webui.keyword.builtin.VerifyElementVisibleKeyword$_verifyElementVisible_closure1.doCall(VerifyElementVisibleKeyword.groovy:89)
	at com.kms.katalon.core.webui.keyword.builtin.VerifyElementVisibleKeyword$_verifyElementVisible_closure1.call(VerifyElementVisibleKeyword.groovy)
	at com.kms.katalon.core.webui.keyword.internal.WebUIKeywordMain.runKeyword(WebUIKeywordMain.groovy:20)
	... 19 more]]></system-err>
      </testcase>
      <system-out><![CDATA[2021-02-03 22:46:03 - [TEST_SUITE][FAILED] - Suite_LogIn_RigisterUserAndForgotPwd_Module: Test Cases/TC_Login_RigisterUserAndForgotYourPassword/BasicTCs/TC_LoginUserWithValidCredentialsAndVerifyLoginSucss FAILED.
Reason:
com.kms.katalon.core.exception.StepFailedException: Call Test Case 'Test Cases/TC_Login_RigisterUserAndForgotYourPassword/CommanTCs/TC_LoginToBrowserAsAdmin' failed
	at com.kms.katalon.core.keyword.builtin.CallTestCaseKeyword$_callTestCase_closure1.doCall(CallTestCaseKeyword.groovy:63)
	at com.kms.katalon.core.keyword.builtin.CallTestCaseKeyword$_callTestCase_closure1.call(CallTestCaseKeyword.groovy)
	at com.kms.katalon.core.keyword.internal.KeywordMain.runKeyword(KeywordMain.groovy:68)
	at com.kms.katalon.core.keyword.builtin.CallTestCaseKeyword.callTestCase(CallTestCaseKeyword.groovy:81)
	at com.kms.katalon.core.keyword.builtin.CallTestCaseKeyword.execute(CallTestCaseKeyword.groovy:44)
	at com.kms.katalon.core.keyword.internal.KeywordExecutor.executeKeywordForPlatform(KeywordExecutor.groovy:73)
	at com.kms.katalon.core.keyword.BuiltinKeywords.callTestCase(BuiltinKeywords.groovy:350)
	at TC_LoginUserWithValidCredentialsAndVerifyLoginSucss.run(TC_LoginUserWithValidCredentialsAndVerifyLoginSucss:18)
	at com.kms.katalon.core.main.ScriptEngine.run(ScriptEngine.java:194)
	at com.kms.katalon.core.main.ScriptEngine.runScriptAsRawText(ScriptEngine.java:119)
	at com.kms.katalon.core.main.TestCaseExecutor.runScript(TestCaseExecutor.java:394)
	at com.kms.katalon.core.main.TestCaseExecutor.doExecute(TestCaseExecutor.java:385)
	at com.kms.katalon.core.main.TestCaseExecutor.processExecutionPhase(TestCaseExecutor.java:364)
	at com.kms.katalon.core.main.TestCaseExecutor.accessMainPhase(TestCaseExecutor.java:356)
	at com.kms.katalon.core.main.TestCaseExecutor.execute(TestCaseExecutor.java:251)
	at com.kms.katalon.core.main.TestSuiteExecutor.accessTestCaseMainPhase(TestSuiteExecutor.java:203)
	at com.kms.katalon.core.main.TestSuiteExecutor.accessTestSuiteMainPhase(TestSuiteExecutor.java:152)
	at com.kms.katalon.core.main.TestSuiteExecutor.execute(TestSuiteExecutor.java:95)
	at com.kms.katalon.core.main.TestCaseMain.startTestSuite(TestCaseMain.java:157)
	at com.kms.katalon.core.main.TestCaseMain$startTestSuite$0.call(Unknown Source)
	at TempTestSuite1612372552149.run(TempTestSuite1612372552149.groovy:39)
Caused by: com.kms.katalon.core.exception.StepFailedException: Unable to send keys '0' to object 'Object Repository/LoginAndRigisterUser/otpOne'
	at com.kms.katalon.core.webui.keyword.internal.WebUIKeywordMain.stepFailed(WebUIKeywordMain.groovy:64)
	at com.kms.katalon.core.webui.keyword.internal.WebUIKeywordMain.runKeyword(WebUIKeywordMain.groovy:26)
	at com.kms.katalon.core.webui.keyword.builtin.SendKeysKeyword.sendKeys(SendKeysKeyword.groovy:60)
	at com.kms.katalon.core.webui.keyword.builtin.SendKeysKeyword.execute(SendKeysKeyword.groovy:38)
	at com.kms.katalon.core.keyword.internal.KeywordExecutor.executeKeywordForPlatform(KeywordExecutor.groovy:73)
	at com.kms.katalon.core.webui.keyword.WebUiBuiltInKeywords.sendKeys(WebUiBuiltInKeywords.groovy:861)
	at com.kms.katalon.core.webui.keyword.WebUiBuiltInKeywords$sendKeys$4.call(Unknown Source)
	at customKeywords.commanFunctions.otpLogin(commanFunctions.groovy:74)
	at customKeywords.commanFunctions.invokeMethod(commanFunctions.groovy)
	at com.kms.katalon.core.main.CustomKeywordDelegatingMetaClass.invokeStaticMethod(CustomKeywordDelegatingMetaClass.java:50)
	at TC_LoginToBrowserAsAdmin.run(TC_LoginToBrowserAsAdmin:29)
	at com.kms.katalon.core.main.ScriptEngine.run(ScriptEngine.java:194)
	at com.kms.katalon.core.main.ScriptEngine.runScriptAsRawText(ScriptEngine.java:119)
	at com.kms.katalon.core.main.TestCaseExecutor.runScript(TestCaseExecutor.java:394)
	at com.kms.katalon.core.main.TestCaseExecutor.doExecute(TestCaseExecutor.java:385)
	at com.kms.katalon.core.main.TestCaseExecutor.processExecutionPhase(TestCaseExecutor.java:364)
	at com.kms.katalon.core.main.TestCaseExecutor.accessMainPhase(TestCaseExecutor.java:356)
	at com.kms.katalon.core.main.TestCaseExecutor.execute(TestCaseExecutor.java:251)
	at com.kms.katalon.core.main.TestCaseMain.runTestCase(TestCaseMain.java:114)
	at com.kms.katalon.core.keyword.builtin.CallTestCaseKeyword$_callTestCase_closure1.doCall(CallTestCaseKeyword.groovy:59)
	... 20 more
Caused by: com.kms.katalon.core.webui.exception.WebElementNotFoundException: Web element with id: 'Object Repository/LoginAndRigisterUser/otpOne' located by '//*[@formcontrolname='otp_1']//*[@autofocus='autofocus']' not found
	at com.kms.katalon.core.webui.common.WebUiCommonHelper.findWebElement(WebUiCommonHelper.java:1369)
	at com.kms.katalon.core.webui.keyword.internal.WebUIAbstractKeyword.findWebElement(WebUIAbstractKeyword.groovy:27)
	at com.kms.katalon.core.webui.keyword.internal.WebUIAbstractKeyword.findWebElement(WebUIAbstractKeyword.groovy:26)
	at com.kms.katalon.core.webui.keyword.builtin.SendKeysKeyword$_sendKeys_closure1.doCall(SendKeysKeyword.groovy:52)
	at com.kms.katalon.core.webui.keyword.builtin.SendKeysKeyword$_sendKeys_closure1.call(SendKeysKeyword.groovy)
	at com.kms.katalon.core.webui.keyword.internal.WebUIKeywordMain.runKeyword(WebUIKeywordMain.groovy:20)
	... 38 more]]></system-out>
      <system-err><![CDATA[2021-02-03 22:46:03 - [TEST_SUITE][FAILED] - Suite_LogIn_RigisterUserAndForgotPwd_Module: Test Cases/TC_Login_RigisterUserAndForgotYourPassword/BasicTCs/TC_LoginUserWithValidCredentialsAndVerifyLoginSucss FAILED.
Reason:
com.kms.katalon.core.exception.StepFailedException: Call Test Case 'Test Cases/TC_Login_RigisterUserAndForgotYourPassword/CommanTCs/TC_LoginToBrowserAsAdmin' failed
	at com.kms.katalon.core.keyword.builtin.CallTestCaseKeyword$_callTestCase_closure1.doCall(CallTestCaseKeyword.groovy:63)
	at com.kms.katalon.core.keyword.builtin.CallTestCaseKeyword$_callTestCase_closure1.call(CallTestCaseKeyword.groovy)
	at com.kms.katalon.core.keyword.internal.KeywordMain.runKeyword(KeywordMain.groovy:68)
	at com.kms.katalon.core.keyword.builtin.CallTestCaseKeyword.callTestCase(CallTestCaseKeyword.groovy:81)
	at com.kms.katalon.core.keyword.builtin.CallTestCaseKeyword.execute(CallTestCaseKeyword.groovy:44)
	at com.kms.katalon.core.keyword.internal.KeywordExecutor.executeKeywordForPlatform(KeywordExecutor.groovy:73)
	at com.kms.katalon.core.keyword.BuiltinKeywords.callTestCase(BuiltinKeywords.groovy:350)
	at TC_LoginUserWithValidCredentialsAndVerifyLoginSucss.run(TC_LoginUserWithValidCredentialsAndVerifyLoginSucss:18)
	at com.kms.katalon.core.main.ScriptEngine.run(ScriptEngine.java:194)
	at com.kms.katalon.core.main.ScriptEngine.runScriptAsRawText(ScriptEngine.java:119)
	at com.kms.katalon.core.main.TestCaseExecutor.runScript(TestCaseExecutor.java:394)
	at com.kms.katalon.core.main.TestCaseExecutor.doExecute(TestCaseExecutor.java:385)
	at com.kms.katalon.core.main.TestCaseExecutor.processExecutionPhase(TestCaseExecutor.java:364)
	at com.kms.katalon.core.main.TestCaseExecutor.accessMainPhase(TestCaseExecutor.java:356)
	at com.kms.katalon.core.main.TestCaseExecutor.execute(TestCaseExecutor.java:251)
	at com.kms.katalon.core.main.TestSuiteExecutor.accessTestCaseMainPhase(TestSuiteExecutor.java:203)
	at com.kms.katalon.core.main.TestSuiteExecutor.accessTestSuiteMainPhase(TestSuiteExecutor.java:152)
	at com.kms.katalon.core.main.TestSuiteExecutor.execute(TestSuiteExecutor.java:95)
	at com.kms.katalon.core.main.TestCaseMain.startTestSuite(TestCaseMain.java:157)
	at com.kms.katalon.core.main.TestCaseMain$startTestSuite$0.call(Unknown Source)
	at TempTestSuite1612372552149.run(TempTestSuite1612372552149.groovy:39)
Caused by: com.kms.katalon.core.exception.StepFailedException: Unable to send keys '0' to object 'Object Repository/LoginAndRigisterUser/otpOne'
	at com.kms.katalon.core.webui.keyword.internal.WebUIKeywordMain.stepFailed(WebUIKeywordMain.groovy:64)
	at com.kms.katalon.core.webui.keyword.internal.WebUIKeywordMain.runKeyword(WebUIKeywordMain.groovy:26)
	at com.kms.katalon.core.webui.keyword.builtin.SendKeysKeyword.sendKeys(SendKeysKeyword.groovy:60)
	at com.kms.katalon.core.webui.keyword.builtin.SendKeysKeyword.execute(SendKeysKeyword.groovy:38)
	at com.kms.katalon.core.keyword.internal.KeywordExecutor.executeKeywordForPlatform(KeywordExecutor.groovy:73)
	at com.kms.katalon.core.webui.keyword.WebUiBuiltInKeywords.sendKeys(WebUiBuiltInKeywords.groovy:861)
	at com.kms.katalon.core.webui.keyword.WebUiBuiltInKeywords$sendKeys$4.call(Unknown Source)
	at customKeywords.commanFunctions.otpLogin(commanFunctions.groovy:74)
	at customKeywords.commanFunctions.invokeMethod(commanFunctions.groovy)
	at com.kms.katalon.core.main.CustomKeywordDelegatingMetaClass.invokeStaticMethod(CustomKeywordDelegatingMetaClass.java:50)
	at TC_LoginToBrowserAsAdmin.run(TC_LoginToBrowserAsAdmin:29)
	at com.kms.katalon.core.main.ScriptEngine.run(ScriptEngine.java:194)
	at com.kms.katalon.core.main.ScriptEngine.runScriptAsRawText(ScriptEngine.java:119)
	at com.kms.katalon.core.main.TestCaseExecutor.runScript(TestCaseExecutor.java:394)
	at com.kms.katalon.core.main.TestCaseExecutor.doExecute(TestCaseExecutor.java:385)
	at com.kms.katalon.core.main.TestCaseExecutor.processExecutionPhase(TestCaseExecutor.java:364)
	at com.kms.katalon.core.main.TestCaseExecutor.accessMainPhase(TestCaseExecutor.java:356)
	at com.kms.katalon.core.main.TestCaseExecutor.execute(TestCaseExecutor.java:251)
	at com.kms.katalon.core.main.TestCaseMain.runTestCase(TestCaseMain.java:114)
	at com.kms.katalon.core.keyword.builtin.CallTestCaseKeyword$_callTestCase_closure1.doCall(CallTestCaseKeyword.groovy:59)
	... 20 more
Caused by: com.kms.katalon.core.webui.exception.WebElementNotFoundException: Web element with id: 'Object Repository/LoginAndRigisterUser/otpOne' located by '//*[@formcontrolname='otp_1']//*[@autofocus='autofocus']' not found
	at com.kms.katalon.core.webui.common.WebUiCommonHelper.findWebElement(WebUiCommonHelper.java:1369)
	at com.kms.katalon.core.webui.keyword.internal.WebUIAbstractKeyword.findWebElement(WebUIAbstractKeyword.groovy:27)
	at com.kms.katalon.core.webui.keyword.internal.WebUIAbstractKeyword.findWebElement(WebUIAbstractKeyword.groovy:26)
	at com.kms.katalon.core.webui.keyword.builtin.SendKeysKeyword$_sendKeys_closure1.doCall(SendKeysKeyword.groovy:52)
	at com.kms.katalon.core.webui.keyword.builtin.SendKeysKeyword$_sendKeys_closure1.call(SendKeysKeyword.groovy)
	at com.kms.katalon.core.webui.keyword.internal.WebUIKeywordMain.runKeyword(WebUIKeywordMain.groovy:20)
	... 38 more]]></system-err>
   </testsuite>
</testsuites>
